#
# There is insufficient memory for the Java Runtime Environment to continue.
# Native memory allocation (mmap) failed to map 262144000 bytes for G1 virtual space
# Possible reasons:
#   The system is out of physical RAM or swap space
#   The process is running with CompressedOops enabled, and the Java Heap may be blocking the growth of the native heap
# Possible solutions:
#   Reduce memory load on the system
#   Increase physical memory or swap space
#   Check if swap backing store is full
#   Decrease Java heap size (-Xmx/-Xms)
#   Decrease number of Java threads
#   Decrease Java thread stack sizes (-Xss)
#   Set larger code cache with -XX:ReservedCodeCacheSize=
#   JVM is running with Zero Based Compressed Oops mode in which the Java heap is
#     placed in the first 32GB address space. The Java Heap base address is the
#     maximum limit for the native heap growth. Please use -XX:HeapBaseMinAddress
#     to set the Java Heap base and to place the Java Heap above 32GB virtual address.
# This output file may be truncated or incomplete.
#
#  Out of Memory Error (os_windows.cpp:3825), pid=14320, tid=23292
#
# JRE version:  (17.0.10) (build )
# Java VM: OpenJDK 64-Bit Server VM (17.0.10+0--11572160, mixed mode, sharing, tiered, compressed oops, compressed class ptrs, g1 gc, windows-amd64)
# No core dump will be written. Minidumps are not enabled by default on client versions of Windows
#

---------------  S U M M A R Y ------------

Command Line: git4idea.http.GitAskPassApp Username for 'https://github.com': 

Host: 12th Gen Intel(R) Core(TM) i5-1240P, 16 cores, 15G,  Windows 11 , 64 bit Build 22621 (10.0.22621.3374)
Time: Sat Mar 30 17:32:49 2024 India Standard Time elapsed time: 0.017710 seconds (0d 0h 0m 0s)

---------------  T H R E A D  ---------------

Current thread (0x0000022de7dab120):  JavaThread "Unknown thread" [_thread_in_vm, id=23292, stack(0x000000afbd600000,0x000000afbd700000)]

Stack: [0x000000afbd600000,0x000000afbd700000]
Native frames: (J=compiled Java code, j=interpreted, Vv=VM code, C=native code)
V  [jvm.dll+0x688e89]
V  [jvm.dll+0x84247a]
V  [jvm.dll+0x8440be]
V  [jvm.dll+0x844723]
V  [jvm.dll+0x24be0f]
V  [jvm.dll+0x685c59]
V  [jvm.dll+0x67a50a]
V  [jvm.dll+0x30cbab]
V  [jvm.dll+0x314056]
V  [jvm.dll+0x363dce]
V  [jvm.dll+0x363fff]
V  [jvm.dll+0x2e2978]
V  [jvm.dll+0x2e38e4]
V  [jvm.dll+0x813011]
V  [jvm.dll+0x371c81]
V  [jvm.dll+0x7f1b66]
V  [jvm.dll+0x3f58df]
V  [jvm.dll+0x3f7511]
C  [jli.dll+0x528f]
C  [ucrtbase.dll+0x29333]
C  [KERNEL32.DLL+0x1257d]
C  [ntdll.dll+0x5aa48]


---------------  P R O C E S S  ---------------

Threads class SMR info:
_java_thread_list=0x00007ffb2037ef58, length=0, elements={
}

Java Threads: ( => current thread )

Other Threads:
  0x0000022de7e16f50 GCTaskThread "GC Thread#0" [stack: 0x000000afbd700000,0x000000afbd800000] [id=8596]
  0x0000022de7e278a0 ConcurrentGCThread "G1 Main Marker" [stack: 0x000000afbd800000,0x000000afbd900000] [id=10860]
  0x0000022de7e282c0 ConcurrentGCThread "G1 Conc#0" [stack: 0x000000afbd900000,0x000000afbda00000] [id=9112]

[error occurred during error reporting (printing all threads), id 0xc0000005, EXCEPTION_ACCESS_VIOLATION (0xc0000005) at pc=0x00007ffb1fb33547]

VM state: not at safepoint (not fully initialized)

VM Mutex/Monitor currently owned by a thread:  ([mutex/lock_event])
[0x0000022de7da74f0] Heap_lock - owner thread: 0x0000022de7dab120

Heap address: 0x0000000706000000, size: 4000 MB, Compressed Oops mode: Zero based, Oop shift amount: 3

CDS archive(s) mapped at: [0x0000000000000000-0x0000000000000000-0x0000000000000000), size 0, SharedBaseAddress: 0x0000000800000000, ArchiveRelocationMode: 1.
Narrow klass base: 0x0000000000000000, Narrow klass shift: 0, Narrow klass range: 0x0

GC Precious Log:
<Empty>

Heap:
 garbage-first heap   total 0K, used 0K [0x0000000706000000, 0x0000000800000000)
  region size 2048K, 0 young (0K), 0 survivors (0K)
 Metaspace       used 0K, committed 0K, reserved 0K
  class space    used 0K, committed 0K, reserved 0K

Heap Regions: E=young(eden), S=young(survivor), O=old, HS=humongous(starts), HC=humongous(continues), CS=collection set, F=free, OA=open archive, CA=closed archive, TAMS=top-at-mark-start (previous, next)

Card table byte_map: [0x0000022dfb2d0000,0x0000022dfbaa0000] _byte_map_base: 0x0000022df7aa0000

Marking Bits (Prev, Next): (CMBitMap*) 0x0000022de7e17570, (CMBitMap*) 0x0000022de7e175b0
 Prev Bits: [0x0000022d80000000, 0x0000022d83e80000)
 Next Bits: [0x0000022d83e80000, 0x0000022d87d00000)

GC Heap History (0 events):
No events

Dll operation events (1 events):
Event: 0.011 Loaded shared library C:\Program Files\Android\Android Studio\jbr\bin\java.dll

Deoptimization events (0 events):
No events

Classes unloaded (0 events):
No events

Classes redefined (0 events):
No events

Internal exceptions (0 events):
No events

VM Operations (0 events):
No events

Events (0 events):
No events


Dynamic libraries:
0x00007ff698d70000 - 0x00007ff698d7a000 	C:\Program Files\Android\Android Studio\jbr\bin\java.exe
0x00007ffbf0b90000 - 0x00007ffbf0da6000 	C:\WINDOWS\SYSTEM32\ntdll.dll
0x00007ffbf0070000 - 0x00007ffbf0134000 	C:\WINDOWS\System32\KERNEL32.DLL
0x00007ffbedeb0000 - 0x00007ffbee257000 	C:\WINDOWS\System32\KERNELBASE.dll
0x00007ffbee570000 - 0x00007ffbee681000 	C:\WINDOWS\System32\ucrtbase.dll
0x00007ffbd2f90000 - 0x00007ffbd2fa7000 	C:\Program Files\Android\Android Studio\jbr\bin\jli.dll
0x00007ffbe58f0000 - 0x00007ffbe590b000 	C:\Program Files\Android\Android Studio\jbr\bin\VCRUNTIME140.dll
0x00007ffbeeef0000 - 0x00007ffbef09e000 	C:\WINDOWS\System32\USER32.dll
0x00007ffbee400000 - 0x00007ffbee426000 	C:\WINDOWS\System32\win32u.dll
0x00007ffbcf090000 - 0x00007ffbcf323000 	C:\WINDOWS\WinSxS\amd64_microsoft.windows.common-controls_6595b64144ccf1df_6.0.22621.3235_none_270f74e173860f98\COMCTL32.dll
0x00007ffbf05c0000 - 0x00007ffbf05e9000 	C:\WINDOWS\System32\GDI32.dll
0x00007ffbf07b0000 - 0x00007ffbf0857000 	C:\WINDOWS\System32\msvcrt.dll
0x00007ffbee2e0000 - 0x00007ffbee3f9000 	C:\WINDOWS\System32\gdi32full.dll
0x00007ffbee430000 - 0x00007ffbee4ca000 	C:\WINDOWS\System32\msvcp_win.dll
0x00007ffbee8c0000 - 0x00007ffbee8f1000 	C:\WINDOWS\System32\IMM32.DLL
0x00007ffbe7e90000 - 0x00007ffbe7e9c000 	C:\Program Files\Android\Android Studio\jbr\bin\vcruntime140_1.dll
0x00007ffbd3ec0000 - 0x00007ffbd3f4d000 	C:\Program Files\Android\Android Studio\jbr\bin\msvcp140.dll
0x00007ffb1f840000 - 0x00007ffb204c3000 	C:\Program Files\Android\Android Studio\jbr\bin\server\jvm.dll
0x00007ffbefe40000 - 0x00007ffbefef2000 	C:\WINDOWS\System32\ADVAPI32.dll
0x00007ffbf0a30000 - 0x00007ffbf0ad8000 	C:\WINDOWS\System32\sechost.dll
0x00007ffbee540000 - 0x00007ffbee568000 	C:\WINDOWS\System32\bcrypt.dll
0x00007ffbee950000 - 0x00007ffbeea65000 	C:\WINDOWS\System32\RPCRT4.dll
0x00007ffbecd30000 - 0x00007ffbecd7d000 	C:\WINDOWS\SYSTEM32\POWRPROF.dll
0x00007ffbe74f0000 - 0x00007ffbe74f9000 	C:\WINDOWS\SYSTEM32\WSOCK32.dll
0x00007ffbe19a0000 - 0x00007ffbe19d4000 	C:\WINDOWS\SYSTEM32\WINMM.dll
0x00007ffbeffe0000 - 0x00007ffbf0051000 	C:\WINDOWS\System32\WS2_32.dll
0x00007ffbcc010000 - 0x00007ffbcc01a000 	C:\WINDOWS\SYSTEM32\VERSION.dll
0x00007ffbecd10000 - 0x00007ffbecd23000 	C:\WINDOWS\SYSTEM32\UMPDC.dll
0x00007ffbecfc0000 - 0x00007ffbecfd8000 	C:\WINDOWS\SYSTEM32\kernel.appcore.dll
0x00007ffbe6020000 - 0x00007ffbe602a000 	C:\Program Files\Android\Android Studio\jbr\bin\jimage.dll
0x00007ffbeb4a0000 - 0x00007ffbeb6d3000 	C:\WINDOWS\SYSTEM32\DBGHELP.DLL
0x00007ffbefab0000 - 0x00007ffbefe38000 	C:\WINDOWS\System32\combase.dll
0x00007ffbeff00000 - 0x00007ffbeffd7000 	C:\WINDOWS\System32\OLEAUT32.dll
0x00007ffbbe730000 - 0x00007ffbbe762000 	C:\WINDOWS\SYSTEM32\dbgcore.DLL
0x00007ffbee260000 - 0x00007ffbee2d9000 	C:\WINDOWS\System32\bcryptPrimitives.dll
0x00007ffbe49c0000 - 0x00007ffbe49e5000 	C:\Program Files\Android\Android Studio\jbr\bin\java.dll

dbghelp: loaded successfully - version: 4.0.5 - missing functions: none
symbol engine: initialized successfully - sym options: 0x614 - pdb path: .;C:\Program Files\Android\Android Studio\jbr\bin;C:\WINDOWS\SYSTEM32;C:\WINDOWS\WinSxS\amd64_microsoft.windows.common-controls_6595b64144ccf1df_6.0.22621.3235_none_270f74e173860f98;C:\Program Files\Android\Android Studio\jbr\bin\server

VM Arguments:
java_command: git4idea.http.GitAskPassApp Username for 'https://github.com': 
java_class_path (initial): C:/Program Files/Android/Android Studio/plugins/vcs-git/lib/git4idea-rt.jar;C:/Program Files/Android/Android Studio/lib/externalProcess-rt.jar
Launcher Type: SUN_STANDARD

[Global flags]
     intx CICompilerCount                          = 12                                        {product} {ergonomic}
     uint ConcGCThreads                            = 3                                         {product} {ergonomic}
     uint G1ConcRefinementThreads                  = 13                                        {product} {ergonomic}
   size_t G1HeapRegionSize                         = 2097152                                   {product} {ergonomic}
    uintx GCDrainStackTargetSize                   = 64                                        {product} {ergonomic}
   size_t InitialHeapSize                          = 262144000                                 {product} {ergonomic}
   size_t MarkStackSize                            = 4194304                                   {product} {ergonomic}
   size_t MaxHeapSize                              = 4194304000                                {product} {ergonomic}
   size_t MinHeapDeltaBytes                        = 2097152                                   {product} {ergonomic}
   size_t MinHeapSize                              = 8388608                                   {product} {ergonomic}
    uintx NonNMethodCodeHeapSize                   = 7602480                                {pd product} {ergonomic}
    uintx NonProfiledCodeHeapSize                  = 122027880                              {pd product} {ergonomic}
    uintx ProfiledCodeHeapSize                     = 122027880                              {pd product} {ergonomic}
    uintx ReservedCodeCacheSize                    = 251658240                              {pd product} {ergonomic}
     bool SegmentedCodeCache                       = true                                      {product} {ergonomic}
   size_t SoftMaxHeapSize                          = 4194304000                             {manageable} {ergonomic}
     bool UseCompressedClassPointers               = true                           {product lp64_product} {ergonomic}
     bool UseCompressedOops                        = true                           {product lp64_product} {ergonomic}
     bool UseG1GC                                  = true                                      {product} {ergonomic}
     bool UseLargePagesIndividualAllocation        = false                                  {pd product} {ergonomic}

Logging:
Log output configuration:
 #0: stdout all=warning uptime,level,tags
 #1: stderr all=off uptime,level,tags

Environment Variables:
PATH=C:\Program Files\Git\mingw64\libexec\git-core;C:\Program Files\Git\mingw64\libexec\git-core;C:\Program Files\Git\mingw64\bin;C:\Program Files\Git\usr\bin;C:\Users\Aditya\bin;C:\Program Files\Common Files\Oracle\Java\javapath;C:\WINDOWS\system32;C:\WINDOWS;C:\WINDOWS\System32\Wbem;C:\WINDOWS\System32\WindowsPowerShell\v1.0;C:\WINDOWS\System32\OpenSSH;C:\MinGW\bin;C:\Program Files\Microsoft SQL Server\150\Tools\Binn;C:\Program Files (x86)\Microsoft SQL Server\100\Tools\Binn;C:\Program Files\Microsoft SQL Server\100\Tools\Binn;C:\Program Files\Microsoft SQL Server\100\DTS\Binn;C:\Program Files\dotnet;C:\Program Files\nodejs;C:\Program Files\Git\cmd;C:\Program Files\Git\mingw64\bin;C:\Program Files\Git\usr\bin;C:\Program Files\Cloudflare\Cloudflare WARP;C:\Users\Aditya\AppData\Local\Microsoft\WindowsApps;C:\Users\Aditya\AppData\Local\Programs\Microsoft VS Code\bin;C:\Program Files\JetBrains\IntelliJ IDEA Community Edition 2023.1.3\bin;C:\MinGW\bin;C:\Users\Aditya\.dotnet\tools;C:\Users\Aditya\AppData\Roaming\npm;C:\Users\Aditya\AppData\Local\GitHubDesktop\bin
USERNAME=Aditya
DISPLAY=:0.0
LC_ALL=en_US.UTF-8
TERM=xterm-256color
TMPDIR=C:\Users\Aditya\AppData\Local\Temp
OS=Windows_NT
PROCESSOR_IDENTIFIER=Intel64 Family 6 Model 154 Stepping 3, GenuineIntel
TMP=C:\Users\Aditya\AppData\Local\Temp
TEMP=C:\Users\Aditya\AppData\Local\Temp



Periodic native trim disabled

JNI global refs:
JNI global refs: 0, weak refs: 0

JNI global refs memory usage: 0, weak refs: 0

OOME stack traces (most recent first):
Classloader memory used:


---------------  S Y S T E M  ---------------

OS:
 Windows 11 , 64 bit Build 22621 (10.0.22621.3374)
OS uptime: 0 days 1:56 hours
Hyper-V role detected

CPU: total 16 (initial active 16) (8 cores per cpu, 2 threads per core) family 6 model 154 stepping 3 microcode 0x423, cx8, cmov, fxsr, ht, mmx, 3dnowpref, sse, sse2, sse3, ssse3, sse4.1, sse4.2, popcnt, lzcnt, tsc, tscinvbit, avx, avx2, aes, erms, clmul, bmi1, bmi2, adx, sha, fma, vzeroupper, clflush, clflushopt, clwb, hv
Processor Information for processor 0
  Max Mhz: 2100, Current Mhz: 1776, Mhz Limit: 1764
Processor Information for processor 1
  Max Mhz: 2100, Current Mhz: 1776, Mhz Limit: 1764
Processor Information for processor 2
  Max Mhz: 2100, Current Mhz: 1776, Mhz Limit: 1764
Processor Information for processor 3
  Max Mhz: 2100, Current Mhz: 1776, Mhz Limit: 1764
Processor Information for processor 4
  Max Mhz: 2100, Current Mhz: 1776, Mhz Limit: 1764
Processor Information for processor 5
  Max Mhz: 2100, Current Mhz: 1776, Mhz Limit: 1764
Processor Information for processor 6
  Max Mhz: 2100, Current Mhz: 1453, Mhz Limit: 1764
Processor Information for processor 7
  Max Mhz: 2100, Current Mhz: 1776, Mhz Limit: 1764
Processor Information for processor 8
  Max Mhz: 2100, Current Mhz: 1200, Mhz Limit: 1197
Processor Information for processor 9
  Max Mhz: 2100, Current Mhz: 1200, Mhz Limit: 1197
Processor Information for processor 10
  Max Mhz: 2100, Current Mhz: 1200, Mhz Limit: 1197
Processor Information for processor 11
  Max Mhz: 2100, Current Mhz: 1200, Mhz Limit: 1197
Processor Information for processor 12
  Max Mhz: 2100, Current Mhz: 1200, Mhz Limit: 1197
Processor Information for processor 13
  Max Mhz: 2100, Current Mhz: 1200, Mhz Limit: 1197
Processor Information for processor 14
  Max Mhz: 2100, Current Mhz: 1200, Mhz Limit: 1197
Processor Information for processor 15
  Max Mhz: 2100, Current Mhz: 1200, Mhz Limit: 1197

Memory: 4k page, system-wide physical 15996M (2946M free)
TotalPageFile size 15996M (AvailPageFile size 113M)
current process WorkingSet (physical memory assigned to process): 11M, peak: 11M
current process commit charge ("private bytes"): 70M, peak: 320M

vm_info: OpenJDK 64-Bit Server VM (17.0.10+0--11572160) for windows-amd64 JRE (17.0.10+0--11572160), built on Mar 13 2024 23:56:38 by "androidbuild" with MS VC++ 16.10 / 16.11 (VS2019)

END.
