#
# There is insufficient memory for the Java Runtime Environment to continue.
# Native memory allocation (mmap) failed to map 262144000 bytes for G1 virtual space
# Possible reasons:
#   The system is out of physical RAM or swap space
#   The process is running with CompressedOops enabled, and the Java Heap may be blocking the growth of the native heap
# Possible solutions:
#   Reduce memory load on the system
#   Increase physical memory or swap space
#   Check if swap backing store is full
#   Decrease Java heap size (-Xmx/-Xms)
#   Decrease number of Java threads
#   Decrease Java thread stack sizes (-Xss)
#   Set larger code cache with -XX:ReservedCodeCacheSize=
#   JVM is running with Zero Based Compressed Oops mode in which the Java heap is
#     placed in the first 32GB address space. The Java Heap base address is the
#     maximum limit for the native heap growth. Please use -XX:HeapBaseMinAddress
#     to set the Java Heap base and to place the Java Heap above 32GB virtual address.
# This output file may be truncated or incomplete.
#
#  Out of Memory Error (os_windows.cpp:3825), pid=12452, tid=4012
#
# JRE version:  (17.0.9) (build )
# Java VM: OpenJDK 64-Bit Server VM (17.0.9+0--11185874, mixed mode, sharing, tiered, compressed oops, compressed class ptrs, g1 gc, windows-amd64)
# No core dump will be written. Minidumps are not enabled by default on client versions of Windows
#

---------------  S U M M A R Y ------------

Command Line: git4idea.http.GitAskPassApp Username for 'https://github.com': 

Host: 12th Gen Intel(R) Core(TM) i5-1240P, 16 cores, 15G,  Windows 11 , 64 bit Build 22621 (10.0.22621.3235)
Time: Tue Mar 26 23:31:03 2024 India Standard Time elapsed time: 0.009421 seconds (0d 0h 0m 0s)

---------------  T H R E A D  ---------------

Current thread (0x000001fd34c2ced0):  JavaThread "Unknown thread" [_thread_in_vm, id=4012, stack(0x0000006cb3800000,0x0000006cb3900000)]

Stack: [0x0000006cb3800000,0x0000006cb3900000]
Native frames: (J=compiled Java code, j=interpreted, Vv=VM code, C=native code)
V  [jvm.dll+0x6886e9]
V  [jvm.dll+0x841e4a]
V  [jvm.dll+0x843a8e]
V  [jvm.dll+0x8440f3]
V  [jvm.dll+0x24c14f]
V  [jvm.dll+0x685499]
V  [jvm.dll+0x679c2a]
V  [jvm.dll+0x30cf9b]
V  [jvm.dll+0x314446]
V  [jvm.dll+0x36425e]
V  [jvm.dll+0x36448f]
V  [jvm.dll+0x2e2d68]
V  [jvm.dll+0x2e3cd4]
V  [jvm.dll+0x8129f1]
V  [jvm.dll+0x3720c1]
V  [jvm.dll+0x7f152c]
V  [jvm.dll+0x3f5d4f]
V  [jvm.dll+0x3f7981]
C  [jli.dll+0x528f]
C  [ucrtbase.dll+0x29363]
C  [KERNEL32.DLL+0x1257d]
C  [ntdll.dll+0x5aa58]


---------------  P R O C E S S  ---------------

Threads class SMR info:
_java_thread_list=0x00007ffff01def18, length=0, elements={
}

Java Threads: ( => current thread )

Other Threads:
  0x000001fd34c98480 GCTaskThread "GC Thread#0" [stack: 0x0000006cb3900000,0x0000006cb3a00000] [id=10204]
  0x000001fd34ca8ce0 ConcurrentGCThread "G1 Main Marker" [stack: 0x0000006cb3a00000,0x0000006cb3b00000] [id=11788]
  0x000001fd34ca9db0 ConcurrentGCThread "G1 Conc#0" [stack: 0x0000006cb3b00000,0x0000006cb3c00000] [id=14320]

[error occurred during error reporting (printing all threads), id 0xc0000005, EXCEPTION_ACCESS_VIOLATION (0xc0000005) at pc=0x00007fffef993937]

VM state: not at safepoint (not fully initialized)

VM Mutex/Monitor currently owned by a thread:  ([mutex/lock_event])
[0x000001fd34c28100] Heap_lock - owner thread: 0x000001fd34c2ced0

Heap address: 0x0000000706000000, size: 4000 MB, Compressed Oops mode: Zero based, Oop shift amount: 3

CDS archive(s) mapped at: [0x0000000000000000-0x0000000000000000-0x0000000000000000), size 0, SharedBaseAddress: 0x0000000800000000, ArchiveRelocationMode: 1.
Narrow klass base: 0x0000000000000000, Narrow klass shift: 0, Narrow klass range: 0x0

GC Precious Log:
<Empty>

Heap:
 garbage-first heap   total 0K, used 0K [0x0000000706000000, 0x0000000800000000)
  region size 2048K, 0 young (0K), 0 survivors (0K)
 Metaspace       used 0K, committed 0K, reserved 0K
  class space    used 0K, committed 0K, reserved 0K

Heap Regions: E=young(eden), S=young(survivor), O=old, HS=humongous(starts), HC=humongous(continues), CS=collection set, F=free, OA=open archive, CA=closed archive, TAMS=top-at-mark-start (previous, next)

Card table byte_map: [0x000001fd48150000,0x000001fd48920000] _byte_map_base: 0x000001fd44920000

Marking Bits (Prev, Next): (CMBitMap*) 0x000001fd34c989b0, (CMBitMap*) 0x000001fd34c989f0
 Prev Bits: [0x000001fd490f0000, 0x000001fd4cf70000)
 Next Bits: [0x000001fd4cf70000, 0x000001fd50df0000)

GC Heap History (0 events):
No events

Dll operation events (1 events):
Event: 0.005 Loaded shared library C:\Program Files\Android\Android Studio\jbr\bin\java.dll

Deoptimization events (0 events):
No events

Classes unloaded (0 events):
No events

Classes redefined (0 events):
No events

Internal exceptions (0 events):
No events

VM Operations (0 events):
No events

Events (0 events):
No events


Dynamic libraries:
0x00007ff6b2a90000 - 0x00007ff6b2a9a000 	C:\Program Files\Android\Android Studio\jbr\bin\java.exe
0x00007ff8917f0000 - 0x00007ff891a06000 	C:\WINDOWS\SYSTEM32\ntdll.dll
0x00007ff890900000 - 0x00007ff8909c4000 	C:\WINDOWS\System32\KERNEL32.DLL
0x00007ff88f030000 - 0x00007ff88f3d6000 	C:\WINDOWS\System32\KERNELBASE.dll
0x00007ff88ecd0000 - 0x00007ff88ede1000 	C:\WINDOWS\System32\ucrtbase.dll
0x00007ff85fb90000 - 0x00007ff85fba7000 	C:\Program Files\Android\Android Studio\jbr\bin\jli.dll
0x00007ff86fee0000 - 0x00007ff86fefb000 	C:\Program Files\Android\Android Studio\jbr\bin\VCRUNTIME140.dll
0x00007ff8915a0000 - 0x00007ff89174d000 	C:\WINDOWS\System32\USER32.dll
0x00007ff88eb30000 - 0x00007ff88eb56000 	C:\WINDOWS\System32\win32u.dll
0x00007ff875f30000 - 0x00007ff8761c3000 	C:\WINDOWS\WinSxS\amd64_microsoft.windows.common-controls_6595b64144ccf1df_6.0.22621.3235_none_270f74e173860f98\COMCTL32.dll
0x00007ff88f620000 - 0x00007ff88f649000 	C:\WINDOWS\System32\GDI32.dll
0x00007ff890b20000 - 0x00007ff890bc7000 	C:\WINDOWS\System32\msvcrt.dll
0x00007ff88edf0000 - 0x00007ff88ef08000 	C:\WINDOWS\System32\gdi32full.dll
0x00007ff88ef90000 - 0x00007ff88f02a000 	C:\WINDOWS\System32\msvcp_win.dll
0x00007ff891560000 - 0x00007ff891591000 	C:\WINDOWS\System32\IMM32.DLL
0x00007ff886e00000 - 0x00007ff886e0c000 	C:\Program Files\Android\Android Studio\jbr\bin\vcruntime140_1.dll
0x00007ff860790000 - 0x00007ff86081d000 	C:\Program Files\Android\Android Studio\jbr\bin\msvcp140.dll
0x00007fffef6a0000 - 0x00007ffff0323000 	C:\Program Files\Android\Android Studio\jbr\bin\server\jvm.dll
0x00007ff890a60000 - 0x00007ff890b12000 	C:\WINDOWS\System32\ADVAPI32.dll
0x00007ff891050000 - 0x00007ff8910f8000 	C:\WINDOWS\System32\sechost.dll
0x00007ff88f510000 - 0x00007ff88f538000 	C:\WINDOWS\System32\bcrypt.dll
0x00007ff890680000 - 0x00007ff890795000 	C:\WINDOWS\System32\RPCRT4.dll
0x00007ff882960000 - 0x00007ff882994000 	C:\WINDOWS\SYSTEM32\WINMM.dll
0x00007ff88d9a0000 - 0x00007ff88d9ed000 	C:\WINDOWS\SYSTEM32\POWRPROF.dll
0x00007ff886c40000 - 0x00007ff886c49000 	C:\WINDOWS\SYSTEM32\WSOCK32.dll
0x00007ff86fe80000 - 0x00007ff86fe8a000 	C:\WINDOWS\SYSTEM32\VERSION.dll
0x00007ff8904c0000 - 0x00007ff890531000 	C:\WINDOWS\System32\WS2_32.dll
0x00007ff88d980000 - 0x00007ff88d993000 	C:\WINDOWS\SYSTEM32\UMPDC.dll
0x00007ff88dc60000 - 0x00007ff88dc78000 	C:\WINDOWS\SYSTEM32\kernel.appcore.dll
0x00007ff8842b0000 - 0x00007ff8842ba000 	C:\Program Files\Android\Android Studio\jbr\bin\jimage.dll
0x00007ff88bee0000 - 0x00007ff88c113000 	C:\WINDOWS\SYSTEM32\DBGHELP.DLL
0x00007ff88f740000 - 0x00007ff88fac8000 	C:\WINDOWS\System32\combase.dll
0x00007ff88f540000 - 0x00007ff88f617000 	C:\WINDOWS\System32\OLEAUT32.dll
0x00007ff863670000 - 0x00007ff8636a2000 	C:\WINDOWS\SYSTEM32\dbgcore.DLL
0x00007ff88ef10000 - 0x00007ff88ef8a000 	C:\WINDOWS\System32\bcryptPrimitives.dll
0x00007ff8722a0000 - 0x00007ff8722c5000 	C:\Program Files\Android\Android Studio\jbr\bin\java.dll

dbghelp: loaded successfully - version: 4.0.5 - missing functions: none
symbol engine: initialized successfully - sym options: 0x614 - pdb path: .;C:\Program Files\Android\Android Studio\jbr\bin;C:\WINDOWS\SYSTEM32;C:\WINDOWS\WinSxS\amd64_microsoft.windows.common-controls_6595b64144ccf1df_6.0.22621.3235_none_270f74e173860f98;C:\Program Files\Android\Android Studio\jbr\bin\server

VM Arguments:
java_command: git4idea.http.GitAskPassApp Username for 'https://github.com': 
java_class_path (initial): C:/Program Files/Android/Android Studio/plugins/vcs-git/lib/git4idea-rt.jar;C:/Program Files/Android/Android Studio/lib/externalProcess-rt.jar
Launcher Type: SUN_STANDARD

[Global flags]
     intx CICompilerCount                          = 12                                        {product} {ergonomic}
     uint ConcGCThreads                            = 3                                         {product} {ergonomic}
     uint G1ConcRefinementThreads                  = 13                                        {product} {ergonomic}
   size_t G1HeapRegionSize                         = 2097152                                   {product} {ergonomic}
    uintx GCDrainStackTargetSize                   = 64                                        {product} {ergonomic}
   size_t InitialHeapSize                          = 262144000                                 {product} {ergonomic}
   size_t MarkStackSize                            = 4194304                                   {product} {ergonomic}
   size_t MaxHeapSize                              = 4194304000                                {product} {ergonomic}
   size_t MinHeapDeltaBytes                        = 2097152                                   {product} {ergonomic}
   size_t MinHeapSize                              = 8388608                                   {product} {ergonomic}
    uintx NonNMethodCodeHeapSize                   = 7602480                                {pd product} {ergonomic}
    uintx NonProfiledCodeHeapSize                  = 122027880                              {pd product} {ergonomic}
    uintx ProfiledCodeHeapSize                     = 122027880                              {pd product} {ergonomic}
    uintx ReservedCodeCacheSize                    = 251658240                              {pd product} {ergonomic}
     bool SegmentedCodeCache                       = true                                      {product} {ergonomic}
   size_t SoftMaxHeapSize                          = 4194304000                             {manageable} {ergonomic}
     bool UseCompressedClassPointers               = true                           {product lp64_product} {ergonomic}
     bool UseCompressedOops                        = true                           {product lp64_product} {ergonomic}
     bool UseG1GC                                  = true                                      {product} {ergonomic}
     bool UseLargePagesIndividualAllocation        = false                                  {pd product} {ergonomic}

Logging:
Log output configuration:
 #0: stdout all=warning uptime,level,tags
 #1: stderr all=off uptime,level,tags

Environment Variables:
PATH=C:\Program Files\Git\mingw64\libexec\git-core;C:\Program Files\Git\mingw64\libexec\git-core;C:\Program Files\Git\mingw64\bin;C:\Program Files\Git\usr\bin;C:\Users\Aditya\bin;C:\Program Files\Common Files\Oracle\Java\javapath;C:\WINDOWS\system32;C:\WINDOWS;C:\WINDOWS\System32\Wbem;C:\WINDOWS\System32\WindowsPowerShell\v1.0;C:\WINDOWS\System32\OpenSSH;C:\MinGW\bin;C:\Program Files\Microsoft SQL Server\150\Tools\Binn;C:\Program Files (x86)\Microsoft SQL Server\100\Tools\Binn;C:\Program Files\Microsoft SQL Server\100\Tools\Binn;C:\Program Files\Microsoft SQL Server\100\DTS\Binn;C:\Program Files\dotnet;C:\Program Files\nodejs;C:\Program Files\Git\cmd;C:\Program Files\Git\mingw64\bin;C:\Program Files\Git\usr\bin;C:\Program Files\Cloudflare\Cloudflare WARP;C:\Users\Aditya\AppData\Local\Microsoft\WindowsApps;C:\Users\Aditya\AppData\Local\Programs\Microsoft VS Code\bin;C:\Program Files\JetBrains\IntelliJ IDEA Community Edition 2023.1.3\bin;C:\MinGW\bin;C:\Users\Aditya\.dotnet\tools;C:\Users\Aditya\AppData\Roaming\npm;C:\Users\Aditya\AppData\Local\GitHubDesktop\bin
USERNAME=Aditya
DISPLAY=:0.0
LC_ALL=en_US.UTF-8
TERM=xterm-256color
TMPDIR=C:\Users\Aditya\AppData\Local\Temp
OS=Windows_NT
PROCESSOR_IDENTIFIER=Intel64 Family 6 Model 154 Stepping 3, GenuineIntel
TMP=C:\Users\Aditya\AppData\Local\Temp
TEMP=C:\Users\Aditya\AppData\Local\Temp



Periodic native trim disabled

JNI global refs:
JNI global refs: 0, weak refs: 0

JNI global refs memory usage: 0, weak refs: 0

OOME stack traces (most recent first):
Classloader memory used:


---------------  S Y S T E M  ---------------

OS:
 Windows 11 , 64 bit Build 22621 (10.0.22621.3235)
OS uptime: 0 days 5:41 hours
Hyper-V role detected

CPU: total 16 (initial active 16) (8 cores per cpu, 2 threads per core) family 6 model 154 stepping 3 microcode 0x423, cx8, cmov, fxsr, ht, mmx, 3dnowpref, sse, sse2, sse3, ssse3, sse4.1, sse4.2, popcnt, lzcnt, tsc, tscinvbit, avx, avx2, aes, erms, clmul, bmi1, bmi2, adx, sha, fma, vzeroupper, clflush, clflushopt, clwb, hv
Processor Information for processor 0
  Max Mhz: 2100, Current Mhz: 1776, Mhz Limit: 1764
Processor Information for processor 1
  Max Mhz: 2100, Current Mhz: 1776, Mhz Limit: 1764
Processor Information for processor 2
  Max Mhz: 2100, Current Mhz: 1776, Mhz Limit: 1764
Processor Information for processor 3
  Max Mhz: 2100, Current Mhz: 1776, Mhz Limit: 1764
Processor Information for processor 4
  Max Mhz: 2100, Current Mhz: 1776, Mhz Limit: 1764
Processor Information for processor 5
  Max Mhz: 2100, Current Mhz: 1776, Mhz Limit: 1764
Processor Information for processor 6
  Max Mhz: 2100, Current Mhz: 1776, Mhz Limit: 1764
Processor Information for processor 7
  Max Mhz: 2100, Current Mhz: 1776, Mhz Limit: 1764
Processor Information for processor 8
  Max Mhz: 2100, Current Mhz: 1200, Mhz Limit: 1197
Processor Information for processor 9
  Max Mhz: 2100, Current Mhz: 1200, Mhz Limit: 1197
Processor Information for processor 10
  Max Mhz: 2100, Current Mhz: 1200, Mhz Limit: 1197
Processor Information for processor 11
  Max Mhz: 2100, Current Mhz: 1200, Mhz Limit: 1197
Processor Information for processor 12
  Max Mhz: 2100, Current Mhz: 1200, Mhz Limit: 1197
Processor Information for processor 13
  Max Mhz: 2100, Current Mhz: 1200, Mhz Limit: 1197
Processor Information for processor 14
  Max Mhz: 2100, Current Mhz: 1200, Mhz Limit: 1197
Processor Information for processor 15
  Max Mhz: 2100, Current Mhz: 1200, Mhz Limit: 1197

Memory: 4k page, system-wide physical 15996M (2107M free)
TotalPageFile size 15996M (AvailPageFile size 101M)
current process WorkingSet (physical memory assigned to process): 11M, peak: 11M
current process commit charge ("private bytes"): 70M, peak: 320M

vm_info: OpenJDK 64-Bit Server VM (17.0.9+0--11185874) for windows-amd64 JRE (17.0.9+0--11185874), built on Dec  6 2023 18:57:44 by "androidbuild" with MS VC++ 16.10 / 16.11 (VS2019)

END.
