#
# There is insufficient memory for the Java Runtime Environment to continue.
# Native memory allocation (mmap) failed to map 262144000 bytes for G1 virtual space
# Possible reasons:
#   The system is out of physical RAM or swap space
#   The process is running with CompressedOops enabled, and the Java Heap may be blocking the growth of the native heap
# Possible solutions:
#   Reduce memory load on the system
#   Increase physical memory or swap space
#   Check if swap backing store is full
#   Decrease Java heap size (-Xmx/-Xms)
#   Decrease number of Java threads
#   Decrease Java thread stack sizes (-Xss)
#   Set larger code cache with -XX:ReservedCodeCacheSize=
#   JVM is running with Zero Based Compressed Oops mode in which the Java heap is
#     placed in the first 32GB address space. The Java Heap base address is the
#     maximum limit for the native heap growth. Please use -XX:HeapBaseMinAddress
#     to set the Java Heap base and to place the Java Heap above 32GB virtual address.
# This output file may be truncated or incomplete.
#
#  Out of Memory Error (os_windows.cpp:3825), pid=4832, tid=5784
#
# JRE version:  (17.0.9) (build )
# Java VM: OpenJDK 64-Bit Server VM (17.0.9+0--11185874, mixed mode, sharing, tiered, compressed oops, compressed class ptrs, g1 gc, windows-amd64)
# No core dump will be written. Minidumps are not enabled by default on client versions of Windows
#

---------------  S U M M A R Y ------------

Command Line: git4idea.http.GitAskPassApp Username for 'https://github.com': 

Host: 12th Gen Intel(R) Core(TM) i5-1240P, 16 cores, 15G,  Windows 11 , 64 bit Build 22621 (10.0.22621.3235)
Time: Thu Mar 14 17:40:47 2024 India Standard Time elapsed time: 0.006646 seconds (0d 0h 0m 0s)

---------------  T H R E A D  ---------------

Current thread (0x000001d9ffd3b380):  JavaThread "Unknown thread" [_thread_in_vm, id=5784, stack(0x0000008b3ee00000,0x0000008b3ef00000)]

Stack: [0x0000008b3ee00000,0x0000008b3ef00000]
Native frames: (J=compiled Java code, j=interpreted, Vv=VM code, C=native code)
V  [jvm.dll+0x6886e9]
V  [jvm.dll+0x841e4a]
V  [jvm.dll+0x843a8e]
V  [jvm.dll+0x8440f3]
V  [jvm.dll+0x24c14f]
V  [jvm.dll+0x685499]
V  [jvm.dll+0x679c2a]
V  [jvm.dll+0x30cf9b]
V  [jvm.dll+0x314446]
V  [jvm.dll+0x36425e]
V  [jvm.dll+0x36448f]
V  [jvm.dll+0x2e2d68]
V  [jvm.dll+0x2e3cd4]
V  [jvm.dll+0x8129f1]
V  [jvm.dll+0x3720c1]
V  [jvm.dll+0x7f152c]
V  [jvm.dll+0x3f5d4f]
V  [jvm.dll+0x3f7981]
C  [jli.dll+0x528f]
C  [ucrtbase.dll+0x29363]
C  [KERNEL32.DLL+0x1257d]
C  [ntdll.dll+0x5aa58]


---------------  P R O C E S S  ---------------

Threads class SMR info:
_java_thread_list=0x00007fff8f7aef18, length=0, elements={
}

Java Threads: ( => current thread )

Other Threads:
  0x000001d9ffda5ad0 GCTaskThread "GC Thread#0" [stack: 0x0000008b3ef00000,0x0000008b3f000000] [id=4960]
  0x000001d9ffdb6420 ConcurrentGCThread "G1 Main Marker" [stack: 0x0000008b3f000000,0x0000008b3f100000] [id=14604]
  0x000001d9ffdb6e40 ConcurrentGCThread "G1 Conc#0" [stack: 0x0000008b3f100000,0x0000008b3f200000] [id=12052]

[error occurred during error reporting (printing all threads), id 0xc0000005, EXCEPTION_ACCESS_VIOLATION (0xc0000005) at pc=0x00007fff8ef63937]

VM state: not at safepoint (not fully initialized)

VM Mutex/Monitor currently owned by a thread:  ([mutex/lock_event])
[0x000001d9ffd36fd0] Heap_lock - owner thread: 0x000001d9ffd3b380

Heap address: 0x0000000706000000, size: 4000 MB, Compressed Oops mode: Zero based, Oop shift amount: 3

CDS archive(s) mapped at: [0x0000000000000000-0x0000000000000000-0x0000000000000000), size 0, SharedBaseAddress: 0x0000000800000000, ArchiveRelocationMode: 1.
Narrow klass base: 0x0000000000000000, Narrow klass shift: 0, Narrow klass range: 0x0

GC Precious Log:
<Empty>

Heap:
 garbage-first heap   total 0K, used 0K [0x0000000706000000, 0x0000000800000000)
  region size 2048K, 0 young (0K), 0 survivors (0K)
 Metaspace       used 0K, committed 0K, reserved 0K
  class space    used 0K, committed 0K, reserved 0K

Heap Regions: E=young(eden), S=young(survivor), O=old, HS=humongous(starts), HC=humongous(continues), CS=collection set, F=free, OA=open archive, CA=closed archive, TAMS=top-at-mark-start (previous, next)

Card table byte_map: [0x000001d994dd0000,0x000001d9955a0000] _byte_map_base: 0x000001d9915a0000

Marking Bits (Prev, Next): (CMBitMap*) 0x000001d9ffda60f0, (CMBitMap*) 0x000001d9ffda6130
 Prev Bits: [0x000001d995d70000, 0x000001d999bf0000)
 Next Bits: [0x000001d999bf0000, 0x000001d99da70000)

GC Heap History (0 events):
No events

Dll operation events (1 events):
Event: 0.004 Loaded shared library C:\Program Files\Android\Android Studio\jbr\bin\java.dll

Deoptimization events (0 events):
No events

Classes unloaded (0 events):
No events

Classes redefined (0 events):
No events

Internal exceptions (0 events):
No events

VM Operations (0 events):
No events

Events (0 events):
No events


Dynamic libraries:
0x00007ff7d7a30000 - 0x00007ff7d7a3a000 	C:\Program Files\Android\Android Studio\jbr\bin\java.exe
0x00007ffff5970000 - 0x00007ffff5b86000 	C:\WINDOWS\SYSTEM32\ntdll.dll
0x00007ffff4b60000 - 0x00007ffff4c24000 	C:\WINDOWS\System32\KERNEL32.DLL
0x00007ffff3310000 - 0x00007ffff36b6000 	C:\WINDOWS\System32\KERNELBASE.dll
0x00007ffff3170000 - 0x00007ffff3281000 	C:\WINDOWS\System32\ucrtbase.dll
0x00007fffda820000 - 0x00007fffda83b000 	C:\Program Files\Android\Android Studio\jbr\bin\VCRUNTIME140.dll
0x00007fffcd590000 - 0x00007fffcd5a7000 	C:\Program Files\Android\Android Studio\jbr\bin\jli.dll
0x00007ffff3e70000 - 0x00007ffff401d000 	C:\WINDOWS\System32\USER32.dll
0x00007fffd5cc0000 - 0x00007fffd5f53000 	C:\WINDOWS\WinSxS\amd64_microsoft.windows.common-controls_6595b64144ccf1df_6.0.22621.3235_none_270f74e173860f98\COMCTL32.dll
0x00007ffff2cb0000 - 0x00007ffff2cd6000 	C:\WINDOWS\System32\win32u.dll
0x00007ffff3d60000 - 0x00007ffff3e07000 	C:\WINDOWS\System32\msvcrt.dll
0x00007ffff3980000 - 0x00007ffff39a9000 	C:\WINDOWS\System32\GDI32.dll
0x00007ffff2f60000 - 0x00007ffff3078000 	C:\WINDOWS\System32\gdi32full.dll
0x00007ffff2ec0000 - 0x00007ffff2f5a000 	C:\WINDOWS\System32\msvcp_win.dll
0x00007ffff3e30000 - 0x00007ffff3e61000 	C:\WINDOWS\System32\IMM32.DLL
0x00007fffda810000 - 0x00007fffda81c000 	C:\Program Files\Android\Android Studio\jbr\bin\vcruntime140_1.dll
0x00007fffc60a0000 - 0x00007fffc612d000 	C:\Program Files\Android\Android Studio\jbr\bin\msvcp140.dll
0x00007fff8ec70000 - 0x00007fff8f8f3000 	C:\Program Files\Android\Android Studio\jbr\bin\server\jvm.dll
0x00007ffff5680000 - 0x00007ffff5732000 	C:\WINDOWS\System32\ADVAPI32.dll
0x00007ffff3cb0000 - 0x00007ffff3d58000 	C:\WINDOWS\System32\sechost.dll
0x00007ffff3140000 - 0x00007ffff3168000 	C:\WINDOWS\System32\bcrypt.dll
0x00007ffff50e0000 - 0x00007ffff51f5000 	C:\WINDOWS\System32\RPCRT4.dll
0x00007ffff1b20000 - 0x00007ffff1b6d000 	C:\WINDOWS\SYSTEM32\POWRPROF.dll
0x00007fffeacb0000 - 0x00007fffeacb9000 	C:\WINDOWS\SYSTEM32\WSOCK32.dll
0x00007fffe6a70000 - 0x00007fffe6aa4000 	C:\WINDOWS\SYSTEM32\WINMM.dll
0x00007ffff39b0000 - 0x00007ffff3a21000 	C:\WINDOWS\System32\WS2_32.dll
0x00007fffdaf60000 - 0x00007fffdaf6a000 	C:\WINDOWS\SYSTEM32\VERSION.dll
0x00007ffff1b00000 - 0x00007ffff1b13000 	C:\WINDOWS\SYSTEM32\UMPDC.dll
0x00007ffff1de0000 - 0x00007ffff1df8000 	C:\WINDOWS\SYSTEM32\kernel.appcore.dll
0x00007fffde4c0000 - 0x00007fffde4ca000 	C:\Program Files\Android\Android Studio\jbr\bin\jimage.dll
0x00007fffeffd0000 - 0x00007ffff0203000 	C:\WINDOWS\SYSTEM32\DBGHELP.DLL
0x00007ffff4cc0000 - 0x00007ffff5048000 	C:\WINDOWS\System32\combase.dll
0x00007ffff40d0000 - 0x00007ffff41a7000 	C:\WINDOWS\System32\OLEAUT32.dll
0x00007fffdaf00000 - 0x00007fffdaf32000 	C:\WINDOWS\SYSTEM32\dbgcore.DLL
0x00007ffff3290000 - 0x00007ffff330a000 	C:\WINDOWS\System32\bcryptPrimitives.dll
0x00007fffda2e0000 - 0x00007fffda305000 	C:\Program Files\Android\Android Studio\jbr\bin\java.dll

dbghelp: loaded successfully - version: 4.0.5 - missing functions: none
symbol engine: initialized successfully - sym options: 0x614 - pdb path: .;C:\Program Files\Android\Android Studio\jbr\bin;C:\WINDOWS\SYSTEM32;C:\WINDOWS\WinSxS\amd64_microsoft.windows.common-controls_6595b64144ccf1df_6.0.22621.3235_none_270f74e173860f98;C:\Program Files\Android\Android Studio\jbr\bin\server

VM Arguments:
java_command: git4idea.http.GitAskPassApp Username for 'https://github.com': 
java_class_path (initial): C:/Program Files/Android/Android Studio/plugins/vcs-git/lib/git4idea-rt.jar;C:/Program Files/Android/Android Studio/lib/externalProcess-rt.jar
Launcher Type: SUN_STANDARD

[Global flags]
     intx CICompilerCount                          = 12                                        {product} {ergonomic}
     uint ConcGCThreads                            = 3                                         {product} {ergonomic}
     uint G1ConcRefinementThreads                  = 13                                        {product} {ergonomic}
   size_t G1HeapRegionSize                         = 2097152                                   {product} {ergonomic}
    uintx GCDrainStackTargetSize                   = 64                                        {product} {ergonomic}
   size_t InitialHeapSize                          = 262144000                                 {product} {ergonomic}
   size_t MarkStackSize                            = 4194304                                   {product} {ergonomic}
   size_t MaxHeapSize                              = 4194304000                                {product} {ergonomic}
   size_t MinHeapDeltaBytes                        = 2097152                                   {product} {ergonomic}
   size_t MinHeapSize                              = 8388608                                   {product} {ergonomic}
    uintx NonNMethodCodeHeapSize                   = 7602480                                {pd product} {ergonomic}
    uintx NonProfiledCodeHeapSize                  = 122027880                              {pd product} {ergonomic}
    uintx ProfiledCodeHeapSize                     = 122027880                              {pd product} {ergonomic}
    uintx ReservedCodeCacheSize                    = 251658240                              {pd product} {ergonomic}
     bool SegmentedCodeCache                       = true                                      {product} {ergonomic}
   size_t SoftMaxHeapSize                          = 4194304000                             {manageable} {ergonomic}
     bool UseCompressedClassPointers               = true                           {product lp64_product} {ergonomic}
     bool UseCompressedOops                        = true                           {product lp64_product} {ergonomic}
     bool UseG1GC                                  = true                                      {product} {ergonomic}
     bool UseLargePagesIndividualAllocation        = false                                  {pd product} {ergonomic}

Logging:
Log output configuration:
 #0: stdout all=warning uptime,level,tags
 #1: stderr all=off uptime,level,tags

Environment Variables:
PATH=C:\Program Files\Git\mingw64\libexec\git-core;C:\Program Files\Git\mingw64\libexec\git-core;C:\Program Files\Git\mingw64\bin;C:\Program Files\Git\usr\bin;C:\Users\Aditya\bin;C:\Program Files\Common Files\Oracle\Java\javapath;C:\WINDOWS\system32;C:\WINDOWS;C:\WINDOWS\System32\Wbem;C:\WINDOWS\System32\WindowsPowerShell\v1.0;C:\WINDOWS\System32\OpenSSH;C:\MinGW\bin;C:\Program Files\Microsoft SQL Server\150\Tools\Binn;C:\Program Files (x86)\Microsoft SQL Server\100\Tools\Binn;C:\Program Files\Microsoft SQL Server\100\Tools\Binn;C:\Program Files\Microsoft SQL Server\100\DTS\Binn;C:\Program Files\dotnet;C:\Program Files\nodejs;C:\Program Files\Git\cmd;C:\Program Files\Git\mingw64\bin;C:\Program Files\Git\usr\bin;C:\Program Files\Cloudflare\Cloudflare WARP;C:\Users\Aditya\AppData\Local\Microsoft\WindowsApps;C:\Users\Aditya\AppData\Local\Programs\Microsoft VS Code\bin;C:\Program Files\JetBrains\IntelliJ IDEA Community Edition 2023.1.3\bin;C:\MinGW\bin;C:\Users\Aditya\.dotnet\tools;C:\Users\Aditya\AppData\Roaming\npm;C:\Users\Aditya\AppData\Local\GitHubDesktop\bin
USERNAME=Aditya
DISPLAY=:0.0
LC_ALL=en_US.UTF-8
TERM=xterm-256color
TMPDIR=C:\Users\Aditya\AppData\Local\Temp
OS=Windows_NT
PROCESSOR_IDENTIFIER=Intel64 Family 6 Model 154 Stepping 3, GenuineIntel
TMP=C:\Users\Aditya\AppData\Local\Temp
TEMP=C:\Users\Aditya\AppData\Local\Temp



Periodic native trim disabled

JNI global refs:
JNI global refs: 0, weak refs: 0

JNI global refs memory usage: 0, weak refs: 0

OOME stack traces (most recent first):
Classloader memory used:


---------------  S Y S T E M  ---------------

OS:
 Windows 11 , 64 bit Build 22621 (10.0.22621.3235)
OS uptime: 0 days 1:49 hours
Hyper-V role detected

CPU: total 16 (initial active 16) (8 cores per cpu, 2 threads per core) family 6 model 154 stepping 3 microcode 0x423, cx8, cmov, fxsr, ht, mmx, 3dnowpref, sse, sse2, sse3, ssse3, sse4.1, sse4.2, popcnt, lzcnt, tsc, tscinvbit, avx, avx2, aes, erms, clmul, bmi1, bmi2, adx, sha, fma, vzeroupper, clflush, clflushopt, clwb, hv
Processor Information for processor 0
  Max Mhz: 2100, Current Mhz: 1776, Mhz Limit: 1764
Processor Information for processor 1
  Max Mhz: 2100, Current Mhz: 1453, Mhz Limit: 1764
Processor Information for processor 2
  Max Mhz: 2100, Current Mhz: 1453, Mhz Limit: 1764
Processor Information for processor 3
  Max Mhz: 2100, Current Mhz: 1776, Mhz Limit: 1764
Processor Information for processor 4
  Max Mhz: 2100, Current Mhz: 1776, Mhz Limit: 1764
Processor Information for processor 5
  Max Mhz: 2100, Current Mhz: 1453, Mhz Limit: 1764
Processor Information for processor 6
  Max Mhz: 2100, Current Mhz: 1776, Mhz Limit: 1764
Processor Information for processor 7
  Max Mhz: 2100, Current Mhz: 1453, Mhz Limit: 1764
Processor Information for processor 8
  Max Mhz: 2100, Current Mhz: 1200, Mhz Limit: 1197
Processor Information for processor 9
  Max Mhz: 2100, Current Mhz: 1200, Mhz Limit: 1197
Processor Information for processor 10
  Max Mhz: 2100, Current Mhz: 1200, Mhz Limit: 1197
Processor Information for processor 11
  Max Mhz: 2100, Current Mhz: 1200, Mhz Limit: 1197
Processor Information for processor 12
  Max Mhz: 2100, Current Mhz: 1200, Mhz Limit: 1197
Processor Information for processor 13
  Max Mhz: 2100, Current Mhz: 1200, Mhz Limit: 1197
Processor Information for processor 14
  Max Mhz: 2100, Current Mhz: 1200, Mhz Limit: 1197
Processor Information for processor 15
  Max Mhz: 2100, Current Mhz: 1200, Mhz Limit: 1197

Memory: 4k page, system-wide physical 15996M (2435M free)
TotalPageFile size 15996M (AvailPageFile size 186M)
current process WorkingSet (physical memory assigned to process): 11M, peak: 11M
current process commit charge ("private bytes"): 70M, peak: 320M

vm_info: OpenJDK 64-Bit Server VM (17.0.9+0--11185874) for windows-amd64 JRE (17.0.9+0--11185874), built on Dec  6 2023 18:57:44 by "androidbuild" with MS VC++ 16.10 / 16.11 (VS2019)

END.
