#
# There is insufficient memory for the Java Runtime Environment to continue.
# Native memory allocation (mmap) failed to map 262144000 bytes for G1 virtual space
# Possible reasons:
#   The system is out of physical RAM or swap space
#   The process is running with CompressedOops enabled, and the Java Heap may be blocking the growth of the native heap
# Possible solutions:
#   Reduce memory load on the system
#   Increase physical memory or swap space
#   Check if swap backing store is full
#   Decrease Java heap size (-Xmx/-Xms)
#   Decrease number of Java threads
#   Decrease Java thread stack sizes (-Xss)
#   Set larger code cache with -XX:ReservedCodeCacheSize=
#   JVM is running with Zero Based Compressed Oops mode in which the Java heap is
#     placed in the first 32GB address space. The Java Heap base address is the
#     maximum limit for the native heap growth. Please use -XX:HeapBaseMinAddress
#     to set the Java Heap base and to place the Java Heap above 32GB virtual address.
# This output file may be truncated or incomplete.
#
#  Out of Memory Error (os_windows.cpp:3825), pid=1928, tid=2588
#
# JRE version:  (17.0.9) (build )
# Java VM: OpenJDK 64-Bit Server VM (17.0.9+0--11185874, mixed mode, sharing, tiered, compressed oops, compressed class ptrs, g1 gc, windows-amd64)
# No core dump will be written. Minidumps are not enabled by default on client versions of Windows
#

---------------  S U M M A R Y ------------

Command Line: git4idea.http.GitAskPassApp Username for 'https://github.com': 

Host: 12th Gen Intel(R) Core(TM) i5-1240P, 16 cores, 15G,  Windows 11 , 64 bit Build 22621 (10.0.22621.3235)
Time: Sat Mar 16 15:11:20 2024 India Standard Time elapsed time: 0.009826 seconds (0d 0h 0m 0s)

---------------  T H R E A D  ---------------

Current thread (0x0000023939a3b380):  JavaThread "Unknown thread" [_thread_in_vm, id=2588, stack(0x000000472c700000,0x000000472c800000)]

Stack: [0x000000472c700000,0x000000472c800000]
Native frames: (J=compiled Java code, j=interpreted, Vv=VM code, C=native code)
V  [jvm.dll+0x6886e9]
V  [jvm.dll+0x841e4a]
V  [jvm.dll+0x843a8e]
V  [jvm.dll+0x8440f3]
V  [jvm.dll+0x24c14f]
V  [jvm.dll+0x685499]
V  [jvm.dll+0x679c2a]
V  [jvm.dll+0x30cf9b]
V  [jvm.dll+0x314446]
V  [jvm.dll+0x36425e]
V  [jvm.dll+0x36448f]
V  [jvm.dll+0x2e2d68]
V  [jvm.dll+0x2e3cd4]
V  [jvm.dll+0x8129f1]
V  [jvm.dll+0x3720c1]
V  [jvm.dll+0x7f152c]
V  [jvm.dll+0x3f5d4f]
V  [jvm.dll+0x3f7981]
C  [jli.dll+0x528f]
C  [ucrtbase.dll+0x29363]
C  [KERNEL32.DLL+0x1257d]
C  [ntdll.dll+0x5aa58]


---------------  P R O C E S S  ---------------

Threads class SMR info:
_java_thread_list=0x00007ff813ebef18, length=0, elements={
}

Java Threads: ( => current thread )

Other Threads:
  0x0000023939aa5cd0 GCTaskThread "GC Thread#0" [stack: 0x000000472c800000,0x000000472c900000] [id=18108]
  0x0000023939ab6620 ConcurrentGCThread "G1 Main Marker" [stack: 0x000000472c900000,0x000000472ca00000] [id=20160]
  0x0000023939ab7040 ConcurrentGCThread "G1 Conc#0" [stack: 0x000000472ca00000,0x000000472cb00000] [id=13396]

[error occurred during error reporting (printing all threads), id 0xc0000005, EXCEPTION_ACCESS_VIOLATION (0xc0000005) at pc=0x00007ff813673937]

VM state: not at safepoint (not fully initialized)

VM Mutex/Monitor currently owned by a thread:  ([mutex/lock_event])
[0x0000023939a36250] Heap_lock - owner thread: 0x0000023939a3b380

Heap address: 0x0000000706000000, size: 4000 MB, Compressed Oops mode: Zero based, Oop shift amount: 3

CDS archive(s) mapped at: [0x0000000000000000-0x0000000000000000-0x0000000000000000), size 0, SharedBaseAddress: 0x0000000800000000, ArchiveRelocationMode: 1.
Narrow klass base: 0x0000000000000000, Narrow klass shift: 0, Narrow klass range: 0x0

GC Precious Log:
<Empty>

Heap:
 garbage-first heap   total 0K, used 0K [0x0000000706000000, 0x0000000800000000)
  region size 2048K, 0 young (0K), 0 survivors (0K)
 Metaspace       used 0K, committed 0K, reserved 0K
  class space    used 0K, committed 0K, reserved 0K

Heap Regions: E=young(eden), S=young(survivor), O=old, HS=humongous(starts), HC=humongous(continues), CS=collection set, F=free, OA=open archive, CA=closed archive, TAMS=top-at-mark-start (previous, next)

Card table byte_map: [0x000002394ee90000,0x000002394f660000] _byte_map_base: 0x000002394b660000

Marking Bits (Prev, Next): (CMBitMap*) 0x0000023939aa62f0, (CMBitMap*) 0x0000023939aa6330
 Prev Bits: [0x000002394fe30000, 0x0000023953cb0000)
 Next Bits: [0x0000023953cb0000, 0x0000023957b30000)

GC Heap History (0 events):
No events

Dll operation events (1 events):
Event: 0.006 Loaded shared library C:\Program Files\Android\Android Studio\jbr\bin\java.dll

Deoptimization events (0 events):
No events

Classes unloaded (0 events):
No events

Classes redefined (0 events):
No events

Internal exceptions (0 events):
No events

VM Operations (0 events):
No events

Events (0 events):
No events


Dynamic libraries:
0x00007ff672220000 - 0x00007ff67222a000 	C:\Program Files\Android\Android Studio\jbr\bin\java.exe
0x00007ff8b13d0000 - 0x00007ff8b15e6000 	C:\WINDOWS\SYSTEM32\ntdll.dll
0x00007ff8b0740000 - 0x00007ff8b0804000 	C:\WINDOWS\System32\KERNEL32.DLL
0x00007ff8ae710000 - 0x00007ff8aeab6000 	C:\WINDOWS\System32\KERNELBASE.dll
0x00007ff8aee60000 - 0x00007ff8aef71000 	C:\WINDOWS\System32\ucrtbase.dll
0x00007ff87fa00000 - 0x00007ff87fa1b000 	C:\Program Files\Android\Android Studio\jbr\bin\VCRUNTIME140.dll
0x00007ff86ddb0000 - 0x00007ff86ddc7000 	C:\Program Files\Android\Android Studio\jbr\bin\jli.dll
0x00007ff8b1010000 - 0x00007ff8b11bd000 	C:\WINDOWS\System32\USER32.dll
0x00007ff8af0f0000 - 0x00007ff8af116000 	C:\WINDOWS\System32\win32u.dll
0x00007ff8961c0000 - 0x00007ff896453000 	C:\WINDOWS\WinSxS\amd64_microsoft.windows.common-controls_6595b64144ccf1df_6.0.22621.3235_none_270f74e173860f98\COMCTL32.dll
0x00007ff8b06a0000 - 0x00007ff8b06c9000 	C:\WINDOWS\System32\GDI32.dll
0x00007ff8b0e50000 - 0x00007ff8b0ef7000 	C:\WINDOWS\System32\msvcrt.dll
0x00007ff8aecd0000 - 0x00007ff8aede8000 	C:\WINDOWS\System32\gdi32full.dll
0x00007ff8aeac0000 - 0x00007ff8aeb5a000 	C:\WINDOWS\System32\msvcp_win.dll
0x00007ff8b0fd0000 - 0x00007ff8b1001000 	C:\WINDOWS\System32\IMM32.DLL
0x00007ff893510000 - 0x00007ff89351c000 	C:\Program Files\Android\Android Studio\jbr\bin\vcruntime140_1.dll
0x00007ff87f970000 - 0x00007ff87f9fd000 	C:\Program Files\Android\Android Studio\jbr\bin\msvcp140.dll
0x00007ff813380000 - 0x00007ff814003000 	C:\Program Files\Android\Android Studio\jbr\bin\server\jvm.dll
0x00007ff8b0f10000 - 0x00007ff8b0fc2000 	C:\WINDOWS\System32\ADVAPI32.dll
0x00007ff8b08a0000 - 0x00007ff8b0948000 	C:\WINDOWS\System32\sechost.dll
0x00007ff8aeb60000 - 0x00007ff8aeb88000 	C:\WINDOWS\System32\bcrypt.dll
0x00007ff8b0140000 - 0x00007ff8b0255000 	C:\WINDOWS\System32\RPCRT4.dll
0x00007ff8749f0000 - 0x00007ff8749f9000 	C:\WINDOWS\SYSTEM32\WSOCK32.dll
0x00007ff8a2260000 - 0x00007ff8a2294000 	C:\WINDOWS\SYSTEM32\WINMM.dll
0x00007ff8b0810000 - 0x00007ff8b0881000 	C:\WINDOWS\System32\WS2_32.dll
0x00007ff890390000 - 0x00007ff89039a000 	C:\WINDOWS\SYSTEM32\VERSION.dll
0x00007ff8ad580000 - 0x00007ff8ad5cd000 	C:\WINDOWS\SYSTEM32\POWRPROF.dll
0x00007ff8ad550000 - 0x00007ff8ad563000 	C:\WINDOWS\SYSTEM32\UMPDC.dll
0x00007ff8ad820000 - 0x00007ff8ad838000 	C:\WINDOWS\SYSTEM32\kernel.appcore.dll
0x00007ff872fd0000 - 0x00007ff872fda000 	C:\Program Files\Android\Android Studio\jbr\bin\jimage.dll
0x00007ff8aba30000 - 0x00007ff8abc63000 	C:\WINDOWS\SYSTEM32\DBGHELP.DLL
0x00007ff8b0310000 - 0x00007ff8b0698000 	C:\WINDOWS\System32\combase.dll
0x00007ff8af140000 - 0x00007ff8af217000 	C:\WINDOWS\System32\OLEAUT32.dll
0x00007ff884190000 - 0x00007ff8841c2000 	C:\WINDOWS\SYSTEM32\dbgcore.DLL
0x00007ff8aeb90000 - 0x00007ff8aec0a000 	C:\WINDOWS\System32\bcryptPrimitives.dll
0x00007ff81d4e0000 - 0x00007ff81d505000 	C:\Program Files\Android\Android Studio\jbr\bin\java.dll

dbghelp: loaded successfully - version: 4.0.5 - missing functions: none
symbol engine: initialized successfully - sym options: 0x614 - pdb path: .;C:\Program Files\Android\Android Studio\jbr\bin;C:\WINDOWS\SYSTEM32;C:\WINDOWS\WinSxS\amd64_microsoft.windows.common-controls_6595b64144ccf1df_6.0.22621.3235_none_270f74e173860f98;C:\Program Files\Android\Android Studio\jbr\bin\server

VM Arguments:
java_command: git4idea.http.GitAskPassApp Username for 'https://github.com': 
java_class_path (initial): C:/Program Files/Android/Android Studio/plugins/vcs-git/lib/git4idea-rt.jar;C:/Program Files/Android/Android Studio/lib/externalProcess-rt.jar
Launcher Type: SUN_STANDARD

[Global flags]
     intx CICompilerCount                          = 12                                        {product} {ergonomic}
     uint ConcGCThreads                            = 3                                         {product} {ergonomic}
     uint G1ConcRefinementThreads                  = 13                                        {product} {ergonomic}
   size_t G1HeapRegionSize                         = 2097152                                   {product} {ergonomic}
    uintx GCDrainStackTargetSize                   = 64                                        {product} {ergonomic}
   size_t InitialHeapSize                          = 262144000                                 {product} {ergonomic}
   size_t MarkStackSize                            = 4194304                                   {product} {ergonomic}
   size_t MaxHeapSize                              = 4194304000                                {product} {ergonomic}
   size_t MinHeapDeltaBytes                        = 2097152                                   {product} {ergonomic}
   size_t MinHeapSize                              = 8388608                                   {product} {ergonomic}
    uintx NonNMethodCodeHeapSize                   = 7602480                                {pd product} {ergonomic}
    uintx NonProfiledCodeHeapSize                  = 122027880                              {pd product} {ergonomic}
    uintx ProfiledCodeHeapSize                     = 122027880                              {pd product} {ergonomic}
    uintx ReservedCodeCacheSize                    = 251658240                              {pd product} {ergonomic}
     bool SegmentedCodeCache                       = true                                      {product} {ergonomic}
   size_t SoftMaxHeapSize                          = 4194304000                             {manageable} {ergonomic}
     bool UseCompressedClassPointers               = true                           {product lp64_product} {ergonomic}
     bool UseCompressedOops                        = true                           {product lp64_product} {ergonomic}
     bool UseG1GC                                  = true                                      {product} {ergonomic}
     bool UseLargePagesIndividualAllocation        = false                                  {pd product} {ergonomic}

Logging:
Log output configuration:
 #0: stdout all=warning uptime,level,tags
 #1: stderr all=off uptime,level,tags

Environment Variables:
PATH=C:\Program Files\Git\mingw64\libexec\git-core;C:\Program Files\Git\mingw64\libexec\git-core;C:\Program Files\Git\mingw64\bin;C:\Program Files\Git\usr\bin;C:\Users\Aditya\bin;C:\Program Files\Common Files\Oracle\Java\javapath;C:\WINDOWS\system32;C:\WINDOWS;C:\WINDOWS\System32\Wbem;C:\WINDOWS\System32\WindowsPowerShell\v1.0;C:\WINDOWS\System32\OpenSSH;C:\MinGW\bin;C:\Program Files\Microsoft SQL Server\150\Tools\Binn;C:\Program Files (x86)\Microsoft SQL Server\100\Tools\Binn;C:\Program Files\Microsoft SQL Server\100\Tools\Binn;C:\Program Files\Microsoft SQL Server\100\DTS\Binn;C:\Program Files\dotnet;C:\Program Files\nodejs;C:\Program Files\Git\cmd;C:\Program Files\Git\mingw64\bin;C:\Program Files\Git\usr\bin;C:\Program Files\Cloudflare\Cloudflare WARP;C:\Users\Aditya\AppData\Local\Microsoft\WindowsApps;C:\Users\Aditya\AppData\Local\Programs\Microsoft VS Code\bin;C:\Program Files\JetBrains\IntelliJ IDEA Community Edition 2023.1.3\bin;C:\MinGW\bin;C:\Users\Aditya\.dotnet\tools;C:\Users\Aditya\AppData\Roaming\npm;C:\Users\Aditya\AppData\Local\GitHubDesktop\bin
USERNAME=Aditya
DISPLAY=:0.0
LC_ALL=en_US.UTF-8
TERM=xterm-256color
TMPDIR=C:\Users\Aditya\AppData\Local\Temp
OS=Windows_NT
PROCESSOR_IDENTIFIER=Intel64 Family 6 Model 154 Stepping 3, GenuineIntel
TMP=C:\Users\Aditya\AppData\Local\Temp
TEMP=C:\Users\Aditya\AppData\Local\Temp



Periodic native trim disabled

JNI global refs:
JNI global refs: 0, weak refs: 0

JNI global refs memory usage: 0, weak refs: 0

OOME stack traces (most recent first):
Classloader memory used:


---------------  S Y S T E M  ---------------

OS:
 Windows 11 , 64 bit Build 22621 (10.0.22621.3235)
OS uptime: 0 days 1:20 hours
Hyper-V role detected

CPU: total 16 (initial active 16) (8 cores per cpu, 2 threads per core) family 6 model 154 stepping 3 microcode 0x423, cx8, cmov, fxsr, ht, mmx, 3dnowpref, sse, sse2, sse3, ssse3, sse4.1, sse4.2, popcnt, lzcnt, tsc, tscinvbit, avx, avx2, aes, erms, clmul, bmi1, bmi2, adx, sha, fma, vzeroupper, clflush, clflushopt, clwb, hv
Processor Information for processor 0
  Max Mhz: 2100, Current Mhz: 1453, Mhz Limit: 1764
Processor Information for processor 1
  Max Mhz: 2100, Current Mhz: 1776, Mhz Limit: 1764
Processor Information for processor 2
  Max Mhz: 2100, Current Mhz: 1776, Mhz Limit: 1764
Processor Information for processor 3
  Max Mhz: 2100, Current Mhz: 1453, Mhz Limit: 1764
Processor Information for processor 4
  Max Mhz: 2100, Current Mhz: 1776, Mhz Limit: 1764
Processor Information for processor 5
  Max Mhz: 2100, Current Mhz: 1453, Mhz Limit: 1764
Processor Information for processor 6
  Max Mhz: 2100, Current Mhz: 1776, Mhz Limit: 1764
Processor Information for processor 7
  Max Mhz: 2100, Current Mhz: 1453, Mhz Limit: 1764
Processor Information for processor 8
  Max Mhz: 2100, Current Mhz: 1200, Mhz Limit: 1197
Processor Information for processor 9
  Max Mhz: 2100, Current Mhz: 1200, Mhz Limit: 1197
Processor Information for processor 10
  Max Mhz: 2100, Current Mhz: 1200, Mhz Limit: 1197
Processor Information for processor 11
  Max Mhz: 2100, Current Mhz: 1200, Mhz Limit: 1197
Processor Information for processor 12
  Max Mhz: 2100, Current Mhz: 1200, Mhz Limit: 1197
Processor Information for processor 13
  Max Mhz: 2100, Current Mhz: 1200, Mhz Limit: 1197
Processor Information for processor 14
  Max Mhz: 2100, Current Mhz: 1200, Mhz Limit: 1197
Processor Information for processor 15
  Max Mhz: 2100, Current Mhz: 1200, Mhz Limit: 1197

Memory: 4k page, system-wide physical 15996M (2488M free)
TotalPageFile size 15996M (AvailPageFile size 182M)
current process WorkingSet (physical memory assigned to process): 11M, peak: 11M
current process commit charge ("private bytes"): 70M, peak: 320M

vm_info: OpenJDK 64-Bit Server VM (17.0.9+0--11185874) for windows-amd64 JRE (17.0.9+0--11185874), built on Dec  6 2023 18:57:44 by "androidbuild" with MS VC++ 16.10 / 16.11 (VS2019)

END.
