#
# There is insufficient memory for the Java Runtime Environment to continue.
# Native memory allocation (mmap) failed to map 262144000 bytes for G1 virtual space
# Possible reasons:
#   The system is out of physical RAM or swap space
#   The process is running with CompressedOops enabled, and the Java Heap may be blocking the growth of the native heap
# Possible solutions:
#   Reduce memory load on the system
#   Increase physical memory or swap space
#   Check if swap backing store is full
#   Decrease Java heap size (-Xmx/-Xms)
#   Decrease number of Java threads
#   Decrease Java thread stack sizes (-Xss)
#   Set larger code cache with -XX:ReservedCodeCacheSize=
#   JVM is running with Zero Based Compressed Oops mode in which the Java heap is
#     placed in the first 32GB address space. The Java Heap base address is the
#     maximum limit for the native heap growth. Please use -XX:HeapBaseMinAddress
#     to set the Java Heap base and to place the Java Heap above 32GB virtual address.
# This output file may be truncated or incomplete.
#
#  Out of Memory Error (os_windows.cpp:3771), pid=2220, tid=9132
#
# JRE version:  (17.0.7) (build )
# Java VM: OpenJDK 64-Bit Server VM (17.0.7+0-b2043.56-10550314, mixed mode, sharing, tiered, compressed oops, compressed class ptrs, g1 gc, windows-amd64)
# No core dump will be written. Minidumps are not enabled by default on client versions of Windows
#

---------------  S U M M A R Y ------------

Command Line: git4idea.http.GitAskPassApp Username for 'https://github.com': 

Host: 12th Gen Intel(R) Core(TM) i5-1240P, 16 cores, 15G,  Windows 11 , 64 bit Build 22621 (10.0.22621.3085)
Time: Fri Feb  2 19:23:56 2024 India Standard Time elapsed time: 0.007307 seconds (0d 0h 0m 0s)

---------------  T H R E A D  ---------------

Current thread (0x00000216593829a0):  JavaThread "Unknown thread" [_thread_in_vm, id=9132, stack(0x0000009b7f400000,0x0000009b7f500000)]

Stack: [0x0000009b7f400000,0x0000009b7f500000]
Native frames: (J=compiled Java code, j=interpreted, Vv=VM code, C=native code)
V  [jvm.dll+0x683bfa]
V  [jvm.dll+0x8430a4]
V  [jvm.dll+0x8449be]
V  [jvm.dll+0x845023]
V  [jvm.dll+0x24ad2f]
V  [jvm.dll+0x680ac9]
V  [jvm.dll+0x67519a]
V  [jvm.dll+0x30b3cb]
V  [jvm.dll+0x312876]
V  [jvm.dll+0x36221e]
V  [jvm.dll+0x36244f]
V  [jvm.dll+0x2e14a8]
V  [jvm.dll+0x2e2414]
V  [jvm.dll+0x814391]
V  [jvm.dll+0x36ffe1]
V  [jvm.dll+0x7f396c]
V  [jvm.dll+0x3f305f]
V  [jvm.dll+0x3f4b91]
C  [jli.dll+0x528f]
C  [ucrtbase.dll+0x29363]
C  [KERNEL32.DLL+0x1257d]
C  [ntdll.dll+0x5aa58]


---------------  P R O C E S S  ---------------

Threads class SMR info:
_java_thread_list=0x00007ffb482ad098, length=0, elements={
}

Java Threads: ( => current thread )

Other Threads:
  0x00000216593e9360 GCTaskThread "GC Thread#0" [stack: 0x0000009b7f500000,0x0000009b7f600000] [id=6704]
  0x00000216593f9ca0 ConcurrentGCThread "G1 Main Marker" [stack: 0x0000009b7f600000,0x0000009b7f700000] [id=15868]
  0x00000216593fd6d0 ConcurrentGCThread "G1 Conc#0" [stack: 0x0000009b7f700000,0x0000009b7f800000] [id=19436]

[error occurred during error reporting (printing all threads), id 0xc0000005, EXCEPTION_ACCESS_VIOLATION (0xc0000005) at pc=0x00007ffb47a62087]

VM state: not at safepoint (not fully initialized)

VM Mutex/Monitor currently owned by a thread:  ([mutex/lock_event])
[0x00000216593804a0] Heap_lock - owner thread: 0x00000216593829a0

Heap address: 0x0000000706000000, size: 4000 MB, Compressed Oops mode: Zero based, Oop shift amount: 3

CDS archive(s) mapped at: [0x0000000000000000-0x0000000000000000-0x0000000000000000), size 0, SharedBaseAddress: 0x0000000800000000, ArchiveRelocationMode: 0.
Narrow klass base: 0x0000000000000000, Narrow klass shift: 0, Narrow klass range: 0x0

GC Precious Log:
<Empty>

Heap:
 garbage-first heap   total 0K, used 0K [0x0000000706000000, 0x0000000800000000)
  region size 2048K, 0 young (0K), 0 survivors (0K)
 Metaspace       used 0K, committed 0K, reserved 0K
  class space    used 0K, committed 0K, reserved 0K

Heap Regions: E=young(eden), S=young(survivor), O=old, HS=humongous(starts), HC=humongous(continues), CS=collection set, F=free, OA=open archive, CA=closed archive, TAMS=top-at-mark-start (previous, next)

Card table byte_map: [0x000002166c8b0000,0x000002166d080000] _byte_map_base: 0x0000021669080000

Marking Bits (Prev, Next): (CMBitMap*) 0x00000216593e9970, (CMBitMap*) 0x00000216593e99b0
 Prev Bits: [0x000002166d850000, 0x00000216716d0000)
 Next Bits: [0x00000216716d0000, 0x0000021675550000)

GC Heap History (0 events):
No events

Dll operation events (1 events):
Event: 0.004 Loaded shared library C:\Program Files\Android\Android Studio\jbr\bin\java.dll

Deoptimization events (0 events):
No events

Classes unloaded (0 events):
No events

Classes redefined (0 events):
No events

Internal exceptions (0 events):
No events

VM Operations (0 events):
No events

Events (0 events):
No events


Dynamic libraries:
0x00007ff7122e0000 - 0x00007ff7122ea000 	C:\Program Files\Android\Android Studio\jbr\bin\java.exe
0x00007ffb9c590000 - 0x00007ffb9c7a7000 	C:\WINDOWS\SYSTEM32\ntdll.dll
0x00007ffb9b080000 - 0x00007ffb9b144000 	C:\WINDOWS\System32\KERNEL32.DLL
0x00007ffb99c00000 - 0x00007ffb99fa6000 	C:\WINDOWS\System32\KERNELBASE.dll
0x00007ffb99fb0000 - 0x00007ffb9a0c1000 	C:\WINDOWS\System32\ucrtbase.dll
0x00007ffb6b590000 - 0x00007ffb6b5a7000 	C:\Program Files\Android\Android Studio\jbr\bin\jli.dll
0x00007ffb69ff0000 - 0x00007ffb6a00b000 	C:\Program Files\Android\Android Studio\jbr\bin\VCRUNTIME140.dll
0x00007ffb9b650000 - 0x00007ffb9b7fe000 	C:\WINDOWS\System32\USER32.dll
0x00007ffb99ae0000 - 0x00007ffb99b06000 	C:\WINDOWS\System32\win32u.dll
0x00007ffb7a110000 - 0x00007ffb7a3a3000 	C:\WINDOWS\WinSxS\amd64_microsoft.windows.common-controls_6595b64144ccf1df_6.0.22621.2506_none_270c5ae97388e100\COMCTL32.dll
0x00007ffb9b500000 - 0x00007ffb9b529000 	C:\WINDOWS\System32\GDI32.dll
0x00007ffb9c410000 - 0x00007ffb9c4b7000 	C:\WINDOWS\System32\msvcrt.dll
0x00007ffb9a0d0000 - 0x00007ffb9a1e8000 	C:\WINDOWS\System32\gdi32full.dll
0x00007ffb998d0000 - 0x00007ffb9996a000 	C:\WINDOWS\System32\msvcp_win.dll
0x00007ffb9b800000 - 0x00007ffb9b831000 	C:\WINDOWS\System32\IMM32.DLL
0x00007ffb7f8d0000 - 0x00007ffb7f8dc000 	C:\Program Files\Android\Android Studio\jbr\bin\vcruntime140_1.dll
0x00007ffb5b790000 - 0x00007ffb5b81d000 	C:\Program Files\Android\Android Studio\jbr\bin\msvcp140.dll
0x00007ffb47770000 - 0x00007ffb483f0000 	C:\Program Files\Android\Android Studio\jbr\bin\server\jvm.dll
0x00007ffb9a390000 - 0x00007ffb9a443000 	C:\WINDOWS\System32\ADVAPI32.dll
0x00007ffb9a2e0000 - 0x00007ffb9a388000 	C:\WINDOWS\System32\sechost.dll
0x00007ffb99bd0000 - 0x00007ffb99bf8000 	C:\WINDOWS\System32\bcrypt.dll
0x00007ffb9b530000 - 0x00007ffb9b647000 	C:\WINDOWS\System32\RPCRT4.dll
0x00007ffb8ef60000 - 0x00007ffb8ef94000 	C:\WINDOWS\SYSTEM32\WINMM.dll
0x00007ffb92eb0000 - 0x00007ffb92eb9000 	C:\WINDOWS\SYSTEM32\WSOCK32.dll
0x00007ffb9c000000 - 0x00007ffb9c071000 	C:\WINDOWS\System32\WS2_32.dll
0x00007ffb8a590000 - 0x00007ffb8a59a000 	C:\WINDOWS\SYSTEM32\VERSION.dll
0x00007ffb989e0000 - 0x00007ffb989f8000 	C:\WINDOWS\SYSTEM32\kernel.appcore.dll
0x00007ffb917f0000 - 0x00007ffb917fa000 	C:\Program Files\Android\Android Studio\jbr\bin\jimage.dll
0x00007ffb96cb0000 - 0x00007ffb96ee3000 	C:\WINDOWS\SYSTEM32\DBGHELP.DLL
0x00007ffb9c080000 - 0x00007ffb9c409000 	C:\WINDOWS\System32\combase.dll
0x00007ffb9b420000 - 0x00007ffb9b4f7000 	C:\WINDOWS\System32\OLEAUT32.dll
0x00007ffb7f750000 - 0x00007ffb7f782000 	C:\WINDOWS\SYSTEM32\dbgcore.DLL
0x00007ffb9a1f0000 - 0x00007ffb9a26a000 	C:\WINDOWS\System32\bcryptPrimitives.dll
0x00007ffb6a010000 - 0x00007ffb6a035000 	C:\Program Files\Android\Android Studio\jbr\bin\java.dll

dbghelp: loaded successfully - version: 4.0.5 - missing functions: none
symbol engine: initialized successfully - sym options: 0x614 - pdb path: .;C:\Program Files\Android\Android Studio\jbr\bin;C:\WINDOWS\SYSTEM32;C:\WINDOWS\WinSxS\amd64_microsoft.windows.common-controls_6595b64144ccf1df_6.0.22621.2506_none_270c5ae97388e100;C:\Program Files\Android\Android Studio\jbr\bin\server

VM Arguments:
java_command: git4idea.http.GitAskPassApp Username for 'https://github.com': 
java_class_path (initial): C:/Program Files/Android/Android Studio/plugins/vcs-git/lib/git4idea-rt.jar;C:/Program Files/Android/Android Studio/lib/externalProcess-rt.jar
Launcher Type: SUN_STANDARD

[Global flags]
     intx CICompilerCount                          = 12                                        {product} {ergonomic}
     uint ConcGCThreads                            = 3                                         {product} {ergonomic}
     uint G1ConcRefinementThreads                  = 13                                        {product} {ergonomic}
   size_t G1HeapRegionSize                         = 2097152                                   {product} {ergonomic}
    uintx GCDrainStackTargetSize                   = 64                                        {product} {ergonomic}
   size_t InitialHeapSize                          = 262144000                                 {product} {ergonomic}
   size_t MarkStackSize                            = 4194304                                   {product} {ergonomic}
   size_t MaxHeapSize                              = 4194304000                                {product} {ergonomic}
   size_t MinHeapDeltaBytes                        = 2097152                                   {product} {ergonomic}
   size_t MinHeapSize                              = 8388608                                   {product} {ergonomic}
    uintx NonNMethodCodeHeapSize                   = 7602480                                {pd product} {ergonomic}
    uintx NonProfiledCodeHeapSize                  = 122027880                              {pd product} {ergonomic}
    uintx ProfiledCodeHeapSize                     = 122027880                              {pd product} {ergonomic}
    uintx ReservedCodeCacheSize                    = 251658240                              {pd product} {ergonomic}
     bool SegmentedCodeCache                       = true                                      {product} {ergonomic}
   size_t SoftMaxHeapSize                          = 4194304000                             {manageable} {ergonomic}
     bool UseCompressedClassPointers               = true                           {product lp64_product} {ergonomic}
     bool UseCompressedOops                        = true                           {product lp64_product} {ergonomic}
     bool UseG1GC                                  = true                                      {product} {ergonomic}
     bool UseLargePagesIndividualAllocation        = false                                  {pd product} {ergonomic}

Logging:
Log output configuration:
 #0: stdout all=warning uptime,level,tags
 #1: stderr all=off uptime,level,tags

Environment Variables:
PATH=C:\Program Files\Git\mingw64\libexec\git-core;C:\Program Files\Git\mingw64\libexec\git-core;C:\Program Files\Git\mingw64\bin;C:\Program Files\Git\usr\bin;C:\Users\Aditya\bin;C:\Program Files\Common Files\Oracle\Java\javapath;C:\WINDOWS\system32;C:\WINDOWS;C:\WINDOWS\System32\Wbem;C:\WINDOWS\System32\WindowsPowerShell\v1.0;C:\WINDOWS\System32\OpenSSH;C:\MinGW\bin;C:\Program Files\Microsoft SQL Server\150\Tools\Binn;C:\Program Files (x86)\Microsoft SQL Server\100\Tools\Binn;C:\Program Files\Microsoft SQL Server\100\Tools\Binn;C:\Program Files\Microsoft SQL Server\100\DTS\Binn;C:\Program Files\dotnet;C:\Program Files\nodejs;C:\Program Files\Git\cmd;C:\Program Files\Git\mingw64\bin;C:\Program Files\Git\usr\bin;C:\Program Files\Cloudflare\Cloudflare WARP;C:\Users\Aditya\AppData\Local\Microsoft\WindowsApps;C:\Users\Aditya\AppData\Local\Programs\Microsoft VS Code\bin;C:\Program Files\JetBrains\IntelliJ IDEA Community Edition 2023.1.3\bin;C:\MinGW\bin;C:\Users\Aditya\.dotnet\tools;C:\Users\Aditya\AppData\Roaming\npm;C:\Users\Aditya\AppData\Local\GitHubDesktop\bin
USERNAME=Aditya
DISPLAY=:0.0
LC_ALL=en_US.UTF-8
TERM=xterm-256color
TMPDIR=C:\Users\Aditya\AppData\Local\Temp
OS=Windows_NT
PROCESSOR_IDENTIFIER=Intel64 Family 6 Model 154 Stepping 3, GenuineIntel
TMP=C:\Users\Aditya\AppData\Local\Temp
TEMP=C:\Users\Aditya\AppData\Local\Temp


JNI global refs:
JNI global refs: 0, weak refs: 0

JNI global refs memory usage: 0, weak refs: 0

OOME stack traces (most recent first):
Classloader memory used:


---------------  S Y S T E M  ---------------

OS:
 Windows 11 , 64 bit Build 22621 (10.0.22621.3085)
OS uptime: 1 days 10:33 hours
Hyper-V role detected

CPU: total 16 (initial active 16) (8 cores per cpu, 2 threads per core) family 6 model 154 stepping 3 microcode 0x423, cx8, cmov, fxsr, ht, mmx, 3dnowpref, sse, sse2, sse3, ssse3, sse4.1, sse4.2, popcnt, lzcnt, tsc, tscinvbit, avx, avx2, aes, erms, clmul, bmi1, bmi2, adx, sha, fma, vzeroupper, clflush, clflushopt, clwb, hv

Memory: 4k page, system-wide physical 15996M (3010M free)
TotalPageFile size 15996M (AvailPageFile size 174M)
current process WorkingSet (physical memory assigned to process): 11M, peak: 11M
current process commit charge ("private bytes"): 71M, peak: 320M

vm_info: OpenJDK 64-Bit Server VM (17.0.7+0-b2043.56-10550314) for windows-amd64 JRE (17.0.7+0-b2043.56-10550314), built on Jul 24 2023 18:27:45 by "androidbuild" with MS VC++ 16.10 / 16.11 (VS2019)

END.
