#
# There is insufficient memory for the Java Runtime Environment to continue.
# Native memory allocation (mmap) failed to map 42991616 bytes for G1 virtual space
# Possible reasons:
#   The system is out of physical RAM or swap space
#   The process is running with CompressedOops enabled, and the Java Heap may be blocking the growth of the native heap
# Possible solutions:
#   Reduce memory load on the system
#   Increase physical memory or swap space
#   Check if swap backing store is full
#   Decrease Java heap size (-Xmx/-Xms)
#   Decrease number of Java threads
#   Decrease Java thread stack sizes (-Xss)
#   Set larger code cache with -XX:ReservedCodeCacheSize=
#   JVM is running with Unscaled Compressed Oops mode in which the Java heap is
#     placed in the first 4GB address space. The Java Heap base address is the
#     maximum limit for the native heap growth. Please use -XX:HeapBaseMinAddress
#     to set the Java Heap base and to place the Java Heap above 4GB virtual address.
# This output file may be truncated or incomplete.
#
#  Out of Memory Error (os_windows.cpp:3825), pid=11508, tid=10316
#
# JRE version: OpenJDK Runtime Environment (17.0.10) (build 17.0.10+0--11572160)
# Java VM: OpenJDK 64-Bit Server VM (17.0.10+0--11572160, mixed mode, tiered, compressed oops, compressed class ptrs, g1 gc, windows-amd64)
# No core dump will be written. Minidumps are not enabled by default on client versions of Windows
#

---------------  S U M M A R Y ------------

Command Line: --add-opens=java.base/java.util=ALL-UNNAMED --add-opens=java.base/java.lang=ALL-UNNAMED --add-opens=java.base/java.lang.invoke=ALL-UNNAMED --add-opens=java.prefs/java.util.prefs=ALL-UNNAMED --add-opens=java.base/java.nio.charset=ALL-UNNAMED --add-opens=java.base/java.net=ALL-UNNAMED --add-opens=java.base/java.util.concurrent.atomic=ALL-UNNAMED -Xmx2048m -Dfile.encoding=UTF-8 -Duser.country=US -Duser.language=en -Duser.variant -javaagent:C:\Users\Aditya\.gradle\wrapper\dists\gradle-8.4-bin\1w5dpkrfk8irigvoxmyhowfim\gradle-8.4\lib\agents\gradle-instrumentation-agent-8.4.jar org.gradle.launcher.daemon.bootstrap.GradleDaemon 8.4

Host: 12th Gen Intel(R) Core(TM) i5-1240P, 16 cores, 15G,  Windows 11 , 64 bit Build 22621 (10.0.22621.3374)
Time: Sun Mar 31 16:10:13 2024 India Standard Time elapsed time: 5.370420 seconds (0d 0h 0m 5s)

---------------  T H R E A D  ---------------

Current thread (0x00000269da59e3f0):  VMThread "VM Thread" [stack: 0x0000006ad2e00000,0x0000006ad2f00000] [id=10316]

Stack: [0x0000006ad2e00000,0x0000006ad2f00000]
Native frames: (J=compiled Java code, j=interpreted, Vv=VM code, C=native code)
V  [jvm.dll+0x688e89]
V  [jvm.dll+0x84247a]
V  [jvm.dll+0x8440be]
V  [jvm.dll+0x844723]
V  [jvm.dll+0x24be0f]
V  [jvm.dll+0x685c59]
V  [jvm.dll+0x67a50a]
V  [jvm.dll+0x30cbab]
V  [jvm.dll+0x314056]
V  [jvm.dll+0x363dce]
V  [jvm.dll+0x363fff]
V  [jvm.dll+0x2e2978]
V  [jvm.dll+0x2e0b54]
V  [jvm.dll+0x2e015c]
V  [jvm.dll+0x32502b]
V  [jvm.dll+0x848e1b]
V  [jvm.dll+0x849b61]
V  [jvm.dll+0x84a07d]
V  [jvm.dll+0x84a454]
V  [jvm.dll+0x84a520]
V  [jvm.dll+0x7f0d1a]
V  [jvm.dll+0x687d05]
C  [ucrtbase.dll+0x29333]
C  [KERNEL32.DLL+0x1257d]
C  [ntdll.dll+0x5aa48]

VM_Operation (0x0000006ad4bf71f0): G1CollectForAllocation, mode: safepoint, requested by thread 0x00000269da5f02c0


---------------  P R O C E S S  ---------------

Threads class SMR info:
_java_thread_list=0x00000269e2501880, length=38, elements={
0x00000269bfa1c410, 0x00000269da5c0020, 0x00000269da5c0cb0, 0x00000269da5edca0,
0x00000269da5ef3a0, 0x00000269da5f1700, 0x00000269da5f1c10, 0x00000269da5f9230,
0x00000269da5f9bf0, 0x00000269da607a20, 0x00000269da5f07d0, 0x00000269da3f7f90,
0x00000269da76d250, 0x00000269da5f2b40, 0x00000269e000ae40, 0x00000269da5f3050,
0x00000269da5f2120, 0x00000269da5f11f0, 0x00000269da5f2630, 0x00000269da5f3560,
0x00000269da5f3a70, 0x00000269da5f02c0, 0x00000269da5f0ce0, 0x00000269e1938df0,
0x00000269e1935130, 0x00000269e1939300, 0x00000269e1939810, 0x00000269e1939d20,
0x00000269e1936570, 0x00000269e193a230, 0x00000269e19379b0, 0x00000269e193b670,
0x00000269e1934200, 0x00000269e193ac50, 0x00000269e19374a0, 0x00000269e193b160,
0x00000269e07f0120, 0x00000269e07f0670
}

Java Threads: ( => current thread )
  0x00000269bfa1c410 JavaThread "main" [_thread_blocked, id=20896, stack(0x0000006ad2800000,0x0000006ad2900000)]
  0x00000269da5c0020 JavaThread "Reference Handler" daemon [_thread_blocked, id=12344, stack(0x0000006ad2f00000,0x0000006ad3000000)]
  0x00000269da5c0cb0 JavaThread "Finalizer" daemon [_thread_blocked, id=7092, stack(0x0000006ad3000000,0x0000006ad3100000)]
  0x00000269da5edca0 JavaThread "Signal Dispatcher" daemon [_thread_blocked, id=17444, stack(0x0000006ad3100000,0x0000006ad3200000)]
  0x00000269da5ef3a0 JavaThread "Attach Listener" daemon [_thread_blocked, id=20996, stack(0x0000006ad3200000,0x0000006ad3300000)]
  0x00000269da5f1700 JavaThread "Service Thread" daemon [_thread_blocked, id=15356, stack(0x0000006ad3300000,0x0000006ad3400000)]
  0x00000269da5f1c10 JavaThread "Monitor Deflation Thread" daemon [_thread_blocked, id=9852, stack(0x0000006ad3400000,0x0000006ad3500000)]
  0x00000269da5f9230 JavaThread "C2 CompilerThread0" daemon [_thread_blocked, id=15592, stack(0x0000006ad3500000,0x0000006ad3600000)]
  0x00000269da5f9bf0 JavaThread "C1 CompilerThread0" daemon [_thread_blocked, id=4268, stack(0x0000006ad3600000,0x0000006ad3700000)]
  0x00000269da607a20 JavaThread "Sweeper thread" daemon [_thread_blocked, id=17548, stack(0x0000006ad3700000,0x0000006ad3800000)]
  0x00000269da5f07d0 JavaThread "Common-Cleaner" daemon [_thread_blocked, id=10196, stack(0x0000006ad3800000,0x0000006ad3900000)]
  0x00000269da3f7f90 JavaThread "C1 CompilerThread1" daemon [_thread_blocked, id=14376, stack(0x0000006ad3900000,0x0000006ad3a00000)]
  0x00000269da76d250 JavaThread "C1 CompilerThread2" daemon [_thread_blocked, id=17780, stack(0x0000006ad3a00000,0x0000006ad3b00000)]
  0x00000269da5f2b40 JavaThread "Notification Thread" daemon [_thread_blocked, id=13916, stack(0x0000006ad3b00000,0x0000006ad3c00000)]
  0x00000269e000ae40 JavaThread "C1 CompilerThread3" daemon [_thread_blocked, id=18888, stack(0x0000006ad3f00000,0x0000006ad4000000)]
  0x00000269da5f3050 JavaThread "Daemon health stats" [_thread_blocked, id=19104, stack(0x0000006ad4500000,0x0000006ad4600000)]
  0x00000269da5f2120 JavaThread "Incoming local TCP Connector on port 50801" [_thread_in_native, id=10452, stack(0x0000006ad4600000,0x0000006ad4700000)]
  0x00000269da5f11f0 JavaThread "Daemon periodic checks" [_thread_blocked, id=7132, stack(0x0000006ad4700000,0x0000006ad4800000)]
  0x00000269da5f2630 JavaThread "Daemon" [_thread_blocked, id=10412, stack(0x0000006ad4800000,0x0000006ad4900000)]
  0x00000269da5f3560 JavaThread "Handler for socket connection from /127.0.0.1:50801 to /127.0.0.1:50803" [_thread_in_native, id=14316, stack(0x0000006ad4900000,0x0000006ad4a00000)]
  0x00000269da5f3a70 JavaThread "Cancel handler" [_thread_blocked, id=20816, stack(0x0000006ad4a00000,0x0000006ad4b00000)]
  0x00000269da5f02c0 JavaThread "Daemon worker" [_thread_blocked, id=14852, stack(0x0000006ad4b00000,0x0000006ad4c00000)]
  0x00000269da5f0ce0 JavaThread "Asynchronous log dispatcher for DefaultDaemonConnection: socket connection from /127.0.0.1:50801 to /127.0.0.1:50803" [_thread_blocked, id=3460, stack(0x0000006ad4c00000,0x0000006ad4d00000)]
  0x00000269e1938df0 JavaThread "Stdin handler" [_thread_blocked, id=19796, stack(0x0000006ad4d00000,0x0000006ad4e00000)]
  0x00000269e1935130 JavaThread "Daemon client event forwarder" [_thread_blocked, id=17256, stack(0x0000006ad4e00000,0x0000006ad4f00000)]
  0x00000269e1939300 JavaThread "Cache worker for journal cache (C:\Users\Aditya\.gradle\caches\journal-1)" [_thread_blocked, id=21068, stack(0x0000006ad5600000,0x0000006ad5700000)]
  0x00000269e1939810 JavaThread "File lock request listener" [_thread_in_native, id=21204, stack(0x0000006ad5700000,0x0000006ad5800000)]
  0x00000269e1939d20 JavaThread "Cache worker for file hash cache (C:\Users\Aditya\.gradle\caches\8.4\fileHashes)" [_thread_blocked, id=2052, stack(0x0000006ad5800000,0x0000006ad5900000)]
  0x00000269e1936570 JavaThread "File watcher server" daemon [_thread_in_native, id=14016, stack(0x0000006ad5c00000,0x0000006ad5d00000)]
  0x00000269e193a230 JavaThread "File watcher consumer" daemon [_thread_blocked, id=21264, stack(0x0000006ad5d00000,0x0000006ad5e00000)]
  0x00000269e19379b0 JavaThread "Cache worker for checksums cache (C:\Users\Aditya\StudioProjects\Semester_4_YEMA_Project\.gradle\8.4\checksums)" [_thread_blocked, id=20760, stack(0x0000006ad5b00000,0x0000006ad5c00000)]
  0x00000269e193b670 JavaThread "Cache worker for file hash cache (C:\Users\Aditya\StudioProjects\Semester_4_YEMA_Project\.gradle\8.4\fileHashes)" [_thread_blocked, id=14856, stack(0x0000006ad5e00000,0x0000006ad5f00000)]
  0x00000269e1934200 JavaThread "Cache worker for cache directory md-supplier (C:\Users\Aditya\.gradle\caches\8.4\md-supplier)" [_thread_blocked, id=17688, stack(0x0000006ad5f00000,0x0000006ad6000000)]
  0x00000269e193ac50 JavaThread "Cache worker for file content cache (C:\Users\Aditya\.gradle\caches\8.4\fileContent)" [_thread_blocked, id=20736, stack(0x0000006ad6000000,0x0000006ad6100000)]
  0x00000269e19374a0 JavaThread "Cache worker for cache directory md-rule (C:\Users\Aditya\.gradle\caches\8.4\md-rule)" [_thread_blocked, id=20524, stack(0x0000006ad5900000,0x0000006ad5a00000)]
  0x00000269e193b160 JavaThread "Cache worker for execution history cache (C:\Users\Aditya\.gradle\caches\8.4\executionHistory)" [_thread_blocked, id=10004, stack(0x0000006ad5a00000,0x0000006ad5b00000)]
  0x00000269e07f0120 JavaThread "C2 CompilerThread1" daemon [_thread_blocked, id=19592, stack(0x0000006ad6100000,0x0000006ad6200000)]
  0x00000269e07f0670 JavaThread "C2 CompilerThread2" daemon [_thread_blocked, id=10396, stack(0x0000006ad6200000,0x0000006ad6300000)]

Other Threads:
=>0x00000269da59e3f0 VMThread "VM Thread" [stack: 0x0000006ad2e00000,0x0000006ad2f00000] [id=10316]
  0x00000269bfa1e1b0 WatcherThread [stack: 0x0000006ad3c00000,0x0000006ad3d00000] [id=2856]
  0x00000269bfa793a0 GCTaskThread "GC Thread#0" [stack: 0x0000006ad2900000,0x0000006ad2a00000] [id=4772]
  0x00000269df1c58d0 GCTaskThread "GC Thread#1" [stack: 0x0000006ad4000000,0x0000006ad4100000] [id=16480]
  0x00000269dfcfd1c0 GCTaskThread "GC Thread#2" [stack: 0x0000006ad4100000,0x0000006ad4200000] [id=21304]
  0x00000269dfcfd480 GCTaskThread "GC Thread#3" [stack: 0x0000006ad4200000,0x0000006ad4300000] [id=3984]
  0x00000269dfb7b7a0 GCTaskThread "GC Thread#4" [stack: 0x0000006ad4300000,0x0000006ad4400000] [id=2164]
  0x00000269dfb7be70 GCTaskThread "GC Thread#5" [stack: 0x0000006ad4400000,0x0000006ad4500000] [id=9064]
  0x00000269e00aace0 GCTaskThread "GC Thread#6" [stack: 0x0000006ad3d00000,0x0000006ad3e00000] [id=3916]
  0x00000269e0d4eb70 GCTaskThread "GC Thread#7" [stack: 0x0000006ad3e00000,0x0000006ad3f00000] [id=8340]
  0x00000269e076dd00 GCTaskThread "GC Thread#8" [stack: 0x0000006ad4f00000,0x0000006ad5000000] [id=19028]
  0x00000269e083e020 GCTaskThread "GC Thread#9" [stack: 0x0000006ad5000000,0x0000006ad5100000] [id=8564]
  0x00000269e0a5a7e0 GCTaskThread "GC Thread#10" [stack: 0x0000006ad5100000,0x0000006ad5200000] [id=2420]
  0x00000269e023b860 GCTaskThread "GC Thread#11" [stack: 0x0000006ad5200000,0x0000006ad5300000] [id=17812]
  0x00000269e12e74f0 GCTaskThread "GC Thread#12" [stack: 0x0000006ad5300000,0x0000006ad5400000] [id=15808]
  0x00000269bfa8a200 ConcurrentGCThread "G1 Main Marker" [stack: 0x0000006ad2a00000,0x0000006ad2b00000] [id=19764]
  0x00000269bfa8ab30 ConcurrentGCThread "G1 Conc#0" [stack: 0x0000006ad2b00000,0x0000006ad2c00000] [id=2428]
  0x00000269e151cd00 ConcurrentGCThread "G1 Conc#1" [stack: 0x0000006ad5400000,0x0000006ad5500000] [id=11108]
  0x00000269e06f8ca0 ConcurrentGCThread "G1 Conc#2" [stack: 0x0000006ad5500000,0x0000006ad5600000] [id=21036]
  0x00000269da2c32e0 ConcurrentGCThread "G1 Refine#0" [stack: 0x0000006ad2c00000,0x0000006ad2d00000] [id=8008]
  0x00000269da2c39c0 ConcurrentGCThread "G1 Service" [stack: 0x0000006ad2d00000,0x0000006ad2e00000] [id=4112]

Threads with active compile tasks:
C2 CompilerThread1     5395 3766       4       java.util.regex.Pattern::compile (500 bytes)
C2 CompilerThread2     5396 3767       4       java.util.regex.Pattern$Node::study (21 bytes)

VM state: at safepoint (normal execution)

VM Mutex/Monitor currently owned by a thread:  ([mutex/lock_event])
[0x00000269bfa19100] Threads_lock - owner thread: 0x00000269da59e3f0
[0x00000269bfa18bf0] Heap_lock - owner thread: 0x00000269da5f02c0

Heap address: 0x0000000080000000, size: 2048 MB, Compressed Oops mode: 32-bit

CDS archive(s) not mapped
Compressed class space mapped at: 0x0000000100000000-0x0000000140000000, reserved size: 1073741824
Narrow klass base: 0x0000000000000000, Narrow klass shift: 3, Narrow klass range: 0x140000000

GC Precious Log:
 CPUs: 16 total, 16 available
 Memory: 15996M
 Large Page Support: Disabled
 NUMA Support: Disabled
 Compressed Oops: Enabled (32-bit)
 Heap Region Size: 1M
 Heap Min Capacity: 8M
 Heap Initial Capacity: 250M
 Heap Max Capacity: 2G
 Pre-touch: Disabled
 Parallel Workers: 13
 Concurrent Workers: 3
 Concurrent Refinement Workers: 13
 Periodic GC: Disabled

Heap:
 garbage-first heap   total 71680K, used 28120K [0x0000000080000000, 0x0000000100000000)
  region size 1024K, 5 young (5120K), 5 survivors (5120K)
 Metaspace       used 41118K, committed 41472K, reserved 1114112K
  class space    used 5423K, committed 5568K, reserved 1048576K

Heap Regions: E=young(eden), S=young(survivor), O=old, HS=humongous(starts), HC=humongous(continues), CS=collection set, F=free, OA=open archive, CA=closed archive, TAMS=top-at-mark-start (previous, next)
|   0|0x0000000080000000, 0x0000000080100000, 0x0000000080100000|100%|HS|  |TAMS 0x0000000080100000, 0x0000000080000000| Complete 
|   1|0x0000000080100000, 0x0000000080200000, 0x0000000080200000|100%|HC|  |TAMS 0x0000000080200000, 0x0000000080100000| Complete 
|   2|0x0000000080200000, 0x0000000080300000, 0x0000000080300000|100%|HC|  |TAMS 0x0000000080300000, 0x0000000080200000| Complete 
|   3|0x0000000080300000, 0x0000000080400000, 0x0000000080400000|100%|HC|  |TAMS 0x0000000080400000, 0x0000000080300000| Complete 
|   4|0x0000000080400000, 0x0000000080500000, 0x0000000080500000|100%| O|  |TAMS 0x0000000080500000, 0x0000000080400000| Untracked 
|   5|0x0000000080500000, 0x0000000080600000, 0x0000000080600000|100%| O|  |TAMS 0x0000000080600000, 0x0000000080500000| Untracked 
|   6|0x0000000080600000, 0x0000000080700000, 0x0000000080700000|100%| O|  |TAMS 0x0000000080700000, 0x0000000080600000| Untracked 
|   7|0x0000000080700000, 0x0000000080800000, 0x0000000080800000|100%| O|  |TAMS 0x0000000080800000, 0x0000000080700000| Untracked 
|   8|0x0000000080800000, 0x0000000080900000, 0x0000000080900000|100%| O|  |TAMS 0x0000000080900000, 0x0000000080800000| Untracked 
|   9|0x0000000080900000, 0x0000000080a00000, 0x0000000080a00000|100%| O|  |TAMS 0x0000000080a00000, 0x0000000080900000| Untracked 
|  10|0x0000000080a00000, 0x0000000080b00000, 0x0000000080b00000|100%| O|  |TAMS 0x0000000080a00000, 0x0000000080a00000| Untracked 
|  11|0x0000000080b00000, 0x0000000080c00000, 0x0000000080c00000|100%| O|  |TAMS 0x0000000080c00000, 0x0000000080b00000| Untracked 
|  12|0x0000000080c00000, 0x0000000080d00000, 0x0000000080d00000|100%| O|  |TAMS 0x0000000080d00000, 0x0000000080c00000| Untracked 
|  13|0x0000000080d00000, 0x0000000080e00000, 0x0000000080e00000|100%| O|  |TAMS 0x0000000080e00000, 0x0000000080d00000| Untracked 
|  14|0x0000000080e00000, 0x0000000080f00000, 0x0000000080f00000|100%| O|  |TAMS 0x0000000080f00000, 0x0000000080e00000| Untracked 
|  15|0x0000000080f00000, 0x0000000081000000, 0x0000000081000000|100%| O|  |TAMS 0x0000000081000000, 0x0000000080f00000| Untracked 
|  16|0x0000000081000000, 0x0000000081100000, 0x0000000081100000|100%| O|  |TAMS 0x0000000081100000, 0x0000000081000000| Untracked 
|  17|0x0000000081100000, 0x0000000081200000, 0x0000000081200000|100%| O|  |TAMS 0x0000000081200000, 0x0000000081100000| Untracked 
|  18|0x0000000081200000, 0x0000000081300000, 0x0000000081300000|100%| O|  |TAMS 0x0000000081300000, 0x0000000081200000| Untracked 
|  19|0x0000000081300000, 0x0000000081400000, 0x0000000081400000|100%| O|  |TAMS 0x0000000081400000, 0x0000000081300000| Untracked 
|  20|0x0000000081400000, 0x0000000081500000, 0x0000000081500000|100%| O|  |TAMS 0x00000000814eb800, 0x0000000081400000| Complete 
|  21|0x0000000081500000, 0x0000000081600000, 0x0000000081600000|100%| O|  |TAMS 0x0000000081500000, 0x0000000081500000| Untracked 
|  22|0x0000000081600000, 0x0000000081676200, 0x0000000081700000| 46%| O|  |TAMS 0x0000000081600000, 0x0000000081600000| Untracked 
|  23|0x0000000081700000, 0x0000000081700000, 0x0000000081800000|  0%| F|  |TAMS 0x0000000081700000, 0x0000000081700000| Untracked 
|  24|0x0000000081800000, 0x0000000081800000, 0x0000000081900000|  0%| F|  |TAMS 0x0000000081800000, 0x0000000081800000| Untracked 
|  25|0x0000000081900000, 0x0000000081900000, 0x0000000081a00000|  0%| F|  |TAMS 0x0000000081900000, 0x0000000081900000| Untracked 
|  26|0x0000000081a00000, 0x0000000081a00000, 0x0000000081b00000|  0%| F|  |TAMS 0x0000000081a00000, 0x0000000081a00000| Untracked 
|  27|0x0000000081b00000, 0x0000000081b00000, 0x0000000081c00000|  0%| F|  |TAMS 0x0000000081b00000, 0x0000000081b00000| Untracked 
|  28|0x0000000081c00000, 0x0000000081c00000, 0x0000000081d00000|  0%| F|  |TAMS 0x0000000081c00000, 0x0000000081c00000| Untracked 
|  29|0x0000000081d00000, 0x0000000081d00000, 0x0000000081e00000|  0%| F|  |TAMS 0x0000000081d00000, 0x0000000081d00000| Untracked 
|  30|0x0000000081e00000, 0x0000000081e00000, 0x0000000081f00000|  0%| F|  |TAMS 0x0000000081e00000, 0x0000000081e00000| Untracked 
|  31|0x0000000081f00000, 0x0000000081f00000, 0x0000000082000000|  0%| F|  |TAMS 0x0000000081f00000, 0x0000000081f00000| Untracked 
|  32|0x0000000082000000, 0x0000000082100000, 0x0000000082100000|100%| S|CS|TAMS 0x0000000082000000, 0x0000000082000000| Complete 
|  33|0x0000000082100000, 0x0000000082200000, 0x0000000082200000|100%| S|CS|TAMS 0x0000000082100000, 0x0000000082100000| Complete 
|  34|0x0000000082200000, 0x0000000082300000, 0x0000000082300000|100%| S|CS|TAMS 0x0000000082200000, 0x0000000082200000| Complete 
|  35|0x0000000082300000, 0x0000000082400000, 0x0000000082400000|100%| S|CS|TAMS 0x0000000082300000, 0x0000000082300000| Complete 
|  36|0x0000000082400000, 0x0000000082500000, 0x0000000082500000|100%| S|CS|TAMS 0x0000000082400000, 0x0000000082400000| Complete 
|  37|0x0000000082500000, 0x0000000082500000, 0x0000000082600000|  0%| F|  |TAMS 0x0000000082500000, 0x0000000082500000| Untracked 
|  38|0x0000000082600000, 0x0000000082600000, 0x0000000082700000|  0%| F|  |TAMS 0x0000000082600000, 0x0000000082600000| Untracked 
|  39|0x0000000082700000, 0x0000000082700000, 0x0000000082800000|  0%| F|  |TAMS 0x0000000082700000, 0x0000000082700000| Untracked 
|  40|0x0000000082800000, 0x0000000082800000, 0x0000000082900000|  0%| F|  |TAMS 0x0000000082800000, 0x0000000082800000| Untracked 
|  41|0x0000000082900000, 0x0000000082900000, 0x0000000082a00000|  0%| F|  |TAMS 0x0000000082900000, 0x0000000082900000| Untracked 
|  42|0x0000000082a00000, 0x0000000082a00000, 0x0000000082b00000|  0%| F|  |TAMS 0x0000000082a00000, 0x0000000082a00000| Untracked 
|  43|0x0000000082b00000, 0x0000000082b00000, 0x0000000082c00000|  0%| F|  |TAMS 0x0000000082b00000, 0x0000000082b00000| Untracked 
|  44|0x0000000082c00000, 0x0000000082c00000, 0x0000000082d00000|  0%| F|  |TAMS 0x0000000082c00000, 0x0000000082c00000| Untracked 
|  45|0x0000000082d00000, 0x0000000082d00000, 0x0000000082e00000|  0%| F|  |TAMS 0x0000000082d00000, 0x0000000082d00000| Untracked 
|  46|0x0000000082e00000, 0x0000000082e00000, 0x0000000082f00000|  0%| F|  |TAMS 0x0000000082e00000, 0x0000000082e00000| Untracked 
|  47|0x0000000082f00000, 0x0000000082f00000, 0x0000000083000000|  0%| F|  |TAMS 0x0000000082f00000, 0x0000000082f00000| Untracked 
|  48|0x0000000083000000, 0x0000000083000000, 0x0000000083100000|  0%| F|  |TAMS 0x0000000083000000, 0x0000000083000000| Untracked 
|  49|0x0000000083100000, 0x0000000083100000, 0x0000000083200000|  0%| F|  |TAMS 0x0000000083100000, 0x0000000083100000| Untracked 
|  50|0x0000000083200000, 0x0000000083200000, 0x0000000083300000|  0%| F|  |TAMS 0x0000000083200000, 0x0000000083200000| Untracked 
|  51|0x0000000083300000, 0x0000000083300000, 0x0000000083400000|  0%| F|  |TAMS 0x0000000083300000, 0x0000000083300000| Untracked 
|  52|0x0000000083400000, 0x0000000083400000, 0x0000000083500000|  0%| F|  |TAMS 0x0000000083400000, 0x0000000083400000| Untracked 
|  53|0x0000000083500000, 0x0000000083500000, 0x0000000083600000|  0%| F|  |TAMS 0x0000000083500000, 0x0000000083500000| Untracked 
|  54|0x0000000083600000, 0x0000000083600000, 0x0000000083700000|  0%| F|  |TAMS 0x0000000083600000, 0x0000000083600000| Untracked 
|  55|0x0000000083700000, 0x0000000083700000, 0x0000000083800000|  0%| F|  |TAMS 0x0000000083700000, 0x0000000083700000| Untracked 
|  56|0x0000000083800000, 0x0000000083800000, 0x0000000083900000|  0%| F|  |TAMS 0x0000000083800000, 0x0000000083800000| Untracked 
|  57|0x0000000083900000, 0x0000000083900000, 0x0000000083a00000|  0%| F|  |TAMS 0x0000000083900000, 0x0000000083900000| Untracked 
|  58|0x0000000083a00000, 0x0000000083a00000, 0x0000000083b00000|  0%| F|  |TAMS 0x0000000083a00000, 0x0000000083a00000| Untracked 
|  59|0x0000000083b00000, 0x0000000083b00000, 0x0000000083c00000|  0%| F|  |TAMS 0x0000000083b00000, 0x0000000083b00000| Untracked 
| 194|0x000000008c200000, 0x000000008c200000, 0x000000008c300000|  0%| F|  |TAMS 0x000000008c200000, 0x000000008c200000| Untracked 
| 195|0x000000008c300000, 0x000000008c300000, 0x000000008c400000|  0%| F|  |TAMS 0x000000008c300000, 0x000000008c300000| Untracked 
| 196|0x000000008c400000, 0x000000008c400000, 0x000000008c500000|  0%| F|  |TAMS 0x000000008c400000, 0x000000008c400000| Untracked 
| 197|0x000000008c500000, 0x000000008c500000, 0x000000008c600000|  0%| F|  |TAMS 0x000000008c500000, 0x000000008c500000| Untracked 
| 198|0x000000008c600000, 0x000000008c600000, 0x000000008c700000|  0%| F|  |TAMS 0x000000008c600000, 0x000000008c600000| Untracked 
| 199|0x000000008c700000, 0x000000008c700000, 0x000000008c800000|  0%| F|  |TAMS 0x000000008c700000, 0x000000008c700000| Untracked 
| 200|0x000000008c800000, 0x000000008c800000, 0x000000008c900000|  0%| F|  |TAMS 0x000000008c800000, 0x000000008c800000| Untracked 
| 201|0x000000008c900000, 0x000000008c900000, 0x000000008ca00000|  0%| F|  |TAMS 0x000000008c900000, 0x000000008c900000| Untracked 
| 202|0x000000008ca00000, 0x000000008ca00000, 0x000000008cb00000|  0%| F|  |TAMS 0x000000008ca00000, 0x000000008ca00000| Untracked 
| 249|0x000000008f900000, 0x000000008f900000, 0x000000008fa00000|  0%| F|  |TAMS 0x000000008f900000, 0x000000008f900000| Untracked 

Card table byte_map: [0x00000269d2b70000,0x00000269d2f70000] _byte_map_base: 0x00000269d2770000

Marking Bits (Prev, Next): (CMBitMap*) 0x00000269bfa798d0, (CMBitMap*) 0x00000269bfa79910
 Prev Bits: [0x00000269d3370000, 0x00000269d5370000)
 Next Bits: [0x00000269d5370000, 0x00000269d7370000)

Polling page: 0x00000269bd7f0000

Metaspace:

Usage:
  Non-class:     34.86 MB used.
      Class:      5.30 MB used.
       Both:     40.15 MB used.

Virtual space:
  Non-class space:       64.00 MB reserved,      35.06 MB ( 55%) committed,  1 nodes.
      Class space:        1.00 GB reserved,       5.44 MB ( <1%) committed,  1 nodes.
             Both:        1.06 GB reserved,      40.50 MB (  4%) committed. 

Chunk freelists:
   Non-Class:  12.33 MB
       Class:  10.56 MB
        Both:  22.89 MB

MaxMetaspaceSize: unlimited
CompressedClassSpaceSize: 1.00 GB
Initial GC threshold: 21.00 MB
Current GC threshold: 58.88 MB
CDS: off
MetaspaceReclaimPolicy: balanced
 - commit_granule_bytes: 65536.
 - commit_granule_words: 8192.
 - virtual_space_node_default_size: 8388608.
 - enlarge_chunks_in_place: 1.
 - new_chunks_are_fully_committed: 0.
 - uncommit_free_chunks: 1.
 - use_allocation_guard: 0.
 - handle_deallocations: 1.


Internal statistics:

num_allocs_failed_limit: 6.
num_arena_births: 294.
num_arena_deaths: 0.
num_vsnodes_births: 2.
num_vsnodes_deaths: 0.
num_space_committed: 648.
num_space_uncommitted: 0.
num_chunks_returned_to_freelist: 6.
num_chunks_taken_from_freelist: 1399.
num_chunk_merges: 6.
num_chunk_splits: 954.
num_chunks_enlarged: 691.
num_inconsistent_stats: 0.

CodeHeap 'non-profiled nmethods': size=119168Kb used=2112Kb max_used=2112Kb free=117055Kb
 bounds [0x00000269caa90000, 0x00000269cad00000, 0x00000269d1ef0000]
CodeHeap 'profiled nmethods': size=119104Kb used=7816Kb max_used=7816Kb free=111287Kb
 bounds [0x00000269c2ef0000, 0x00000269c36a0000, 0x00000269ca340000]
CodeHeap 'non-nmethods': size=7488Kb used=3279Kb max_used=3307Kb free=4208Kb
 bounds [0x00000269ca340000, 0x00000269ca680000, 0x00000269caa90000]
 total_blobs=4420 nmethods=3764 adapters=565
 compilation: enabled
              stopped_count=0, restarted_count=0
 full_count=0

Compilation events (20 events):
Event: 5.336 Thread 0x00000269da5f9bf0 3762       3       jdk.internal.jimage.ImageBufferCache$2::compare (12 bytes)
Event: 5.336 Thread 0x00000269e07f0120 nmethod 3758% 0x00000269cac9bc90 code [0x00000269cac9be20, 0x00000269cac9c048]
Event: 5.336 Thread 0x00000269e07f0120 3759       4       java.util.regex.Matcher::find (69 bytes)
Event: 5.337 Thread 0x00000269da3f7f90 nmethod 3761 0x00000269c3690990 code [0x00000269c3690bc0, 0x00000269c3691598]
Event: 5.337 Thread 0x00000269da5f9bf0 nmethod 3762 0x00000269c3691810 code [0x00000269c3691a20, 0x00000269c3692178]
Event: 5.353 Thread 0x00000269e07f0120 nmethod 3759 0x00000269cac9c290 code [0x00000269cac9c460, 0x00000269cac9ca88]
Event: 5.353 Thread 0x00000269e07f0120 3763       4       jdk.internal.jrtfs.JrtPath::normalize (97 bytes)
Event: 5.357 Thread 0x00000269e07f0120 nmethod 3763 0x00000269cac9cf90 code [0x00000269cac9d120, 0x00000269cac9d2e8]
Event: 5.357 Thread 0x00000269e07f0120 3766       4       java.util.regex.Pattern::compile (500 bytes)
Event: 5.358 Thread 0x00000269da5f9230 nmethod 3751 0x00000269cac9d510 code [0x00000269cac9d6c0, 0x00000269cac9df88]
Event: 5.358 Thread 0x00000269da5f9230 3756       4       jdk.internal.jimage.ImageLocation::getAttribute (44 bytes)
Event: 5.360 Thread 0x00000269da5f9230 nmethod 3756 0x00000269cac9e490 code [0x00000269cac9e600, 0x00000269cac9e6b8]
Event: 5.360 Thread 0x00000269da5f9230 3760       4       java.util.regex.Pattern$LastNode::match (45 bytes)
Event: 5.361 Thread 0x00000269e07f0670 nmethod 3752 0x00000269cac9e790 code [0x00000269cac9e960, 0x00000269cac9f2e8]
Event: 5.361 Thread 0x00000269e07f0670 3765       4       java.lang.Integer::numberOfLeadingZeros (79 bytes)
Event: 5.361 Thread 0x00000269da5f9230 nmethod 3760 0x00000269cac9f910 code [0x00000269cac9fa80, 0x00000269cac9fb78]
Event: 5.361 Thread 0x00000269da5f9230 3764       4       java.util.Spliterators$1Adapter::accept (11 bytes)
Event: 5.362 Thread 0x00000269e07f0670 nmethod 3765 0x00000269cac9fc90 code [0x00000269cac9fe00, 0x00000269cac9feb8]
Event: 5.362 Thread 0x00000269da5f9230 nmethod 3764 0x00000269cac9ff90 code [0x00000269caca0100, 0x00000269caca0238]
Event: 5.363 Thread 0x00000269e07f0670 3767       4       java.util.regex.Pattern$Node::study (21 bytes)

GC Heap History (17 events):
Event: 0.765 GC heap before
{Heap before GC invocations=0 (full 0):
 garbage-first heap   total 256000K, used 26624K [0x0000000080000000, 0x0000000100000000)
  region size 1024K, 23 young (23552K), 0 survivors (0K)
 Metaspace       used 10352K, committed 10496K, reserved 1114112K
  class space    used 1065K, committed 1152K, reserved 1048576K
}
Event: 0.783 GC heap after
{Heap after GC invocations=1 (full 0):
 garbage-first heap   total 256000K, used 10188K [0x0000000080000000, 0x0000000100000000)
  region size 1024K, 3 young (3072K), 3 survivors (3072K)
 Metaspace       used 10352K, committed 10496K, reserved 1114112K
  class space    used 1065K, committed 1152K, reserved 1048576K
}
Event: 1.126 GC heap before
{Heap before GC invocations=1 (full 0):
 garbage-first heap   total 256000K, used 38860K [0x0000000080000000, 0x0000000100000000)
  region size 1024K, 31 young (31744K), 3 survivors (3072K)
 Metaspace       used 11531K, committed 11712K, reserved 1114112K
  class space    used 1198K, committed 1280K, reserved 1048576K
}
Event: 1.129 GC heap after
{Heap after GC invocations=2 (full 0):
 garbage-first heap   total 256000K, used 11274K [0x0000000080000000, 0x0000000100000000)
  region size 1024K, 1 young (1024K), 1 survivors (1024K)
 Metaspace       used 11531K, committed 11712K, reserved 1114112K
  class space    used 1198K, committed 1280K, reserved 1048576K
}
Event: 2.541 GC heap before
{Heap before GC invocations=2 (full 0):
 garbage-first heap   total 256000K, used 57354K [0x0000000080000000, 0x0000000100000000)
  region size 1024K, 47 young (48128K), 1 survivors (1024K)
 Metaspace       used 21298K, committed 21504K, reserved 1114112K
  class space    used 2515K, committed 2624K, reserved 1048576K
}
Event: 2.547 GC heap after
{Heap after GC invocations=3 (full 0):
 garbage-first heap   total 256000K, used 18994K [0x0000000080000000, 0x0000000100000000)
  region size 1024K, 9 young (9216K), 9 survivors (9216K)
 Metaspace       used 21298K, committed 21504K, reserved 1114112K
  class space    used 2515K, committed 2624K, reserved 1048576K
}
Event: 3.277 GC heap before
{Heap before GC invocations=4 (full 0):
 garbage-first heap   total 71680K, used 52786K [0x0000000080000000, 0x0000000100000000)
  region size 1024K, 42 young (43008K), 9 survivors (9216K)
 Metaspace       used 26415K, committed 26688K, reserved 1114112K
  class space    used 3383K, committed 3520K, reserved 1048576K
}
Event: 3.284 GC heap after
{Heap after GC invocations=5 (full 0):
 garbage-first heap   total 71680K, used 20434K [0x0000000080000000, 0x0000000100000000)
  region size 1024K, 2 young (2048K), 2 survivors (2048K)
 Metaspace       used 26415K, committed 26688K, reserved 1114112K
  class space    used 3383K, committed 3520K, reserved 1048576K
}
Event: 3.298 GC heap before
{Heap before GC invocations=5 (full 0):
 garbage-first heap   total 71680K, used 21458K [0x0000000080000000, 0x0000000100000000)
  region size 1024K, 3 young (3072K), 2 survivors (2048K)
 Metaspace       used 26579K, committed 26816K, reserved 1114112K
  class space    used 3406K, committed 3520K, reserved 1048576K
}
Event: 3.300 GC heap after
{Heap after GC invocations=6 (full 0):
 garbage-first heap   total 71680K, used 20853K [0x0000000080000000, 0x0000000100000000)
  region size 1024K, 1 young (1024K), 1 survivors (1024K)
 Metaspace       used 26579K, committed 26816K, reserved 1114112K
  class space    used 3406K, committed 3520K, reserved 1048576K
}
Event: 4.025 GC heap before
{Heap before GC invocations=6 (full 0):
 garbage-first heap   total 71680K, used 51573K [0x0000000080000000, 0x0000000100000000)
  region size 1024K, 31 young (31744K), 1 survivors (1024K)
 Metaspace       used 30769K, committed 31104K, reserved 1114112K
  class space    used 4083K, committed 4224K, reserved 1048576K
}
Event: 4.027 GC heap after
{Heap after GC invocations=7 (full 0):
 garbage-first heap   total 71680K, used 22154K [0x0000000080000000, 0x0000000100000000)
  region size 1024K, 2 young (2048K), 2 survivors (2048K)
 Metaspace       used 30769K, committed 31104K, reserved 1114112K
  class space    used 4083K, committed 4224K, reserved 1048576K
}
Event: 4.556 GC heap before
{Heap before GC invocations=7 (full 0):
 garbage-first heap   total 71680K, used 51850K [0x0000000080000000, 0x0000000100000000)
  region size 1024K, 32 young (32768K), 2 survivors (2048K)
 Metaspace       used 34593K, committed 34816K, reserved 1114112K
  class space    used 4715K, committed 4800K, reserved 1048576K
}
Event: 4.558 GC heap after
{Heap after GC invocations=8 (full 0):
 garbage-first heap   total 71680K, used 23441K [0x0000000080000000, 0x0000000100000000)
  region size 1024K, 3 young (3072K), 3 survivors (3072K)
 Metaspace       used 34593K, committed 34816K, reserved 1114112K
  class space    used 4715K, committed 4800K, reserved 1048576K
}
Event: 4.697 GC heap before
{Heap before GC invocations=8 (full 0):
 garbage-first heap   total 71680K, used 29585K [0x0000000080000000, 0x0000000100000000)
  region size 1024K, 10 young (10240K), 3 survivors (3072K)
 Metaspace       used 35743K, committed 36096K, reserved 1114112K
  class space    used 4855K, committed 5056K, reserved 1048576K
}
Event: 4.700 GC heap after
{Heap after GC invocations=9 (full 0):
 garbage-first heap   total 71680K, used 23840K [0x0000000080000000, 0x0000000100000000)
  region size 1024K, 2 young (2048K), 2 survivors (2048K)
 Metaspace       used 35743K, committed 36096K, reserved 1114112K
  class space    used 4855K, committed 5056K, reserved 1048576K
}
Event: 5.363 GC heap before
{Heap before GC invocations=10 (full 0):
 garbage-first heap   total 71680K, used 54560K [0x0000000080000000, 0x0000000100000000)
  region size 1024K, 33 young (33792K), 2 survivors (2048K)
 Metaspace       used 41118K, committed 41472K, reserved 1114112K
  class space    used 5423K, committed 5568K, reserved 1048576K
}

Dll operation events (3 events):
Event: 0.007 Loaded shared library C:\Program Files\Android\Android Studio\jbr\bin\java.dll
Event: 0.144 Loaded shared library C:\Program Files\Android\Android Studio\jbr\bin\zip.dll
Event: 0.545 Loaded shared library C:\Program Files\Android\Android Studio\jbr\bin\verify.dll

Deoptimization events (20 events):
Event: 5.251 Thread 0x00000269da5f02c0 Uncommon trap: trap_request=0xffffffc6 fr.pc=0x00000269cac4f6a8 relative=0x00000000000002c8
Event: 5.251 Thread 0x00000269da5f02c0 Uncommon trap: reason=bimorphic_or_optimized_type_check action=maybe_recompile pc=0x00000269cac4f6a8 method=java.util.stream.MatchOps$1MatchSink.accept(Ljava/lang/Object;)V @ 12 c2
Event: 5.251 Thread 0x00000269da5f02c0 DEOPT PACKING pc=0x00000269cac4f6a8 sp=0x0000006ad4bf8570
Event: 5.251 Thread 0x00000269da5f02c0 DEOPT UNPACKING pc=0x00000269ca3969a3 sp=0x0000006ad4bf8518 mode 2
Event: 5.256 Thread 0x00000269da5f02c0 Uncommon trap: trap_request=0xffffff45 fr.pc=0x00000269cab96200 relative=0x00000000000000e0
Event: 5.256 Thread 0x00000269da5f02c0 Uncommon trap: reason=unstable_if action=reinterpret pc=0x00000269cab96200 method=java.lang.ClassLoader.getClassLoadingLock(Ljava/lang/String;)Ljava/lang/Object; @ 6 c2
Event: 5.256 Thread 0x00000269da5f02c0 DEOPT PACKING pc=0x00000269cab96200 sp=0x0000006ad4bf8bb0
Event: 5.256 Thread 0x00000269da5f02c0 DEOPT UNPACKING pc=0x00000269ca3969a3 sp=0x0000006ad4bf8b50 mode 2
Event: 5.264 Thread 0x00000269da5f02c0 Uncommon trap: trap_request=0xffffff6e fr.pc=0x00000269cac908e0 relative=0x0000000000000480
Event: 5.264 Thread 0x00000269da5f02c0 Uncommon trap: reason=loop_limit_check action=maybe_recompile pc=0x00000269cac908e0 method=java.util.regex.Pattern$Start.match(Ljava/util/regex/Matcher;ILjava/lang/CharSequence;)Z @ 34 c2
Event: 5.264 Thread 0x00000269da5f02c0 DEOPT PACKING pc=0x00000269cac908e0 sp=0x0000006ad4bf88f0
Event: 5.264 Thread 0x00000269da5f02c0 DEOPT UNPACKING pc=0x00000269ca3969a3 sp=0x0000006ad4bf8830 mode 2
Event: 5.340 Thread 0x00000269da5f02c0 DEOPT PACKING pc=0x00000269c3668120 sp=0x0000006ad4bf8680
Event: 5.340 Thread 0x00000269da5f02c0 DEOPT UNPACKING pc=0x00000269ca397143 sp=0x0000006ad4bf7b90 mode 0
Event: 5.345 Thread 0x00000269da5f02c0 DEOPT PACKING pc=0x00000269c3668120 sp=0x0000006ad4bf8680
Event: 5.345 Thread 0x00000269da5f02c0 DEOPT UNPACKING pc=0x00000269ca397143 sp=0x0000006ad4bf7b90 mode 0
Event: 5.349 Thread 0x00000269da5f02c0 DEOPT PACKING pc=0x00000269c3668120 sp=0x0000006ad4bf8680
Event: 5.349 Thread 0x00000269da5f02c0 DEOPT UNPACKING pc=0x00000269ca397143 sp=0x0000006ad4bf7b90 mode 0
Event: 5.354 Thread 0x00000269da5f02c0 DEOPT PACKING pc=0x00000269c3668120 sp=0x0000006ad4bf8680
Event: 5.354 Thread 0x00000269da5f02c0 DEOPT UNPACKING pc=0x00000269ca397143 sp=0x0000006ad4bf7b90 mode 0

Classes unloaded (0 events):
No events

Classes redefined (0 events):
No events

Internal exceptions (20 events):
Event: 4.148 Thread 0x00000269da5f02c0 Exception <a 'java/lang/NoSuchMethodError'{0x000000008c48a028}: 'java.lang.Object java.lang.invoke.DirectMethodHandle$Holder.invokeSpecial(java.lang.Object, java.lang.Object, java.lang.Object, java.lang.Object, java.lang.Object, java.lang.Object, java.lang.Object, java.lang.Object, java.lang.Object, java.lang.Object, java.lang.Object, java.lang.Object)'> (0x000000008c48a028) 
thrown [s\src\hotspot\share\interpreter\linkResolver.cpp, line 771]
Event: 4.149 Thread 0x00000269da5f02c0 Exception <a 'java/lang/NoSuchMethodError'{0x000000008c48f6c0}: 'java.lang.Object java.lang.invoke.Invokers$Holder.linkToTargetMethod(java.lang.Object, java.lang.Object, java.lang.Object, java.lang.Object, java.lang.Object, java.lang.Object, java.lang.Object, java.lang.Object, java.lang.Object, java.lang.Object, java.lang.Object)'> (0x000000008c48f6c0) 
thrown [s\src\hotspot\share\interpreter\linkResolver.cpp, line 771]
Event: 4.158 Thread 0x00000269da5f02c0 Exception <a 'java/lang/NoSuchMethodError'{0x000000008c32c580}: 'java.lang.Object java.lang.invoke.DirectMethodHandle$Holder.invokeStaticInit(java.lang.Object, java.lang.Object, java.lang.Object, java.lang.Object)'> (0x000000008c32c580) 
thrown [s\src\hotspot\share\interpreter\linkResolver.cpp, line 771]
Event: 4.251 Thread 0x00000269da5f02c0 Implicit null exception at 0x00000269caae4e0f to 0x00000269caae534c
Event: 4.478 Thread 0x00000269da5f02c0 Exception <a 'java/lang/NoSuchMethodError'{0x0000000082caeff0}: 'java.lang.Object java.lang.invoke.DirectMethodHandle$Holder.newInvokeSpecial(java.lang.Object, java.lang.Object, java.lang.Object, java.lang.Object, java.lang.Object, java.lang.Object, java.lang.Object, java.lang.Object)'> (0x0000000082caeff0) 
thrown [s\src\hotspot\share\interpreter\linkResolver.cpp, line 771]
Event: 4.479 Thread 0x00000269da5f02c0 Exception <a 'java/lang/NoSuchMethodError'{0x0000000082cb4d10}: 'java.lang.Object java.lang.invoke.Invokers$Holder.linkToTargetMethod(java.lang.Object, java.lang.Object, java.lang.Object, java.lang.Object, java.lang.Object, java.lang.Object, java.lang.Object, java.lang.Object)'> (0x0000000082cb4d10) 
thrown [s\src\hotspot\share\interpreter\linkResolver.cpp, line 771]
Event: 4.491 Thread 0x00000269da5f02c0 Exception <a 'java/lang/IncompatibleClassChangeError'{0x0000000082b24980}: Found class java.lang.Object, but interface was expected> (0x0000000082b24980) 
thrown [s\src\hotspot\share\interpreter\linkResolver.cpp, line 838]
Event: 4.635 Thread 0x00000269da5f02c0 Exception <a 'java/lang/NoSuchMethodError'{0x000000008c85a148}: 'java.lang.Object java.lang.invoke.DirectMethodHandle$Holder.newInvokeSpecial(java.lang.Object, java.lang.Object, int, int)'> (0x000000008c85a148) 
thrown [s\src\hotspot\share\interpreter\linkResolver.cpp, line 771]
Event: 4.802 Thread 0x00000269da5f02c0 Exception <a 'java/lang/NoSuchMethodError'{0x000000008c89e518}: 'void java.lang.invoke.DirectMethodHandle$Holder.invokeStaticInit(java.lang.Object, java.lang.Object, java.lang.Object)'> (0x000000008c89e518) 
thrown [s\src\hotspot\share\interpreter\linkResolver.cpp, line 771]
Event: 4.803 Thread 0x00000269da5f02c0 Exception <a 'java/lang/NoSuchMethodError'{0x000000008c8a5c10}: 'void java.lang.invoke.DirectMethodHandle$Holder.invokeStaticInit(java.lang.Object, java.lang.Object, java.lang.Object, java.lang.Object)'> (0x000000008c8a5c10) 
thrown [s\src\hotspot\share\interpreter\linkResolver.cpp, line 771]
Event: 4.806 Thread 0x00000269da5f02c0 Exception <a 'java/lang/NoSuchMethodError'{0x000000008c8c7c10}: 'void java.lang.invoke.DirectMethodHandle$Holder.invokeStaticInit(java.lang.Object, java.lang.Object, java.lang.Object, java.lang.Object, java.lang.Object)'> (0x000000008c8c7c10) 
thrown [s\src\hotspot\share\interpreter\linkResolver.cpp, line 771]
Event: 4.807 Thread 0x00000269da5f02c0 Exception <a 'java/lang/NoSuchMethodError'{0x000000008c8cf9d8}: 'int java.lang.invoke.DirectMethodHandle$Holder.invokeStaticInit(java.lang.Object, java.lang.Object, java.lang.Object)'> (0x000000008c8cf9d8) 
thrown [s\src\hotspot\share\interpreter\linkResolver.cpp, line 771]
Event: 4.819 Thread 0x00000269da5f02c0 Exception <a 'java/lang/NoSuchMethodError'{0x000000008c726420}: 'int java.lang.invoke.DirectMethodHandle$Holder.invokeStaticInit(java.lang.Object, java.lang.Object, java.lang.Object, java.lang.Object)'> (0x000000008c726420) 
thrown [s\src\hotspot\share\interpreter\linkResolver.cpp, line 771]
Event: 5.098 Thread 0x00000269da5f02c0 Exception <a 'java/lang/ClassNotFoundException'{0x00000000836890a8}: groovy/lang/ExpandoMetaClassBeanInfo> (0x00000000836890a8) 
thrown [s\src\hotspot\share\classfile\systemDictionary.cpp, line 256]
Event: 5.099 Thread 0x00000269da5f02c0 Exception <a 'java/lang/ClassNotFoundException'{0x000000008369fa20}: groovy/lang/MetaClassImplBeanInfo> (0x000000008369fa20) 
thrown [s\src\hotspot\share\classfile\systemDictionary.cpp, line 256]
Event: 5.100 Thread 0x00000269da5f02c0 Exception <a 'java/lang/ClassNotFoundException'{0x00000000836a4a98}: java/lang/ObjectBeanInfo> (0x00000000836a4a98) 
thrown [s\src\hotspot\share\classfile\systemDictionary.cpp, line 256]
Event: 5.101 Thread 0x00000269da5f02c0 Exception <a 'java/lang/ClassNotFoundException'{0x00000000836aad48}: java/lang/ObjectCustomizer> (0x00000000836aad48) 
thrown [s\src\hotspot\share\classfile\systemDictionary.cpp, line 256]
Event: 5.106 Thread 0x00000269da5f02c0 Exception <a 'java/lang/IncompatibleClassChangeError'{0x00000000836ba778}: Found class java.lang.Object, but interface was expected> (0x00000000836ba778) 
thrown [s\src\hotspot\share\interpreter\linkResolver.cpp, line 838]
Event: 5.111 Thread 0x00000269da5f02c0 Exception <a 'java/lang/ClassNotFoundException'{0x00000000836dfea0}: groovy/lang/MetaClassImplCustomizer> (0x00000000836dfea0) 
thrown [s\src\hotspot\share\classfile\systemDictionary.cpp, line 256]
Event: 5.113 Thread 0x00000269da5f02c0 Exception <a 'java/lang/ClassNotFoundException'{0x00000000835162f8}: groovy/lang/ExpandoMetaClassCustomizer> (0x00000000835162f8) 
thrown [s\src\hotspot\share\classfile\systemDictionary.cpp, line 256]

VM Operations (20 events):
Event: 4.715 Executing VM operation: G1PauseCleanup done
Event: 4.749 Executing VM operation: HandshakeAllThreads
Event: 4.749 Executing VM operation: HandshakeAllThreads done
Event: 4.944 Executing VM operation: HandshakeAllThreads
Event: 4.944 Executing VM operation: HandshakeAllThreads done
Event: 5.007 Executing VM operation: HandshakeAllThreads
Event: 5.007 Executing VM operation: HandshakeAllThreads done
Event: 5.180 Executing VM operation: HandshakeAllThreads
Event: 5.180 Executing VM operation: HandshakeAllThreads done
Event: 5.181 Executing VM operation: HandshakeAllThreads
Event: 5.181 Executing VM operation: HandshakeAllThreads done
Event: 5.184 Executing VM operation: HandshakeAllThreads
Event: 5.184 Executing VM operation: HandshakeAllThreads done
Event: 5.188 Executing VM operation: HandshakeAllThreads
Event: 5.189 Executing VM operation: HandshakeAllThreads done
Event: 5.197 Executing VM operation: HandshakeAllThreads
Event: 5.197 Executing VM operation: HandshakeAllThreads done
Event: 5.272 Executing VM operation: HandshakeAllThreads
Event: 5.272 Executing VM operation: HandshakeAllThreads done
Event: 5.363 Executing VM operation: G1CollectForAllocation

Events (20 events):
Event: 5.269 loading class jdk/internal/jimage/ImageReader$Directory
Event: 5.269 loading class jdk/internal/jimage/ImageReader$Node
Event: 5.269 loading class jdk/internal/jimage/ImageReader$Node done
Event: 5.269 loading class jdk/internal/jimage/ImageReader$Directory done
Event: 5.270 loading class jdk/internal/jrtfs/SystemImage$1
Event: 5.270 loading class jdk/internal/jrtfs/SystemImage$1 done
Event: 5.270 loading class jdk/internal/jimage/ImageReader$SharedImageReader$LocationVisitor
Event: 5.270 loading class jdk/internal/jimage/ImageReader$SharedImageReader$LocationVisitor done
Event: 5.271 loading class java/nio/ByteBufferAsIntBufferL
Event: 5.271 loading class java/nio/ByteBufferAsIntBufferL done
Event: 5.273 loading class jdk/internal/jrtfs/JrtFileAttributes
Event: 5.273 loading class jdk/internal/jrtfs/JrtFileAttributes done
Event: 5.273 loading class jdk/internal/jrtfs/JrtDirectoryStream
Event: 5.273 loading class jdk/internal/jrtfs/JrtDirectoryStream done
Event: 5.274 loading class jdk/internal/jrtfs/JrtDirectoryStream$1
Event: 5.275 loading class jdk/internal/jrtfs/JrtDirectoryStream$1 done
Event: 5.275 loading class java/util/function/BooleanSupplier
Event: 5.275 loading class java/util/function/BooleanSupplier done
Event: 5.276 loading class jdk/internal/jimage/ImageReader$Resource
Event: 5.276 loading class jdk/internal/jimage/ImageReader$Resource done


Dynamic libraries:
0x00007ff7dfc80000 - 0x00007ff7dfc8a000 	C:\Program Files\Android\Android Studio\jbr\bin\java.exe
0x00007ff8e7a90000 - 0x00007ff8e7ca6000 	C:\WINDOWS\SYSTEM32\ntdll.dll
0x00007ff8e6640000 - 0x00007ff8e6704000 	C:\WINDOWS\System32\KERNEL32.DLL
0x00007ff8e5410000 - 0x00007ff8e57b7000 	C:\WINDOWS\System32\KERNELBASE.dll
0x00007ff8e4db0000 - 0x00007ff8e4ec1000 	C:\WINDOWS\System32\ucrtbase.dll
0x00007ff89c2e0000 - 0x00007ff89c2f7000 	C:\Program Files\Android\Android Studio\jbr\bin\jli.dll
0x00007ff8adae0000 - 0x00007ff8adafb000 	C:\Program Files\Android\Android Studio\jbr\bin\VCRUNTIME140.dll
0x00007ff8e6390000 - 0x00007ff8e653e000 	C:\WINDOWS\System32\USER32.dll
0x00007ff8e51d0000 - 0x00007ff8e51f6000 	C:\WINDOWS\System32\win32u.dll
0x00007ff8c8a60000 - 0x00007ff8c8cf3000 	C:\WINDOWS\WinSxS\amd64_microsoft.windows.common-controls_6595b64144ccf1df_6.0.22621.3235_none_270f74e173860f98\COMCTL32.dll
0x00007ff8e6ba0000 - 0x00007ff8e6bc9000 	C:\WINDOWS\System32\GDI32.dll
0x00007ff8e5ce0000 - 0x00007ff8e5d87000 	C:\WINDOWS\System32\msvcrt.dll
0x00007ff8e50b0000 - 0x00007ff8e51c9000 	C:\WINDOWS\System32\gdi32full.dll
0x00007ff8e52f0000 - 0x00007ff8e538a000 	C:\WINDOWS\System32\msvcp_win.dll
0x00007ff8e76f0000 - 0x00007ff8e7721000 	C:\WINDOWS\System32\IMM32.DLL
0x00007ff8b9a90000 - 0x00007ff8b9a9c000 	C:\Program Files\Android\Android Studio\jbr\bin\vcruntime140_1.dll
0x00007ff84ec00000 - 0x00007ff84ec8d000 	C:\Program Files\Android\Android Studio\jbr\bin\msvcp140.dll
0x00007ff819f80000 - 0x00007ff81ac03000 	C:\Program Files\Android\Android Studio\jbr\bin\server\jvm.dll
0x00007ff8e5a70000 - 0x00007ff8e5b22000 	C:\WINDOWS\System32\ADVAPI32.dll
0x00007ff8e5da0000 - 0x00007ff8e5e48000 	C:\WINDOWS\System32\sechost.dll
0x00007ff8e52c0000 - 0x00007ff8e52e8000 	C:\WINDOWS\System32\bcrypt.dll
0x00007ff8e5bb0000 - 0x00007ff8e5cc5000 	C:\WINDOWS\System32\RPCRT4.dll
0x00007ff8c3140000 - 0x00007ff8c3149000 	C:\WINDOWS\SYSTEM32\WSOCK32.dll
0x00007ff8d9220000 - 0x00007ff8d9254000 	C:\WINDOWS\SYSTEM32\WINMM.dll
0x00007ff8e5b30000 - 0x00007ff8e5ba1000 	C:\WINDOWS\System32\WS2_32.dll
0x00007ff8e3c30000 - 0x00007ff8e3c7d000 	C:\WINDOWS\SYSTEM32\POWRPROF.dll
0x00007ff8c6ff0000 - 0x00007ff8c6ffa000 	C:\WINDOWS\SYSTEM32\VERSION.dll
0x00007ff8e3c10000 - 0x00007ff8e3c23000 	C:\WINDOWS\SYSTEM32\UMPDC.dll
0x00007ff8e3ec0000 - 0x00007ff8e3ed8000 	C:\WINDOWS\SYSTEM32\kernel.appcore.dll
0x00007ff8c22b0000 - 0x00007ff8c22ba000 	C:\Program Files\Android\Android Studio\jbr\bin\jimage.dll
0x00007ff8e23a0000 - 0x00007ff8e25d3000 	C:\WINDOWS\SYSTEM32\DBGHELP.DLL
0x00007ff8e6000000 - 0x00007ff8e6388000 	C:\WINDOWS\System32\combase.dll
0x00007ff8e5ec0000 - 0x00007ff8e5f97000 	C:\WINDOWS\System32\OLEAUT32.dll
0x00007ff8ba370000 - 0x00007ff8ba3a2000 	C:\WINDOWS\SYSTEM32\dbgcore.DLL
0x00007ff8e5390000 - 0x00007ff8e5409000 	C:\WINDOWS\System32\bcryptPrimitives.dll
0x00007ff8b1a90000 - 0x00007ff8b1a9e000 	C:\Program Files\Android\Android Studio\jbr\bin\instrument.dll
0x00007ff8b7720000 - 0x00007ff8b7745000 	C:\Program Files\Android\Android Studio\jbr\bin\java.dll
0x00007ff8b7700000 - 0x00007ff8b7718000 	C:\Program Files\Android\Android Studio\jbr\bin\zip.dll
0x00007ff8e6d30000 - 0x00007ff8e758c000 	C:\WINDOWS\System32\SHELL32.dll
0x00007ff8e2cf0000 - 0x00007ff8e35e9000 	C:\WINDOWS\SYSTEM32\windows.storage.dll
0x00007ff8e2bb0000 - 0x00007ff8e2cee000 	C:\WINDOWS\SYSTEM32\wintypes.dll
0x00007ff8e57c0000 - 0x00007ff8e58b3000 	C:\WINDOWS\System32\SHCORE.dll
0x00007ff8e5fa0000 - 0x00007ff8e5ffe000 	C:\WINDOWS\System32\shlwapi.dll
0x00007ff8e4ce0000 - 0x00007ff8e4d01000 	C:\WINDOWS\SYSTEM32\profapi.dll
0x00007ff89e280000 - 0x00007ff89e299000 	C:\Program Files\Android\Android Studio\jbr\bin\net.dll
0x00007ff8dbe10000 - 0x00007ff8dbf46000 	C:\WINDOWS\SYSTEM32\WINHTTP.dll
0x00007ff8e4340000 - 0x00007ff8e43a9000 	C:\WINDOWS\system32\mswsock.dll
0x00007ff89c300000 - 0x00007ff89c316000 	C:\Program Files\Android\Android Studio\jbr\bin\nio.dll
0x00007ff8ba320000 - 0x00007ff8ba330000 	C:\Program Files\Android\Android Studio\jbr\bin\verify.dll
0x00007ff8b67b0000 - 0x00007ff8b67d7000 	C:\Users\Aditya\.gradle\native\c067742578af261105cb4f569cf0c3c89f3d7b1fecec35dd04571415982c5e48\windows-amd64\native-platform.dll
0x00007ff83c290000 - 0x00007ff83c3d4000 	C:\Users\Aditya\.gradle\native\38dada09dfb8b06ba9b0570ebf7e218e3eb74d4ef43ca46872605cf95ebc2f47\windows-amd64\native-platform-file-events.dll
0x00007ff8b76c0000 - 0x00007ff8b76c9000 	C:\Program Files\Android\Android Studio\jbr\bin\management.dll
0x00007ff8b6ea0000 - 0x00007ff8b6eab000 	C:\Program Files\Android\Android Studio\jbr\bin\management_ext.dll
0x00007ff8e6b90000 - 0x00007ff8e6b98000 	C:\WINDOWS\System32\PSAPI.DLL
0x00007ff8e45b0000 - 0x00007ff8e45cb000 	C:\WINDOWS\SYSTEM32\CRYPTSP.dll
0x00007ff8e3e20000 - 0x00007ff8e3e55000 	C:\WINDOWS\system32\rsaenh.dll
0x00007ff8e4450000 - 0x00007ff8e4478000 	C:\WINDOWS\SYSTEM32\USERENV.dll
0x00007ff8e45d0000 - 0x00007ff8e45dc000 	C:\WINDOWS\SYSTEM32\CRYPTBASE.dll
0x00007ff8e38f0000 - 0x00007ff8e391d000 	C:\WINDOWS\SYSTEM32\IPHLPAPI.DLL
0x00007ff8e7730000 - 0x00007ff8e7739000 	C:\WINDOWS\System32\NSI.dll
0x00007ff8dbae0000 - 0x00007ff8dbaf9000 	C:\WINDOWS\SYSTEM32\dhcpcsvc6.DLL
0x00007ff8db9f0000 - 0x00007ff8dba0f000 	C:\WINDOWS\SYSTEM32\dhcpcsvc.DLL
0x00007ff8e3970000 - 0x00007ff8e3a69000 	C:\WINDOWS\SYSTEM32\DNSAPI.dll
0x00007ff8b76f0000 - 0x00007ff8b76f9000 	C:\Program Files\Android\Android Studio\jbr\bin\extnet.dll
0x00007ff8b3cc0000 - 0x00007ff8b3cc8000 	C:\WINDOWS\system32\wshunix.dll

dbghelp: loaded successfully - version: 4.0.5 - missing functions: none
symbol engine: initialized successfully - sym options: 0x614 - pdb path: .;C:\Program Files\Android\Android Studio\jbr\bin;C:\WINDOWS\SYSTEM32;C:\WINDOWS\WinSxS\amd64_microsoft.windows.common-controls_6595b64144ccf1df_6.0.22621.3235_none_270f74e173860f98;C:\Program Files\Android\Android Studio\jbr\bin\server;C:\Users\Aditya\.gradle\native\c067742578af261105cb4f569cf0c3c89f3d7b1fecec35dd04571415982c5e48\windows-amd64;C:\Users\Aditya\.gradle\native\38dada09dfb8b06ba9b0570ebf7e218e3eb74d4ef43ca46872605cf95ebc2f47\windows-amd64

VM Arguments:
jvm_args: --add-opens=java.base/java.util=ALL-UNNAMED --add-opens=java.base/java.lang=ALL-UNNAMED --add-opens=java.base/java.lang.invoke=ALL-UNNAMED --add-opens=java.prefs/java.util.prefs=ALL-UNNAMED --add-opens=java.base/java.nio.charset=ALL-UNNAMED --add-opens=java.base/java.net=ALL-UNNAMED --add-opens=java.base/java.util.concurrent.atomic=ALL-UNNAMED -Xmx2048m -Dfile.encoding=UTF-8 -Duser.country=US -Duser.language=en -Duser.variant -javaagent:C:\Users\Aditya\.gradle\wrapper\dists\gradle-8.4-bin\1w5dpkrfk8irigvoxmyhowfim\gradle-8.4\lib\agents\gradle-instrumentation-agent-8.4.jar 
java_command: org.gradle.launcher.daemon.bootstrap.GradleDaemon 8.4
java_class_path (initial): C:\Users\Aditya\.gradle\wrapper\dists\gradle-8.4-bin\1w5dpkrfk8irigvoxmyhowfim\gradle-8.4\lib\gradle-launcher-8.4.jar
Launcher Type: SUN_STANDARD

[Global flags]
     intx CICompilerCount                          = 12                                        {product} {ergonomic}
     uint ConcGCThreads                            = 3                                         {product} {ergonomic}
     uint G1ConcRefinementThreads                  = 13                                        {product} {ergonomic}
   size_t G1HeapRegionSize                         = 1048576                                   {product} {ergonomic}
    uintx GCDrainStackTargetSize                   = 64                                        {product} {ergonomic}
   size_t InitialHeapSize                          = 262144000                                 {product} {ergonomic}
   size_t MarkStackSize                            = 4194304                                   {product} {ergonomic}
   size_t MaxHeapSize                              = 2147483648                                {product} {command line}
   size_t MaxNewSize                               = 1287651328                                {product} {ergonomic}
   size_t MinHeapDeltaBytes                        = 1048576                                   {product} {ergonomic}
   size_t MinHeapSize                              = 8388608                                   {product} {ergonomic}
    uintx NonNMethodCodeHeapSize                   = 7602480                                {pd product} {ergonomic}
    uintx NonProfiledCodeHeapSize                  = 122027880                              {pd product} {ergonomic}
    uintx ProfiledCodeHeapSize                     = 122027880                              {pd product} {ergonomic}
    uintx ReservedCodeCacheSize                    = 251658240                              {pd product} {ergonomic}
     bool SegmentedCodeCache                       = true                                      {product} {ergonomic}
   size_t SoftMaxHeapSize                          = 2147483648                             {manageable} {ergonomic}
     bool UseCompressedClassPointers               = true                           {product lp64_product} {ergonomic}
     bool UseCompressedOops                        = true                           {product lp64_product} {ergonomic}
     bool UseG1GC                                  = true                                      {product} {ergonomic}
     bool UseLargePagesIndividualAllocation        = false                                  {pd product} {ergonomic}

Logging:
Log output configuration:
 #0: stdout all=warning uptime,level,tags
 #1: stderr all=off uptime,level,tags

Environment Variables:
PATH=C:\Program Files\Common Files\Oracle\Java\javapath;C:\WINDOWS\system32;C:\WINDOWS;C:\WINDOWS\System32\Wbem;C:\WINDOWS\System32\WindowsPowerShell\v1.0\;C:\WINDOWS\System32\OpenSSH\;C:\MinGW\bin;C:\Program Files\Microsoft SQL Server\150\Tools\Binn\;c:\Program Files (x86)\Microsoft SQL Server\100\Tools\Binn\;c:\Program Files\Microsoft SQL Server\100\Tools\Binn\;c:\Program Files\Microsoft SQL Server\100\DTS\Binn\;C:\Program Files\dotnet\;C:\Program Files\nodejs\;C:\Program Files\Git\cmd;C:\Program Files\Git\mingw64\bin;C:\Program Files\Git\usr\bin;C:\Program Files\Cloudflare\Cloudflare WARP\;C:\Users\Aditya\AppData\Local\Microsoft\WindowsApps;C:\Users\Aditya\AppData\Local\Programs\Microsoft VS Code\bin;C:\Program Files\JetBrains\IntelliJ IDEA Community Edition 2023.1.3\bin;;C:\MinGW\bin;C:\Users\Aditya\.dotnet\tools;C:\Users\Aditya\AppData\Roaming\npm;C:\Users\Aditya\AppData\Local\GitHubDesktop\bin
USERNAME=Aditya
OS=Windows_NT
PROCESSOR_IDENTIFIER=Intel64 Family 6 Model 154 Stepping 3, GenuineIntel
TMP=C:\Users\Aditya\AppData\Local\Temp
TEMP=C:\Users\Aditya\AppData\Local\Temp



Periodic native trim disabled

JNI global refs:
JNI global refs: 32, weak refs: 0

JNI global refs memory usage: 843, weak refs: 841

OOME stack traces (most recent first):
Classloader memory used:
Loader org.gradle.internal.classloader.VisitableURLClassLoader                         : 2337K
Loader bootstrap                                                                       : 2268K
Loader org.gradle.initialization.MixInLegacyTypesClassLoader                           : 438K
Loader jdk.internal.loader.ClassLoaders$PlatformClassLoader                            : 65591B
Loader jdk.internal.loader.ClassLoaders$AppClassLoader                                 : 28453B
Loader jdk.internal.reflect.DelegatingClassLoader                                      : 3959B

Classes loaded by more than one classloader:
Class org.gradle.internal.installation.GradleInstallation                             : loaded 2 times (x 73B)
Class org.gradle.internal.classpath.ClassPath                                         : loaded 2 times (x 68B)
Class org.gradle.api.internal.classpath.DefaultModuleRegistry                         : loaded 2 times (x 84B)
Class org.gradle.api.Action                                                           : loaded 2 times (x 68B)
Class org.gradle.api.internal.DefaultClassPathProvider                                : loaded 2 times (x 74B)
Class org.gradle.internal.installation.GradleInstallation$1                           : loaded 2 times (x 73B)
Class org.gradle.internal.classloader.FilteringClassLoader                            : loaded 2 times (x 103B)
Class org.gradle.internal.classpath.DefaultClassPath$ImmutableUniqueList$Builder      : loaded 2 times (x 73B)
Class org.gradle.internal.classloader.ClassLoaderVisitor                              : loaded 2 times (x 74B)
Class org.gradle.internal.service.DefaultServiceLocator                               : loaded 2 times (x 81B)
Class org.gradle.internal.service.UnknownServiceException                             : loaded 2 times (x 81B)
Class org.gradle.internal.classloader.DefaultClassLoaderFactory                       : loaded 2 times (x 80B)
Class org.gradle.internal.classloader.VisitableURLClassLoader$Spec                    : loaded 2 times (x 72B)
Class org.gradle.api.GradleException                                                  : loaded 2 times (x 80B)
Class org.gradle.api.internal.classpath.ModuleRegistry                                : loaded 2 times (x 68B)
Class org.gradle.api.internal.ClassPathProvider                                       : loaded 2 times (x 68B)
Class org.gradle.internal.classloader.ClasspathUtil$1                                 : loaded 2 times (x 74B)
Class org.gradle.internal.classloader.ClassLoaderFactory                              : loaded 2 times (x 68B)
Class org.gradle.api.internal.classpath.ManifestUtil                                  : loaded 2 times (x 69B)
Class org.gradle.api.specs.Spec                                                       : loaded 2 times (x 68B)
Class org.gradle.internal.IoActions                                                   : loaded 2 times (x 69B)
Class org.gradle.api.internal.classpath.EffectiveClassPath                            : loaded 2 times (x 88B)
Class org.gradle.internal.installation.CurrentGradleInstallation                      : loaded 2 times (x 71B)
Class org.gradle.internal.agents.InstrumentingClassLoader                             : loaded 2 times (x 68B)
Class org.gradle.internal.installation.CurrentGradleInstallationLocator               : loaded 2 times (x 69B)
Class org.gradle.api.internal.classpath.Module                                        : loaded 2 times (x 68B)
Class org.gradle.internal.service.CachingServiceLocator                               : loaded 2 times (x 80B)
Class org.gradle.internal.classpath.DefaultClassPath                                  : loaded 2 times (x 88B)
Class org.gradle.internal.classloader.SystemClassLoaderSpec                           : loaded 2 times (x 69B)
Class org.gradle.api.UncheckedIOException                                             : loaded 2 times (x 80B)
Class org.gradle.internal.classloader.ClasspathUtil                                   : loaded 2 times (x 69B)
Class org.gradle.api.internal.DefaultClassPathRegistry                                : loaded 2 times (x 74B)
Class org.gradle.api.internal.classpath.DefaultModuleRegistry$DefaultModule           : loaded 2 times (x 84B)
Class org.gradle.api.internal.classpath.UnknownModuleException                        : loaded 2 times (x 80B)
Class org.gradle.internal.service.ServiceLookupException                              : loaded 2 times (x 80B)
Class org.gradle.cache.GlobalCache                                                    : loaded 2 times (x 68B)
Class [Lorg.gradle.api.internal.ClassPathProvider;                                    : loaded 2 times (x 67B)
Class org.gradle.util.internal.GUtil                                                  : loaded 2 times (x 69B)
Class org.gradle.internal.classloader.ClassLoaderSpec                                 : loaded 2 times (x 69B)
Class org.gradle.internal.classloader.VisitableURLClassLoader                         : loaded 2 times (x 115B)
Class org.gradle.internal.Cast                                                        : loaded 2 times (x 69B)
Class org.gradle.api.internal.ClassPathRegistry                                       : loaded 2 times (x 68B)
Class org.gradle.internal.classloader.VisitableURLClassLoader$InstrumentingVisitableURLClassLoader: loaded 2 times (x 121B)
Class org.gradle.internal.classloader.ClassLoaderHierarchy                            : loaded 2 times (x 68B)
Class org.gradle.internal.InternalTransformer                                         : loaded 2 times (x 68B)
Class org.gradle.internal.service.ServiceLocator                                      : loaded 2 times (x 68B)
Class org.gradle.internal.classpath.DefaultClassPath$ImmutableUniqueList              : loaded 2 times (x 159B)
Class org.gradle.internal.classpath.TransformedClassPath                              : loaded 2 times (x 94B)


---------------  S Y S T E M  ---------------

OS:
 Windows 11 , 64 bit Build 22621 (10.0.22621.3374)
OS uptime: 0 days 0:39 hours
Hyper-V role detected

CPU: total 16 (initial active 16) (8 cores per cpu, 2 threads per core) family 6 model 154 stepping 3 microcode 0x423, cx8, cmov, fxsr, ht, mmx, 3dnowpref, sse, sse2, sse3, ssse3, sse4.1, sse4.2, popcnt, lzcnt, tsc, tscinvbit, avx, avx2, aes, erms, clmul, bmi1, bmi2, adx, sha, fma, vzeroupper, clflush, clflushopt, clwb, hv
Processor Information for processor 0
  Max Mhz: 2100, Current Mhz: 1776, Mhz Limit: 1764
Processor Information for processor 1
  Max Mhz: 2100, Current Mhz: 1776, Mhz Limit: 1764
Processor Information for processor 2
  Max Mhz: 2100, Current Mhz: 1776, Mhz Limit: 1764
Processor Information for processor 3
  Max Mhz: 2100, Current Mhz: 1776, Mhz Limit: 1764
Processor Information for processor 4
  Max Mhz: 2100, Current Mhz: 1776, Mhz Limit: 1764
Processor Information for processor 5
  Max Mhz: 2100, Current Mhz: 1776, Mhz Limit: 1764
Processor Information for processor 6
  Max Mhz: 2100, Current Mhz: 1776, Mhz Limit: 1764
Processor Information for processor 7
  Max Mhz: 2100, Current Mhz: 1776, Mhz Limit: 1764
Processor Information for processor 8
  Max Mhz: 2100, Current Mhz: 1200, Mhz Limit: 1197
Processor Information for processor 9
  Max Mhz: 2100, Current Mhz: 1200, Mhz Limit: 1197
Processor Information for processor 10
  Max Mhz: 2100, Current Mhz: 1200, Mhz Limit: 1197
Processor Information for processor 11
  Max Mhz: 2100, Current Mhz: 1200, Mhz Limit: 1197
Processor Information for processor 12
  Max Mhz: 2100, Current Mhz: 1200, Mhz Limit: 1197
Processor Information for processor 13
  Max Mhz: 2100, Current Mhz: 1200, Mhz Limit: 1197
Processor Information for processor 14
  Max Mhz: 2100, Current Mhz: 1200, Mhz Limit: 1197
Processor Information for processor 15
  Max Mhz: 2100, Current Mhz: 1200, Mhz Limit: 1197

Memory: 4k page, system-wide physical 15996M (1677M free)
TotalPageFile size 15996M (AvailPageFile size 7M)
current process WorkingSet (physical memory assigned to process): 192M, peak: 230M
current process commit charge ("private bytes"): 244M, peak: 408M

vm_info: OpenJDK 64-Bit Server VM (17.0.10+0--11572160) for windows-amd64 JRE (17.0.10+0--11572160), built on Mar 13 2024 23:56:38 by "androidbuild" with MS VC++ 16.10 / 16.11 (VS2019)

END.
