#
# There is insufficient memory for the Java Runtime Environment to continue.
# Native memory allocation (mmap) failed to map 65536 bytes for Failed to commit metaspace.
# Possible reasons:
#   The system is out of physical RAM or swap space
#   The process is running with CompressedOops enabled, and the Java Heap may be blocking the growth of the native heap
# Possible solutions:
#   Reduce memory load on the system
#   Increase physical memory or swap space
#   Check if swap backing store is full
#   Decrease Java heap size (-Xmx/-Xms)
#   Decrease number of Java threads
#   Decrease Java thread stack sizes (-Xss)
#   Set larger code cache with -XX:ReservedCodeCacheSize=
#   JVM is running with Zero Based Compressed Oops mode in which the Java heap is
#     placed in the first 32GB address space. The Java Heap base address is the
#     maximum limit for the native heap growth. Please use -XX:HeapBaseMinAddress
#     to set the Java Heap base and to place the Java Heap above 32GB virtual address.
# This output file may be truncated or incomplete.
#
#  Out of Memory Error (virtualSpaceNode.cpp:110), pid=18268, tid=18120
#
# JRE version: OpenJDK Runtime Environment (17.0.7) (build 17.0.7+0-b2043.56-10550314)
# Java VM: OpenJDK 64-Bit Server VM (17.0.7+0-b2043.56-10550314, mixed mode, tiered, compressed oops, compressed class ptrs, g1 gc, windows-amd64)
# No core dump will be written. Minidumps are not enabled by default on client versions of Windows
#

---------------  S U M M A R Y ------------

Command Line: git4idea.http.GitAskPassApp Password for 'https://Aditya-stark@github.com': 

Host: 12th Gen Intel(R) Core(TM) i5-1240P, 16 cores, 15G,  Windows 11 , 64 bit Build 22621 (10.0.22621.3085)
Time: Sat Feb  3 16:23:45 2024 India Standard Time elapsed time: 0.221247 seconds (0d 0h 0m 0s)

---------------  T H R E A D  ---------------

Current thread (0x000002cb147dfc50):  JavaThread "main" [_thread_in_vm, id=18120, stack(0x000000fc87200000,0x000000fc87300000)]

Stack: [0x000000fc87200000,0x000000fc87300000]
Native frames: (J=compiled Java code, j=interpreted, Vv=VM code, C=native code)
V  [jvm.dll+0x683bfa]
V  [jvm.dll+0x8430a4]
V  [jvm.dll+0x8449be]
V  [jvm.dll+0x845023]
V  [jvm.dll+0x24ad2f]
V  [jvm.dll+0x83e45b]
V  [jvm.dll+0x6281e6]
V  [jvm.dll+0x62824a]
V  [jvm.dll+0x62aa6a]
V  [jvm.dll+0x628b86]
V  [jvm.dll+0x24801c]
V  [jvm.dll+0x6db01d]
V  [jvm.dll+0x6dba4f]
V  [jvm.dll+0x3770b0]
V  [jvm.dll+0x3760f4]
V  [jvm.dll+0x376098]
V  [jvm.dll+0x38610a]
C  0x000002cb1f11b704

Java frames: (J=compiled Java code, j=interpreted, Vv=VM code)
j  java.security.Signature.getInstance(Ljava/lang/String;)Ljava/security/Signature;+95 java.base@17.0.7
j  sun.security.ssl.JsseJce$EcAvailability.<clinit>()V+4 java.base@17.0.7
v  ~StubRoutines::call_stub
j  sun.security.ssl.JsseJce.isEcAvailable()Z+0 java.base@17.0.7
j  sun.security.ssl.CipherSuite$KeyExchange.isAvailable()Z+29 java.base@17.0.7
j  sun.security.ssl.CipherSuite.isAvailable()Z+23 java.base@17.0.7
j  sun.security.ssl.SSLContextImpl.getApplicableCipherSuites(Ljava/util/Collection;Ljava/util/List;)Ljava/util/List;+50 java.base@17.0.7
j  sun.security.ssl.SSLContextImpl.getApplicableSupportedCipherSuites(Ljava/util/List;)Ljava/util/List;+4 java.base@17.0.7
j  sun.security.ssl.SSLContextImpl$AbstractTLSContext.<clinit>()V+84 java.base@17.0.7
v  ~StubRoutines::call_stub
j  java.lang.Class.forName0(Ljava/lang/String;ZLjava/lang/ClassLoader;Ljava/lang/Class;)Ljava/lang/Class;+0 java.base@17.0.7
j  java.lang.Class.forName(Ljava/lang/String;)Ljava/lang/Class;+11 java.base@17.0.7
j  java.security.Provider$Service.getImplClass()Ljava/lang/Class;+64 java.base@17.0.7
j  java.security.Provider$Service.getDefaultConstructor()Ljava/lang/reflect/Constructor;+46 java.base@17.0.7
j  java.security.Provider$Service.newInstanceOf()Ljava/lang/Object;+1 java.base@17.0.7
j  java.security.Provider$Service.newInstanceUtil(Ljava/lang/Class;Ljava/lang/Object;)Ljava/lang/Object;+5 java.base@17.0.7
j  java.security.Provider$Service.newInstance(Ljava/lang/Object;)Ljava/lang/Object;+227 java.base@17.0.7
j  sun.security.jca.GetInstance.getInstance(Ljava/security/Provider$Service;Ljava/lang/Class;)Lsun/security/jca/GetInstance$Instance;+2 java.base@17.0.7
j  sun.security.jca.GetInstance.getInstance(Ljava/lang/String;Ljava/lang/Class;Ljava/lang/String;)Lsun/security/jca/GetInstance$Instance;+56 java.base@17.0.7
j  javax.net.ssl.SSLContext.getInstance(Ljava/lang/String;)Ljavax/net/ssl/SSLContext;+12 java.base@17.0.7
j  externalApp.ExternalAppUtil.sendIdeRequest(Ljava/lang/String;ILjava/lang/String;Ljava/lang/String;)LexternalApp/ExternalAppUtil$Result;+18
j  git4idea.http.GitAskPassApp.main([Ljava/lang/String;)V+37
v  ~StubRoutines::call_stub

---------------  P R O C E S S  ---------------

Threads class SMR info:
_java_thread_list=0x000002cb33cbc260, length=14, elements={
0x000002cb147dfc50, 0x000002cb33b0f6e0, 0x000002cb33b11480, 0x000002cb3397c400,
0x000002cb3397cec0, 0x000002cb3397d870, 0x000002cb3397e220, 0x000002cb33b63c90,
0x000002cb33b64680, 0x000002cb33b67080, 0x000002cb33ccb6b0, 0x000002cb33ccebe0,
0x000002cb33cfe580, 0x000002cb33d02a80
}

Java Threads: ( => current thread )
=>0x000002cb147dfc50 JavaThread "main" [_thread_in_vm, id=18120, stack(0x000000fc87200000,0x000000fc87300000)]
  0x000002cb33b0f6e0 JavaThread "Reference Handler" daemon [_thread_blocked, id=10096, stack(0x000000fc87900000,0x000000fc87a00000)]
  0x000002cb33b11480 JavaThread "Finalizer" daemon [_thread_blocked, id=18652, stack(0x000000fc87a00000,0x000000fc87b00000)]
  0x000002cb3397c400 JavaThread "Signal Dispatcher" daemon [_thread_blocked, id=10144, stack(0x000000fc87b00000,0x000000fc87c00000)]
  0x000002cb3397cec0 JavaThread "Attach Listener" daemon [_thread_blocked, id=10616, stack(0x000000fc87c00000,0x000000fc87d00000)]
  0x000002cb3397d870 JavaThread "Service Thread" daemon [_thread_blocked, id=13836, stack(0x000000fc87d00000,0x000000fc87e00000)]
  0x000002cb3397e220 JavaThread "Monitor Deflation Thread" daemon [_thread_blocked, id=17588, stack(0x000000fc87e00000,0x000000fc87f00000)]
  0x000002cb33b63c90 JavaThread "C2 CompilerThread0" daemon [_thread_blocked, id=14772, stack(0x000000fc87f00000,0x000000fc88000000)]
  0x000002cb33b64680 JavaThread "C1 CompilerThread0" daemon [_thread_blocked, id=7048, stack(0x000000fc88000000,0x000000fc88100000)]
  0x000002cb33b67080 JavaThread "Sweeper thread" daemon [_thread_blocked, id=8552, stack(0x000000fc88100000,0x000000fc88200000)]
  0x000002cb33ccb6b0 JavaThread "C1 CompilerThread1" daemon [_thread_blocked, id=6440, stack(0x000000fc88200000,0x000000fc88300000)]
  0x000002cb33ccebe0 JavaThread "C1 CompilerThread2" daemon [_thread_blocked, id=4344, stack(0x000000fc88300000,0x000000fc88400000)]
  0x000002cb33cfe580 JavaThread "Notification Thread" daemon [_thread_blocked, id=18200, stack(0x000000fc88400000,0x000000fc88500000)]
  0x000002cb33d02a80 JavaThread "Common-Cleaner" daemon [_thread_blocked, id=7960, stack(0x000000fc88600000,0x000000fc88700000)]

Other Threads:
  0x000002cb33b0c030 VMThread "VM Thread" [stack: 0x000000fc87800000,0x000000fc87900000] [id=19028]
  0x000002cb14881b60 WatcherThread [stack: 0x000000fc88500000,0x000000fc88600000] [id=4032]
  0x000002cb1484b710 GCTaskThread "GC Thread#0" [stack: 0x000000fc87300000,0x000000fc87400000] [id=17424]
  0x000002cb1485c050 ConcurrentGCThread "G1 Main Marker" [stack: 0x000000fc87400000,0x000000fc87500000] [id=388]
  0x000002cb1485da70 ConcurrentGCThread "G1 Conc#0" [stack: 0x000000fc87500000,0x000000fc87600000] [id=19164]
  0x000002cb1489ec10 ConcurrentGCThread "G1 Refine#0" [stack: 0x000000fc87600000,0x000000fc87700000] [id=9288]
  0x000002cb3382ed70 ConcurrentGCThread "G1 Service" [stack: 0x000000fc87700000,0x000000fc87800000] [id=9772]

Threads with active compile tasks:

VM state: not at safepoint (normal execution)

VM Mutex/Monitor currently owned by a thread:  ([mutex/lock_event])
[0x000002cb147dac40] Metaspace_lock - owner thread: 0x000002cb147dfc50

Heap address: 0x0000000706000000, size: 4000 MB, Compressed Oops mode: Zero based, Oop shift amount: 3

CDS archive(s) not mapped
Compressed class space mapped at: 0x0000000800000000-0x0000000840000000, reserved size: 1073741824
Narrow klass base: 0x0000000800000000, Narrow klass shift: 0, Narrow klass range: 0x40000000

GC Precious Log:
 CPUs: 16 total, 16 available
 Memory: 15996M
 Large Page Support: Disabled
 NUMA Support: Disabled
 Compressed Oops: Enabled (Zero based)
 Heap Region Size: 2M
 Heap Min Capacity: 8M
 Heap Initial Capacity: 250M
 Heap Max Capacity: 4000M
 Pre-touch: Disabled
 Parallel Workers: 13
 Concurrent Workers: 3
 Concurrent Refinement Workers: 13
 Periodic GC: Disabled

Heap:
 garbage-first heap   total 256000K, used 2048K [0x0000000706000000, 0x0000000800000000)
  region size 2048K, 2 young (4096K), 0 survivors (0K)
 Metaspace       used 9105K, committed 9216K, reserved 1114112K
  class space    used 845K, committed 896K, reserved 1048576K

Heap Regions: E=young(eden), S=young(survivor), O=old, HS=humongous(starts), HC=humongous(continues), CS=collection set, F=free, OA=open archive, CA=closed archive, TAMS=top-at-mark-start (previous, next)
|   0|0x0000000706000000, 0x0000000706000000, 0x0000000706200000|  0%| F|  |TAMS 0x0000000706000000, 0x0000000706000000| Untracked 
|   1|0x0000000706200000, 0x0000000706200000, 0x0000000706400000|  0%| F|  |TAMS 0x0000000706200000, 0x0000000706200000| Untracked 
|   2|0x0000000706400000, 0x0000000706400000, 0x0000000706600000|  0%| F|  |TAMS 0x0000000706400000, 0x0000000706400000| Untracked 
|   3|0x0000000706600000, 0x0000000706600000, 0x0000000706800000|  0%| F|  |TAMS 0x0000000706600000, 0x0000000706600000| Untracked 
|   4|0x0000000706800000, 0x0000000706800000, 0x0000000706a00000|  0%| F|  |TAMS 0x0000000706800000, 0x0000000706800000| Untracked 
|   5|0x0000000706a00000, 0x0000000706a00000, 0x0000000706c00000|  0%| F|  |TAMS 0x0000000706a00000, 0x0000000706a00000| Untracked 
|   6|0x0000000706c00000, 0x0000000706c00000, 0x0000000706e00000|  0%| F|  |TAMS 0x0000000706c00000, 0x0000000706c00000| Untracked 
|   7|0x0000000706e00000, 0x0000000706e00000, 0x0000000707000000|  0%| F|  |TAMS 0x0000000706e00000, 0x0000000706e00000| Untracked 
|   8|0x0000000707000000, 0x0000000707000000, 0x0000000707200000|  0%| F|  |TAMS 0x0000000707000000, 0x0000000707000000| Untracked 
|   9|0x0000000707200000, 0x0000000707200000, 0x0000000707400000|  0%| F|  |TAMS 0x0000000707200000, 0x0000000707200000| Untracked 
|  10|0x0000000707400000, 0x0000000707400000, 0x0000000707600000|  0%| F|  |TAMS 0x0000000707400000, 0x0000000707400000| Untracked 
|  11|0x0000000707600000, 0x0000000707600000, 0x0000000707800000|  0%| F|  |TAMS 0x0000000707600000, 0x0000000707600000| Untracked 
|  12|0x0000000707800000, 0x0000000707800000, 0x0000000707a00000|  0%| F|  |TAMS 0x0000000707800000, 0x0000000707800000| Untracked 
|  13|0x0000000707a00000, 0x0000000707a00000, 0x0000000707c00000|  0%| F|  |TAMS 0x0000000707a00000, 0x0000000707a00000| Untracked 
|  14|0x0000000707c00000, 0x0000000707c00000, 0x0000000707e00000|  0%| F|  |TAMS 0x0000000707c00000, 0x0000000707c00000| Untracked 
|  15|0x0000000707e00000, 0x0000000707e00000, 0x0000000708000000|  0%| F|  |TAMS 0x0000000707e00000, 0x0000000707e00000| Untracked 
|  16|0x0000000708000000, 0x0000000708000000, 0x0000000708200000|  0%| F|  |TAMS 0x0000000708000000, 0x0000000708000000| Untracked 
|  17|0x0000000708200000, 0x0000000708200000, 0x0000000708400000|  0%| F|  |TAMS 0x0000000708200000, 0x0000000708200000| Untracked 
|  18|0x0000000708400000, 0x0000000708400000, 0x0000000708600000|  0%| F|  |TAMS 0x0000000708400000, 0x0000000708400000| Untracked 
|  19|0x0000000708600000, 0x0000000708600000, 0x0000000708800000|  0%| F|  |TAMS 0x0000000708600000, 0x0000000708600000| Untracked 
|  20|0x0000000708800000, 0x0000000708800000, 0x0000000708a00000|  0%| F|  |TAMS 0x0000000708800000, 0x0000000708800000| Untracked 
|  21|0x0000000708a00000, 0x0000000708a00000, 0x0000000708c00000|  0%| F|  |TAMS 0x0000000708a00000, 0x0000000708a00000| Untracked 
|  22|0x0000000708c00000, 0x0000000708c00000, 0x0000000708e00000|  0%| F|  |TAMS 0x0000000708c00000, 0x0000000708c00000| Untracked 
|  23|0x0000000708e00000, 0x0000000708e00000, 0x0000000709000000|  0%| F|  |TAMS 0x0000000708e00000, 0x0000000708e00000| Untracked 
|  24|0x0000000709000000, 0x0000000709000000, 0x0000000709200000|  0%| F|  |TAMS 0x0000000709000000, 0x0000000709000000| Untracked 
|  25|0x0000000709200000, 0x0000000709200000, 0x0000000709400000|  0%| F|  |TAMS 0x0000000709200000, 0x0000000709200000| Untracked 
|  26|0x0000000709400000, 0x0000000709400000, 0x0000000709600000|  0%| F|  |TAMS 0x0000000709400000, 0x0000000709400000| Untracked 
|  27|0x0000000709600000, 0x0000000709600000, 0x0000000709800000|  0%| F|  |TAMS 0x0000000709600000, 0x0000000709600000| Untracked 
|  28|0x0000000709800000, 0x0000000709800000, 0x0000000709a00000|  0%| F|  |TAMS 0x0000000709800000, 0x0000000709800000| Untracked 
|  29|0x0000000709a00000, 0x0000000709a00000, 0x0000000709c00000|  0%| F|  |TAMS 0x0000000709a00000, 0x0000000709a00000| Untracked 
|  30|0x0000000709c00000, 0x0000000709c00000, 0x0000000709e00000|  0%| F|  |TAMS 0x0000000709c00000, 0x0000000709c00000| Untracked 
|  31|0x0000000709e00000, 0x0000000709e00000, 0x000000070a000000|  0%| F|  |TAMS 0x0000000709e00000, 0x0000000709e00000| Untracked 
|  32|0x000000070a000000, 0x000000070a000000, 0x000000070a200000|  0%| F|  |TAMS 0x000000070a000000, 0x000000070a000000| Untracked 
|  33|0x000000070a200000, 0x000000070a200000, 0x000000070a400000|  0%| F|  |TAMS 0x000000070a200000, 0x000000070a200000| Untracked 
|  34|0x000000070a400000, 0x000000070a400000, 0x000000070a600000|  0%| F|  |TAMS 0x000000070a400000, 0x000000070a400000| Untracked 
|  35|0x000000070a600000, 0x000000070a600000, 0x000000070a800000|  0%| F|  |TAMS 0x000000070a600000, 0x000000070a600000| Untracked 
|  36|0x000000070a800000, 0x000000070a800000, 0x000000070aa00000|  0%| F|  |TAMS 0x000000070a800000, 0x000000070a800000| Untracked 
|  37|0x000000070aa00000, 0x000000070aa00000, 0x000000070ac00000|  0%| F|  |TAMS 0x000000070aa00000, 0x000000070aa00000| Untracked 
|  38|0x000000070ac00000, 0x000000070ac00000, 0x000000070ae00000|  0%| F|  |TAMS 0x000000070ac00000, 0x000000070ac00000| Untracked 
|  39|0x000000070ae00000, 0x000000070ae00000, 0x000000070b000000|  0%| F|  |TAMS 0x000000070ae00000, 0x000000070ae00000| Untracked 
|  40|0x000000070b000000, 0x000000070b000000, 0x000000070b200000|  0%| F|  |TAMS 0x000000070b000000, 0x000000070b000000| Untracked 
|  41|0x000000070b200000, 0x000000070b200000, 0x000000070b400000|  0%| F|  |TAMS 0x000000070b200000, 0x000000070b200000| Untracked 
|  42|0x000000070b400000, 0x000000070b400000, 0x000000070b600000|  0%| F|  |TAMS 0x000000070b400000, 0x000000070b400000| Untracked 
|  43|0x000000070b600000, 0x000000070b600000, 0x000000070b800000|  0%| F|  |TAMS 0x000000070b600000, 0x000000070b600000| Untracked 
|  44|0x000000070b800000, 0x000000070b800000, 0x000000070ba00000|  0%| F|  |TAMS 0x000000070b800000, 0x000000070b800000| Untracked 
|  45|0x000000070ba00000, 0x000000070ba00000, 0x000000070bc00000|  0%| F|  |TAMS 0x000000070ba00000, 0x000000070ba00000| Untracked 
|  46|0x000000070bc00000, 0x000000070bc00000, 0x000000070be00000|  0%| F|  |TAMS 0x000000070bc00000, 0x000000070bc00000| Untracked 
|  47|0x000000070be00000, 0x000000070be00000, 0x000000070c000000|  0%| F|  |TAMS 0x000000070be00000, 0x000000070be00000| Untracked 
|  48|0x000000070c000000, 0x000000070c000000, 0x000000070c200000|  0%| F|  |TAMS 0x000000070c000000, 0x000000070c000000| Untracked 
|  49|0x000000070c200000, 0x000000070c200000, 0x000000070c400000|  0%| F|  |TAMS 0x000000070c200000, 0x000000070c200000| Untracked 
|  50|0x000000070c400000, 0x000000070c400000, 0x000000070c600000|  0%| F|  |TAMS 0x000000070c400000, 0x000000070c400000| Untracked 
|  51|0x000000070c600000, 0x000000070c600000, 0x000000070c800000|  0%| F|  |TAMS 0x000000070c600000, 0x000000070c600000| Untracked 
|  52|0x000000070c800000, 0x000000070c800000, 0x000000070ca00000|  0%| F|  |TAMS 0x000000070c800000, 0x000000070c800000| Untracked 
|  53|0x000000070ca00000, 0x000000070ca00000, 0x000000070cc00000|  0%| F|  |TAMS 0x000000070ca00000, 0x000000070ca00000| Untracked 
|  54|0x000000070cc00000, 0x000000070cc00000, 0x000000070ce00000|  0%| F|  |TAMS 0x000000070cc00000, 0x000000070cc00000| Untracked 
|  55|0x000000070ce00000, 0x000000070ce00000, 0x000000070d000000|  0%| F|  |TAMS 0x000000070ce00000, 0x000000070ce00000| Untracked 
|  56|0x000000070d000000, 0x000000070d000000, 0x000000070d200000|  0%| F|  |TAMS 0x000000070d000000, 0x000000070d000000| Untracked 
|  57|0x000000070d200000, 0x000000070d200000, 0x000000070d400000|  0%| F|  |TAMS 0x000000070d200000, 0x000000070d200000| Untracked 
|  58|0x000000070d400000, 0x000000070d400000, 0x000000070d600000|  0%| F|  |TAMS 0x000000070d400000, 0x000000070d400000| Untracked 
|  59|0x000000070d600000, 0x000000070d600000, 0x000000070d800000|  0%| F|  |TAMS 0x000000070d600000, 0x000000070d600000| Untracked 
|  60|0x000000070d800000, 0x000000070d800000, 0x000000070da00000|  0%| F|  |TAMS 0x000000070d800000, 0x000000070d800000| Untracked 
|  61|0x000000070da00000, 0x000000070da00000, 0x000000070dc00000|  0%| F|  |TAMS 0x000000070da00000, 0x000000070da00000| Untracked 
|  62|0x000000070dc00000, 0x000000070dc00000, 0x000000070de00000|  0%| F|  |TAMS 0x000000070dc00000, 0x000000070dc00000| Untracked 
|  63|0x000000070de00000, 0x000000070de00000, 0x000000070e000000|  0%| F|  |TAMS 0x000000070de00000, 0x000000070de00000| Untracked 
|  64|0x000000070e000000, 0x000000070e000000, 0x000000070e200000|  0%| F|  |TAMS 0x000000070e000000, 0x000000070e000000| Untracked 
|  65|0x000000070e200000, 0x000000070e200000, 0x000000070e400000|  0%| F|  |TAMS 0x000000070e200000, 0x000000070e200000| Untracked 
|  66|0x000000070e400000, 0x000000070e400000, 0x000000070e600000|  0%| F|  |TAMS 0x000000070e400000, 0x000000070e400000| Untracked 
|  67|0x000000070e600000, 0x000000070e600000, 0x000000070e800000|  0%| F|  |TAMS 0x000000070e600000, 0x000000070e600000| Untracked 
|  68|0x000000070e800000, 0x000000070e800000, 0x000000070ea00000|  0%| F|  |TAMS 0x000000070e800000, 0x000000070e800000| Untracked 
|  69|0x000000070ea00000, 0x000000070ea00000, 0x000000070ec00000|  0%| F|  |TAMS 0x000000070ea00000, 0x000000070ea00000| Untracked 
|  70|0x000000070ec00000, 0x000000070ec00000, 0x000000070ee00000|  0%| F|  |TAMS 0x000000070ec00000, 0x000000070ec00000| Untracked 
|  71|0x000000070ee00000, 0x000000070ee00000, 0x000000070f000000|  0%| F|  |TAMS 0x000000070ee00000, 0x000000070ee00000| Untracked 
|  72|0x000000070f000000, 0x000000070f000000, 0x000000070f200000|  0%| F|  |TAMS 0x000000070f000000, 0x000000070f000000| Untracked 
|  73|0x000000070f200000, 0x000000070f200000, 0x000000070f400000|  0%| F|  |TAMS 0x000000070f200000, 0x000000070f200000| Untracked 
|  74|0x000000070f400000, 0x000000070f400000, 0x000000070f600000|  0%| F|  |TAMS 0x000000070f400000, 0x000000070f400000| Untracked 
|  75|0x000000070f600000, 0x000000070f600000, 0x000000070f800000|  0%| F|  |TAMS 0x000000070f600000, 0x000000070f600000| Untracked 
|  76|0x000000070f800000, 0x000000070f800000, 0x000000070fa00000|  0%| F|  |TAMS 0x000000070f800000, 0x000000070f800000| Untracked 
|  77|0x000000070fa00000, 0x000000070fa00000, 0x000000070fc00000|  0%| F|  |TAMS 0x000000070fa00000, 0x000000070fa00000| Untracked 
|  78|0x000000070fc00000, 0x000000070fc00000, 0x000000070fe00000|  0%| F|  |TAMS 0x000000070fc00000, 0x000000070fc00000| Untracked 
|  79|0x000000070fe00000, 0x000000070fe00000, 0x0000000710000000|  0%| F|  |TAMS 0x000000070fe00000, 0x000000070fe00000| Untracked 
|  80|0x0000000710000000, 0x0000000710000000, 0x0000000710200000|  0%| F|  |TAMS 0x0000000710000000, 0x0000000710000000| Untracked 
|  81|0x0000000710200000, 0x0000000710200000, 0x0000000710400000|  0%| F|  |TAMS 0x0000000710200000, 0x0000000710200000| Untracked 
|  82|0x0000000710400000, 0x0000000710400000, 0x0000000710600000|  0%| F|  |TAMS 0x0000000710400000, 0x0000000710400000| Untracked 
|  83|0x0000000710600000, 0x0000000710600000, 0x0000000710800000|  0%| F|  |TAMS 0x0000000710600000, 0x0000000710600000| Untracked 
|  84|0x0000000710800000, 0x0000000710800000, 0x0000000710a00000|  0%| F|  |TAMS 0x0000000710800000, 0x0000000710800000| Untracked 
|  85|0x0000000710a00000, 0x0000000710a00000, 0x0000000710c00000|  0%| F|  |TAMS 0x0000000710a00000, 0x0000000710a00000| Untracked 
|  86|0x0000000710c00000, 0x0000000710c00000, 0x0000000710e00000|  0%| F|  |TAMS 0x0000000710c00000, 0x0000000710c00000| Untracked 
|  87|0x0000000710e00000, 0x0000000710e00000, 0x0000000711000000|  0%| F|  |TAMS 0x0000000710e00000, 0x0000000710e00000| Untracked 
|  88|0x0000000711000000, 0x0000000711000000, 0x0000000711200000|  0%| F|  |TAMS 0x0000000711000000, 0x0000000711000000| Untracked 
|  89|0x0000000711200000, 0x0000000711200000, 0x0000000711400000|  0%| F|  |TAMS 0x0000000711200000, 0x0000000711200000| Untracked 
|  90|0x0000000711400000, 0x0000000711400000, 0x0000000711600000|  0%| F|  |TAMS 0x0000000711400000, 0x0000000711400000| Untracked 
|  91|0x0000000711600000, 0x0000000711600000, 0x0000000711800000|  0%| F|  |TAMS 0x0000000711600000, 0x0000000711600000| Untracked 
|  92|0x0000000711800000, 0x0000000711800000, 0x0000000711a00000|  0%| F|  |TAMS 0x0000000711800000, 0x0000000711800000| Untracked 
|  93|0x0000000711a00000, 0x0000000711a00000, 0x0000000711c00000|  0%| F|  |TAMS 0x0000000711a00000, 0x0000000711a00000| Untracked 
|  94|0x0000000711c00000, 0x0000000711c00000, 0x0000000711e00000|  0%| F|  |TAMS 0x0000000711c00000, 0x0000000711c00000| Untracked 
|  95|0x0000000711e00000, 0x0000000711e00000, 0x0000000712000000|  0%| F|  |TAMS 0x0000000711e00000, 0x0000000711e00000| Untracked 
|  96|0x0000000712000000, 0x0000000712000000, 0x0000000712200000|  0%| F|  |TAMS 0x0000000712000000, 0x0000000712000000| Untracked 
|  97|0x0000000712200000, 0x0000000712200000, 0x0000000712400000|  0%| F|  |TAMS 0x0000000712200000, 0x0000000712200000| Untracked 
|  98|0x0000000712400000, 0x0000000712400000, 0x0000000712600000|  0%| F|  |TAMS 0x0000000712400000, 0x0000000712400000| Untracked 
|  99|0x0000000712600000, 0x0000000712600000, 0x0000000712800000|  0%| F|  |TAMS 0x0000000712600000, 0x0000000712600000| Untracked 
| 100|0x0000000712800000, 0x0000000712800000, 0x0000000712a00000|  0%| F|  |TAMS 0x0000000712800000, 0x0000000712800000| Untracked 
| 101|0x0000000712a00000, 0x0000000712a00000, 0x0000000712c00000|  0%| F|  |TAMS 0x0000000712a00000, 0x0000000712a00000| Untracked 
| 102|0x0000000712c00000, 0x0000000712c00000, 0x0000000712e00000|  0%| F|  |TAMS 0x0000000712c00000, 0x0000000712c00000| Untracked 
| 103|0x0000000712e00000, 0x0000000712e00000, 0x0000000713000000|  0%| F|  |TAMS 0x0000000712e00000, 0x0000000712e00000| Untracked 
| 104|0x0000000713000000, 0x0000000713000000, 0x0000000713200000|  0%| F|  |TAMS 0x0000000713000000, 0x0000000713000000| Untracked 
| 105|0x0000000713200000, 0x0000000713200000, 0x0000000713400000|  0%| F|  |TAMS 0x0000000713200000, 0x0000000713200000| Untracked 
| 106|0x0000000713400000, 0x0000000713400000, 0x0000000713600000|  0%| F|  |TAMS 0x0000000713400000, 0x0000000713400000| Untracked 
| 107|0x0000000713600000, 0x0000000713600000, 0x0000000713800000|  0%| F|  |TAMS 0x0000000713600000, 0x0000000713600000| Untracked 
| 108|0x0000000713800000, 0x0000000713800000, 0x0000000713a00000|  0%| F|  |TAMS 0x0000000713800000, 0x0000000713800000| Untracked 
| 109|0x0000000713a00000, 0x0000000713a00000, 0x0000000713c00000|  0%| F|  |TAMS 0x0000000713a00000, 0x0000000713a00000| Untracked 
| 110|0x0000000713c00000, 0x0000000713c00000, 0x0000000713e00000|  0%| F|  |TAMS 0x0000000713c00000, 0x0000000713c00000| Untracked 
| 111|0x0000000713e00000, 0x0000000713e00000, 0x0000000714000000|  0%| F|  |TAMS 0x0000000713e00000, 0x0000000713e00000| Untracked 
| 112|0x0000000714000000, 0x0000000714000000, 0x0000000714200000|  0%| F|  |TAMS 0x0000000714000000, 0x0000000714000000| Untracked 
| 113|0x0000000714200000, 0x0000000714200000, 0x0000000714400000|  0%| F|  |TAMS 0x0000000714200000, 0x0000000714200000| Untracked 
| 114|0x0000000714400000, 0x0000000714400000, 0x0000000714600000|  0%| F|  |TAMS 0x0000000714400000, 0x0000000714400000| Untracked 
| 115|0x0000000714600000, 0x0000000714600000, 0x0000000714800000|  0%| F|  |TAMS 0x0000000714600000, 0x0000000714600000| Untracked 
| 116|0x0000000714800000, 0x0000000714800000, 0x0000000714a00000|  0%| F|  |TAMS 0x0000000714800000, 0x0000000714800000| Untracked 
| 117|0x0000000714a00000, 0x0000000714a00000, 0x0000000714c00000|  0%| F|  |TAMS 0x0000000714a00000, 0x0000000714a00000| Untracked 
| 118|0x0000000714c00000, 0x0000000714c00000, 0x0000000714e00000|  0%| F|  |TAMS 0x0000000714c00000, 0x0000000714c00000| Untracked 
| 119|0x0000000714e00000, 0x0000000714e00000, 0x0000000715000000|  0%| F|  |TAMS 0x0000000714e00000, 0x0000000714e00000| Untracked 
| 120|0x0000000715000000, 0x0000000715000000, 0x0000000715200000|  0%| F|  |TAMS 0x0000000715000000, 0x0000000715000000| Untracked 
| 121|0x0000000715200000, 0x0000000715200000, 0x0000000715400000|  0%| F|  |TAMS 0x0000000715200000, 0x0000000715200000| Untracked 
| 122|0x0000000715400000, 0x0000000715400000, 0x0000000715600000|  0%| F|  |TAMS 0x0000000715400000, 0x0000000715400000| Untracked 
| 123|0x0000000715600000, 0x0000000715800000, 0x0000000715800000|100%| E|  |TAMS 0x0000000715600000, 0x0000000715600000| Complete 
| 124|0x0000000715800000, 0x0000000715a00000, 0x0000000715a00000|100%| E|CS|TAMS 0x0000000715800000, 0x0000000715800000| Complete 

Card table byte_map: [0x000002cb27d00000,0x000002cb284d0000] _byte_map_base: 0x000002cb244d0000

Marking Bits (Prev, Next): (CMBitMap*) 0x000002cb1484bd20, (CMBitMap*) 0x000002cb1484bd60
 Prev Bits: [0x000002cb28ca0000, 0x000002cb2cb20000)
 Next Bits: [0x000002cb2cb20000, 0x000002cb309a0000)

Polling page: 0x000002cb12570000

Metaspace:

Usage:
  Non-class:      8.07 MB used.
      Class:    845.14 KB used.
       Both:      8.89 MB used.

Virtual space:
  Non-class space:       64.00 MB reserved,       8.12 MB ( 13%) committed,  1 nodes.
      Class space:        1.00 GB reserved,     896.00 KB ( <1%) committed,  1 nodes.
             Both:        1.06 GB reserved,       9.00 MB ( <1%) committed. 

Chunk freelists:
   Non-Class:  6.98 MB
       Class:  15.10 MB
        Both:  22.08 MB

MaxMetaspaceSize: unlimited
CompressedClassSpaceSize: 1.00 GB
Initial GC threshold: 21.00 MB
Current GC threshold: 21.00 MB
CDS: off
MetaspaceReclaimPolicy: balanced
 - commit_granule_bytes: 65536.
 - commit_granule_words: 8192.
 - virtual_space_node_default_size: 8388608.
 - enlarge_chunks_in_place: 1.
 - new_chunks_are_fully_committed: 0.
 - uncommit_free_chunks: 1.
 - use_allocation_guard: 0.
 - handle_deallocations: 1.


Internal statistics:

num_allocs_failed_limit: 0.
num_arena_births: 20.
num_arena_deaths: 0.
num_vsnodes_births: 2.
num_vsnodes_deaths: 0.
num_space_committed: 144.
num_space_uncommitted: 0.
num_chunks_returned_to_freelist: 0.
num_chunks_taken_from_freelist: 53.
num_chunk_merges: 0.
num_chunk_splits: 26.
num_chunks_enlarged: 13.
num_inconsistent_stats: 0.

CodeHeap 'non-profiled nmethods': size=119168Kb used=90Kb max_used=90Kb free=119077Kb
 bounds [0x000002cb1f850000, 0x000002cb1fac0000, 0x000002cb26cb0000]
CodeHeap 'profiled nmethods': size=119104Kb used=515Kb max_used=515Kb free=118588Kb
 bounds [0x000002cb17cb0000, 0x000002cb17f20000, 0x000002cb1f100000]
CodeHeap 'non-nmethods': size=7488Kb used=2263Kb max_used=2278Kb free=5224Kb
 bounds [0x000002cb1f100000, 0x000002cb1f370000, 0x000002cb1f850000]
 total_blobs=774 nmethods=350 adapters=335
 compilation: enabled
              stopped_count=0, restarted_count=0
 full_count=0

Compilation events (20 events):
Event: 0.212 Thread 0x000002cb33ccb6b0 nmethod 341 0x000002cb17d2e790 code [0x000002cb17d2e940, 0x000002cb17d2eb38]
Event: 0.212 Thread 0x000002cb33b64680  342       3       java.util.regex.ASCII::toLower (16 bytes)
Event: 0.212 Thread 0x000002cb33ccebe0  343       3       java.util.regex.ASCII::isUpper (18 bytes)
Event: 0.212 Thread 0x000002cb33ccb6b0  344       3       java.lang.Character::toLowerCase (6 bytes)
Event: 0.212 Thread 0x000002cb33ccebe0 nmethod 343 0x000002cb17d2ec10 code [0x000002cb17d2eda0, 0x000002cb17d2eef8]
Event: 0.212 Thread 0x000002cb33b64680 nmethod 342 0x000002cb17d2ef90 code [0x000002cb17d2f120, 0x000002cb17d2f318]
Event: 0.212 Thread 0x000002cb33b64680  347       3       java.util.regex.Pattern$SliceI::match (96 bytes)
Event: 0.213 Thread 0x000002cb33ccb6b0 nmethod 344 0x000002cb17d2f410 code [0x000002cb17d2f5c0, 0x000002cb17d2f818]
Event: 0.213 Thread 0x000002cb33ccebe0  345       3       java.lang.StringLatin1::getChar (9 bytes)
Event: 0.213 Thread 0x000002cb33ccebe0 nmethod 345 0x000002cb17d2f910 code [0x000002cb17d2faa0, 0x000002cb17d2fbb8]
Event: 0.213 Thread 0x000002cb33b64680 nmethod 347 0x000002cb17d2fc90 code [0x000002cb17d2fe80, 0x000002cb17d304d8]
Event: 0.213 Thread 0x000002cb33b63c90 nmethod 321 0x000002cb1f864d90 code [0x000002cb1f864f40, 0x000002cb1f8657f8]
Event: 0.213 Thread 0x000002cb33b63c90  338       4       java.util.Objects::requireNonNull (14 bytes)
Event: 0.214 Thread 0x000002cb33b63c90 nmethod 338 0x000002cb1f865c90 code [0x000002cb1f865e00, 0x000002cb1f865e78]
Event: 0.214 Thread 0x000002cb33b63c90  346       4       java.lang.Math::min (11 bytes)
Event: 0.217 Thread 0x000002cb33b63c90 nmethod 346 0x000002cb1f865f90 code [0x000002cb1f866100, 0x000002cb1f866158]
Event: 0.217 Thread 0x000002cb33b63c90  348 %     4       java.lang.StringLatin1::lastIndexOf @ 18 (40 bytes)
Event: 0.217 Thread 0x000002cb33ccb6b0  349       3       jdk.internal.module.ModuleReferenceImpl::hashCode (56 bytes)
Event: 0.218 Thread 0x000002cb33ccb6b0 nmethod 349 0x000002cb17d30710 code [0x000002cb17d30900, 0x000002cb17d30d88]
Event: 0.219 Thread 0x000002cb33b63c90 nmethod 348% 0x000002cb1f866690 code [0x000002cb1f866820, 0x000002cb1f8669f8]

GC Heap History (0 events):
No events

Dll operation events (1 events):
Event: 0.004 Loaded shared library C:\Program Files\Android\Android Studio\jbr\bin\java.dll

Deoptimization events (0 events):
No events

Classes unloaded (0 events):
No events

Classes redefined (0 events):
No events

Internal exceptions (7 events):
Event: 0.179 Thread 0x000002cb147dfc50 Exception <a 'sun/nio/fs/WindowsException'{0x00000007157278e0}> (0x00000007157278e0) 
thrown [s\src\hotspot\share\prims\jni.cpp, line 517]
Event: 0.192 Thread 0x000002cb147dfc50 Exception <a 'java/lang/NoSuchMethodError'{0x0000000715752b80}: 'int java.lang.invoke.DirectMethodHandle$Holder.invokeStaticInit(java.lang.Object, java.lang.Object, java.lang.Object, java.lang.Object)'> (0x0000000715752b80) 
thrown [s\src\hotspot\share\interpreter\linkResolver.cpp, line 771]
Event: 0.193 Thread 0x000002cb147dfc50 Exception <a 'java/lang/NoSuchMethodError'{0x000000071575db98}: 'java.lang.Object java.lang.invoke.DirectMethodHandle$Holder.invokeInterface(java.lang.Object, java.lang.Object)'> (0x000000071575db98) 
thrown [s\src\hotspot\share\interpreter\linkResolver.cpp, line 771]
Event: 0.193 Thread 0x000002cb147dfc50 Exception <a 'java/lang/IncompatibleClassChangeError'{0x00000007157614b8}: Found class java.lang.Object, but interface was expected> (0x00000007157614b8) 
thrown [s\src\hotspot\share\interpreter\linkResolver.cpp, line 838]
Event: 0.195 Thread 0x000002cb147dfc50 Exception <a 'java/lang/NoSuchMethodError'{0x0000000715764868}: 'void java.lang.invoke.DirectMethodHandle$Holder.invokeStatic(java.lang.Object, java.lang.Object)'> (0x0000000715764868) 
thrown [s\src\hotspot\share\interpreter\linkResolver.cpp, line 771]
Event: 0.195 Thread 0x000002cb147dfc50 Exception <a 'java/lang/NoSuchMethodError'{0x0000000715768180}: 'void java.lang.invoke.DirectMethodHandle$Holder.invokeStaticInit(java.lang.Object, java.lang.Object)'> (0x0000000715768180) 
thrown [s\src\hotspot\share\interpreter\linkResolver.cpp, line 771]
Event: 0.197 Thread 0x000002cb147dfc50 Exception <a 'java/lang/NoSuchMethodError'{0x000000071576ea18}: 'int java.lang.invoke.DirectMethodHandle$Holder.invokeStaticInit(java.lang.Object, java.lang.Object)'> (0x000000071576ea18) 
thrown [s\src\hotspot\share\interpreter\linkResolver.cpp, line 771]

VM Operations (4 events):
Event: 0.090 Executing VM operation: HandshakeAllThreads
Event: 0.090 Executing VM operation: HandshakeAllThreads done
Event: 0.105 Executing VM operation: HandshakeAllThreads
Event: 0.105 Executing VM operation: HandshakeAllThreads done

Events (20 events):
Event: 0.217 loading class java/lang/UnsupportedOperationException
Event: 0.217 loading class java/lang/UnsupportedOperationException done
Event: 0.218 loading class java/security/MessageDigest
Event: 0.218 loading class java/security/MessageDigestSpi
Event: 0.218 loading class java/security/MessageDigestSpi done
Event: 0.218 loading class java/security/MessageDigest done
Event: 0.218 loading class sun/security/provider/SHA
Event: 0.218 loading class sun/security/provider/DigestBase
Event: 0.218 loading class sun/security/provider/DigestBase done
Event: 0.218 loading class sun/security/provider/SHA done
Event: 0.219 loading class sun/security/jca/GetInstance$Instance
Event: 0.219 loading class sun/security/jca/GetInstance$Instance done
Event: 0.219 loading class java/security/MessageDigest$Delegate
Event: 0.219 loading class sun/security/util/MessageDigestSpi2
Event: 0.219 loading class sun/security/util/MessageDigestSpi2 done
Event: 0.219 loading class java/security/MessageDigest$Delegate done
Event: 0.219 loading class java/security/MessageDigest$Delegate$CloneableDelegate
Event: 0.219 loading class java/security/MessageDigest$Delegate$CloneableDelegate done
Event: 0.219 loading class java/security/Signature$Delegate
Event: 0.219 loading class java/security/Signature$Delegate done


Dynamic libraries:
0x00007ff6aa110000 - 0x00007ff6aa11a000 	C:\Program Files\Android\Android Studio\jbr\bin\java.exe
0x00007ffc6bbf0000 - 0x00007ffc6be07000 	C:\WINDOWS\SYSTEM32\ntdll.dll
0x00007ffc6b270000 - 0x00007ffc6b334000 	C:\WINDOWS\System32\KERNEL32.DLL
0x00007ffc69510000 - 0x00007ffc698b6000 	C:\WINDOWS\System32\KERNELBASE.dll
0x00007ffc68f60000 - 0x00007ffc69071000 	C:\WINDOWS\System32\ucrtbase.dll
0x00007ffc4d260000 - 0x00007ffc4d277000 	C:\Program Files\Android\Android Studio\jbr\bin\jli.dll
0x00007ffc2e3a0000 - 0x00007ffc2e3bb000 	C:\Program Files\Android\Android Studio\jbr\bin\VCRUNTIME140.dll
0x00007ffc6b570000 - 0x00007ffc6b71e000 	C:\WINDOWS\System32\USER32.dll
0x00007ffc69300000 - 0x00007ffc69326000 	C:\WINDOWS\System32\win32u.dll
0x00007ffc4f9f0000 - 0x00007ffc4fc83000 	C:\WINDOWS\WinSxS\amd64_microsoft.windows.common-controls_6595b64144ccf1df_6.0.22621.2506_none_270c5ae97388e100\COMCTL32.dll
0x00007ffc6b530000 - 0x00007ffc6b559000 	C:\WINDOWS\System32\GDI32.dll
0x00007ffc699f0000 - 0x00007ffc69a97000 	C:\WINDOWS\System32\msvcrt.dll
0x00007ffc69080000 - 0x00007ffc69198000 	C:\WINDOWS\System32\gdi32full.dll
0x00007ffc691a0000 - 0x00007ffc6923a000 	C:\WINDOWS\System32\msvcp_win.dll
0x00007ffc6b4f0000 - 0x00007ffc6b521000 	C:\WINDOWS\System32\IMM32.DLL
0x00007ffc4cf20000 - 0x00007ffc4cf2c000 	C:\Program Files\Android\Android Studio\jbr\bin\vcruntime140_1.dll
0x00007ffbf2420000 - 0x00007ffbf24ad000 	C:\Program Files\Android\Android Studio\jbr\bin\msvcp140.dll
0x00007ffbf14d0000 - 0x00007ffbf2150000 	C:\Program Files\Android\Android Studio\jbr\bin\server\jvm.dll
0x00007ffc69aa0000 - 0x00007ffc69b53000 	C:\WINDOWS\System32\ADVAPI32.dll
0x00007ffc6bb00000 - 0x00007ffc6bba8000 	C:\WINDOWS\System32\sechost.dll
0x00007ffc68f30000 - 0x00007ffc68f58000 	C:\WINDOWS\System32\bcrypt.dll
0x00007ffc6b3b0000 - 0x00007ffc6b4c7000 	C:\WINDOWS\System32\RPCRT4.dll
0x00007ffc5da50000 - 0x00007ffc5da84000 	C:\WINDOWS\SYSTEM32\WINMM.dll
0x00007ffc62e00000 - 0x00007ffc62e09000 	C:\WINDOWS\SYSTEM32\WSOCK32.dll
0x00007ffc562d0000 - 0x00007ffc562da000 	C:\WINDOWS\SYSTEM32\VERSION.dll
0x00007ffc6b1f0000 - 0x00007ffc6b261000 	C:\WINDOWS\System32\WS2_32.dll
0x00007ffc68060000 - 0x00007ffc68078000 	C:\WINDOWS\SYSTEM32\kernel.appcore.dll
0x00007ffc62df0000 - 0x00007ffc62dfa000 	C:\Program Files\Android\Android Studio\jbr\bin\jimage.dll
0x00007ffc66780000 - 0x00007ffc669b3000 	C:\WINDOWS\SYSTEM32\DBGHELP.DLL
0x00007ffc6ae60000 - 0x00007ffc6b1e9000 	C:\WINDOWS\System32\combase.dll
0x00007ffc6b7b0000 - 0x00007ffc6b887000 	C:\WINDOWS\System32\OLEAUT32.dll
0x00007ffc3e540000 - 0x00007ffc3e572000 	C:\WINDOWS\SYSTEM32\dbgcore.DLL
0x00007ffc698c0000 - 0x00007ffc6993a000 	C:\WINDOWS\System32\bcryptPrimitives.dll
0x00007ffc57c80000 - 0x00007ffc57ca5000 	C:\Program Files\Android\Android Studio\jbr\bin\java.dll
0x00007ffc55680000 - 0x00007ffc55698000 	C:\Program Files\Android\Android Studio\jbr\bin\zip.dll
0x00007ffc6a440000 - 0x00007ffc6ac9b000 	C:\WINDOWS\System32\SHELL32.dll
0x00007ffc66e50000 - 0x00007ffc67746000 	C:\WINDOWS\SYSTEM32\windows.storage.dll
0x00007ffc66d10000 - 0x00007ffc66e4e000 	C:\WINDOWS\SYSTEM32\wintypes.dll
0x00007ffc69b60000 - 0x00007ffc69c53000 	C:\WINDOWS\System32\SHCORE.dll
0x00007ffc6a280000 - 0x00007ffc6a2de000 	C:\WINDOWS\System32\shlwapi.dll
0x00007ffc68e60000 - 0x00007ffc68e86000 	C:\WINDOWS\SYSTEM32\profapi.dll
0x00007ffc62d40000 - 0x00007ffc62d59000 	C:\Program Files\Android\Android Studio\jbr\bin\net.dll
0x00007ffc60360000 - 0x00007ffc60497000 	C:\WINDOWS\SYSTEM32\WINHTTP.dll
0x00007ffc684e0000 - 0x00007ffc68549000 	C:\WINDOWS\system32\mswsock.dll
0x00007ffc4fcb0000 - 0x00007ffc4fcc6000 	C:\Program Files\Android\Android Studio\jbr\bin\nio.dll

dbghelp: loaded successfully - version: 4.0.5 - missing functions: none
symbol engine: initialized successfully - sym options: 0x614 - pdb path: .;C:\Program Files\Android\Android Studio\jbr\bin;C:\WINDOWS\SYSTEM32;C:\WINDOWS\WinSxS\amd64_microsoft.windows.common-controls_6595b64144ccf1df_6.0.22621.2506_none_270c5ae97388e100;C:\Program Files\Android\Android Studio\jbr\bin\server

VM Arguments:
java_command: git4idea.http.GitAskPassApp Password for 'https://Aditya-stark@github.com': 
java_class_path (initial): C:/Program Files/Android/Android Studio/plugins/vcs-git/lib/git4idea-rt.jar;C:/Program Files/Android/Android Studio/lib/externalProcess-rt.jar
Launcher Type: SUN_STANDARD

[Global flags]
     intx CICompilerCount                          = 12                                        {product} {ergonomic}
     uint ConcGCThreads                            = 3                                         {product} {ergonomic}
     uint G1ConcRefinementThreads                  = 13                                        {product} {ergonomic}
   size_t G1HeapRegionSize                         = 2097152                                   {product} {ergonomic}
    uintx GCDrainStackTargetSize                   = 64                                        {product} {ergonomic}
   size_t InitialHeapSize                          = 262144000                                 {product} {ergonomic}
   size_t MarkStackSize                            = 4194304                                   {product} {ergonomic}
   size_t MaxHeapSize                              = 4194304000                                {product} {ergonomic}
   size_t MaxNewSize                               = 2516582400                                {product} {ergonomic}
   size_t MinHeapDeltaBytes                        = 2097152                                   {product} {ergonomic}
   size_t MinHeapSize                              = 8388608                                   {product} {ergonomic}
    uintx NonNMethodCodeHeapSize                   = 7602480                                {pd product} {ergonomic}
    uintx NonProfiledCodeHeapSize                  = 122027880                              {pd product} {ergonomic}
    uintx ProfiledCodeHeapSize                     = 122027880                              {pd product} {ergonomic}
    uintx ReservedCodeCacheSize                    = 251658240                              {pd product} {ergonomic}
     bool SegmentedCodeCache                       = true                                      {product} {ergonomic}
   size_t SoftMaxHeapSize                          = 4194304000                             {manageable} {ergonomic}
     bool UseCompressedClassPointers               = true                           {product lp64_product} {ergonomic}
     bool UseCompressedOops                        = true                           {product lp64_product} {ergonomic}
     bool UseG1GC                                  = true                                      {product} {ergonomic}
     bool UseLargePagesIndividualAllocation        = false                                  {pd product} {ergonomic}

Logging:
Log output configuration:
 #0: stdout all=warning uptime,level,tags
 #1: stderr all=off uptime,level,tags

Environment Variables:
PATH=C:\Program Files\Git\mingw64\libexec\git-core;C:\Program Files\Git\mingw64\libexec\git-core;C:\Program Files\Git\mingw64\bin;C:\Program Files\Git\usr\bin;C:\Users\Aditya\bin;C:\Program Files\Common Files\Oracle\Java\javapath;C:\WINDOWS\system32;C:\WINDOWS;C:\WINDOWS\System32\Wbem;C:\WINDOWS\System32\WindowsPowerShell\v1.0;C:\WINDOWS\System32\OpenSSH;C:\MinGW\bin;C:\Program Files\Microsoft SQL Server\150\Tools\Binn;C:\Program Files (x86)\Microsoft SQL Server\100\Tools\Binn;C:\Program Files\Microsoft SQL Server\100\Tools\Binn;C:\Program Files\Microsoft SQL Server\100\DTS\Binn;C:\Program Files\dotnet;C:\Program Files\nodejs;C:\Program Files\Git\cmd;C:\Program Files\Git\mingw64\bin;C:\Program Files\Git\usr\bin;C:\Program Files\Cloudflare\Cloudflare WARP;C:\Users\Aditya\AppData\Local\Microsoft\WindowsApps;C:\Users\Aditya\AppData\Local\Programs\Microsoft VS Code\bin;C:\Program Files\JetBrains\IntelliJ IDEA Community Edition 2023.1.3\bin;C:\MinGW\bin;C:\Users\Aditya\.dotnet\tools;C:\Users\Aditya\AppData\Roaming\npm;C:\Users\Aditya\AppData\Local\GitHubDesktop\bin
USERNAME=Aditya
DISPLAY=:0.0
LC_ALL=en_US.UTF-8
TERM=xterm-256color
TMPDIR=C:\Users\Aditya\AppData\Local\Temp
OS=Windows_NT
PROCESSOR_IDENTIFIER=Intel64 Family 6 Model 154 Stepping 3, GenuineIntel
TMP=C:\Users\Aditya\AppData\Local\Temp
TEMP=C:\Users\Aditya\AppData\Local\Temp


JNI global refs:
JNI global refs: 16, weak refs: 0

JNI global refs memory usage: 843, weak refs: 209

OOME stack traces (most recent first):
Classloader memory used:
Loader bootstrap                                                                       : 1128K
Loader jdk.internal.loader.ClassLoaders$PlatformClassLoader                            : 7818B
Loader jdk.internal.loader.ClassLoaders$AppClassLoader                                 : 1610B


---------------  S Y S T E M  ---------------

OS:
 Windows 11 , 64 bit Build 22621 (10.0.22621.3085)
OS uptime: 0 days 2:16 hours
Hyper-V role detected

CPU: total 16 (initial active 16) (8 cores per cpu, 2 threads per core) family 6 model 154 stepping 3 microcode 0x423, cx8, cmov, fxsr, ht, mmx, 3dnowpref, sse, sse2, sse3, ssse3, sse4.1, sse4.2, popcnt, lzcnt, tsc, tscinvbit, avx, avx2, aes, erms, clmul, bmi1, bmi2, adx, sha, fma, vzeroupper, clflush, clflushopt, clwb, hv

Memory: 4k page, system-wide physical 15996M (3221M free)
TotalPageFile size 15996M (AvailPageFile size 5M)
current process WorkingSet (physical memory assigned to process): 44M, peak: 44M
current process commit charge ("private bytes"): 348M, peak: 349M

vm_info: OpenJDK 64-Bit Server VM (17.0.7+0-b2043.56-10550314) for windows-amd64 JRE (17.0.7+0-b2043.56-10550314), built on Jul 24 2023 18:27:45 by "androidbuild" with MS VC++ 16.10 / 16.11 (VS2019)

END.
