#
# There is insufficient memory for the Java Runtime Environment to continue.
# Native memory allocation (mmap) failed to map 262144000 bytes for G1 virtual space
# Possible reasons:
#   The system is out of physical RAM or swap space
#   The process is running with CompressedOops enabled, and the Java Heap may be blocking the growth of the native heap
# Possible solutions:
#   Reduce memory load on the system
#   Increase physical memory or swap space
#   Check if swap backing store is full
#   Decrease Java heap size (-Xmx/-Xms)
#   Decrease number of Java threads
#   Decrease Java thread stack sizes (-Xss)
#   Set larger code cache with -XX:ReservedCodeCacheSize=
#   JVM is running with Zero Based Compressed Oops mode in which the Java heap is
#     placed in the first 32GB address space. The Java Heap base address is the
#     maximum limit for the native heap growth. Please use -XX:HeapBaseMinAddress
#     to set the Java Heap base and to place the Java Heap above 32GB virtual address.
# This output file may be truncated or incomplete.
#
#  Out of Memory Error (os_windows.cpp:3825), pid=23420, tid=8684
#
# JRE version:  (17.0.9) (build )
# Java VM: OpenJDK 64-Bit Server VM (17.0.9+0--11185874, mixed mode, sharing, tiered, compressed oops, compressed class ptrs, g1 gc, windows-amd64)
# No core dump will be written. Minidumps are not enabled by default on client versions of Windows
#

---------------  S U M M A R Y ------------

Command Line: git4idea.http.GitAskPassApp Username for 'https://github.com': 

Host: 12th Gen Intel(R) Core(TM) i5-1240P, 16 cores, 15G,  Windows 11 , 64 bit Build 22621 (10.0.22621.3235)
Time: Fri Mar 22 18:09:10 2024 India Standard Time elapsed time: 0.011489 seconds (0d 0h 0m 0s)

---------------  T H R E A D  ---------------

Current thread (0x0000020923b6a6f0):  JavaThread "Unknown thread" [_thread_in_vm, id=8684, stack(0x000000f7a2c00000,0x000000f7a2d00000)]

Stack: [0x000000f7a2c00000,0x000000f7a2d00000]
Native frames: (J=compiled Java code, j=interpreted, Vv=VM code, C=native code)
V  [jvm.dll+0x6886e9]
V  [jvm.dll+0x841e4a]
V  [jvm.dll+0x843a8e]
V  [jvm.dll+0x8440f3]
V  [jvm.dll+0x24c14f]
V  [jvm.dll+0x685499]
V  [jvm.dll+0x679c2a]
V  [jvm.dll+0x30cf9b]
V  [jvm.dll+0x314446]
V  [jvm.dll+0x36425e]
V  [jvm.dll+0x36448f]
V  [jvm.dll+0x2e2d68]
V  [jvm.dll+0x2e3cd4]
V  [jvm.dll+0x8129f1]
V  [jvm.dll+0x3720c1]
V  [jvm.dll+0x7f152c]
V  [jvm.dll+0x3f5d4f]
V  [jvm.dll+0x3f7981]
C  [jli.dll+0x528f]
C  [ucrtbase.dll+0x29363]
C  [KERNEL32.DLL+0x1257d]
C  [ntdll.dll+0x5aa58]


---------------  P R O C E S S  ---------------

Threads class SMR info:
_java_thread_list=0x00007ffdd2b8ef18, length=0, elements={
}

Java Threads: ( => current thread )

Other Threads:
  0x0000020923bd5f60 GCTaskThread "GC Thread#0" [stack: 0x000000f7a2d00000,0x000000f7a2e00000] [id=17824]
  0x0000020923be88d0 ConcurrentGCThread "G1 Main Marker" [stack: 0x000000f7a2e00000,0x000000f7a2f00000] [id=20904]
  0x0000020923be92f0 ConcurrentGCThread "G1 Conc#0" [stack: 0x000000f7a2f00000,0x000000f7a3000000] [id=21956]

[error occurred during error reporting (printing all threads), id 0xc0000005, EXCEPTION_ACCESS_VIOLATION (0xc0000005) at pc=0x00007ffdd2343937]

VM state: not at safepoint (not fully initialized)

VM Mutex/Monitor currently owned by a thread:  ([mutex/lock_event])
[0x0000020923b66a30] Heap_lock - owner thread: 0x0000020923b6a6f0

Heap address: 0x0000000706000000, size: 4000 MB, Compressed Oops mode: Zero based, Oop shift amount: 3

CDS archive(s) mapped at: [0x0000000000000000-0x0000000000000000-0x0000000000000000), size 0, SharedBaseAddress: 0x0000000800000000, ArchiveRelocationMode: 1.
Narrow klass base: 0x0000000000000000, Narrow klass shift: 0, Narrow klass range: 0x0

GC Precious Log:
<Empty>

Heap:
 garbage-first heap   total 0K, used 0K [0x0000000706000000, 0x0000000800000000)
  region size 2048K, 0 young (0K), 0 survivors (0K)
 Metaspace       used 0K, committed 0K, reserved 0K
  class space    used 0K, committed 0K, reserved 0K

Heap Regions: E=young(eden), S=young(survivor), O=old, HS=humongous(starts), HC=humongous(continues), CS=collection set, F=free, OA=open archive, CA=closed archive, TAMS=top-at-mark-start (previous, next)

Card table byte_map: [0x0000020937080000,0x0000020937850000] _byte_map_base: 0x0000020933850000

Marking Bits (Prev, Next): (CMBitMap*) 0x0000020923bd6580, (CMBitMap*) 0x0000020923bd65c0
 Prev Bits: [0x0000020938020000, 0x000002093bea0000)
 Next Bits: [0x000002093bea0000, 0x000002093fd20000)

GC Heap History (0 events):
No events

Dll operation events (1 events):
Event: 0.007 Loaded shared library C:\Program Files\Android\Android Studio\jbr\bin\java.dll

Deoptimization events (0 events):
No events

Classes unloaded (0 events):
No events

Classes redefined (0 events):
No events

Internal exceptions (0 events):
No events

VM Operations (0 events):
No events

Events (0 events):
No events


Dynamic libraries:
0x00007ff798540000 - 0x00007ff79854a000 	C:\Program Files\Android\Android Studio\jbr\bin\java.exe
0x00007ffe56d90000 - 0x00007ffe56fa6000 	C:\WINDOWS\SYSTEM32\ntdll.dll
0x00007ffe55810000 - 0x00007ffe558d4000 	C:\WINDOWS\System32\KERNEL32.DLL
0x00007ffe541f0000 - 0x00007ffe54596000 	C:\WINDOWS\System32\KERNELBASE.dll
0x00007ffe4e160000 - 0x00007ffe4e1f7000 	C:\WINDOWS\SYSTEM32\apphelp.dll
0x00007ffe540d0000 - 0x00007ffe541e1000 	C:\WINDOWS\System32\ucrtbase.dll
0x00007ffe39c50000 - 0x00007ffe39c6b000 	C:\Program Files\Android\Android Studio\jbr\bin\VCRUNTIME140.dll
0x00007ffe39ac0000 - 0x00007ffe39ad7000 	C:\Program Files\Android\Android Studio\jbr\bin\jli.dll
0x00007ffe565a0000 - 0x00007ffe5674d000 	C:\WINDOWS\System32\USER32.dll
0x00007ffe54880000 - 0x00007ffe548a6000 	C:\WINDOWS\System32\win32u.dll
0x00007ffe38e20000 - 0x00007ffe390b3000 	C:\WINDOWS\WinSxS\amd64_microsoft.windows.common-controls_6595b64144ccf1df_6.0.22621.3235_none_270f74e173860f98\COMCTL32.dll
0x00007ffe54af0000 - 0x00007ffe54b19000 	C:\WINDOWS\System32\GDI32.dll
0x00007ffe55ef0000 - 0x00007ffe55f97000 	C:\WINDOWS\System32\msvcrt.dll
0x00007ffe549c0000 - 0x00007ffe54ad8000 	C:\WINDOWS\System32\gdi32full.dll
0x00007ffe54920000 - 0x00007ffe549ba000 	C:\WINDOWS\System32\msvcp_win.dll
0x00007ffe56c60000 - 0x00007ffe56c91000 	C:\WINDOWS\System32\IMM32.DLL
0x00007ffe48820000 - 0x00007ffe4882c000 	C:\Program Files\Android\Android Studio\jbr\bin\vcruntime140_1.dll
0x00007ffe30460000 - 0x00007ffe304ed000 	C:\Program Files\Android\Android Studio\jbr\bin\msvcp140.dll
0x00007ffdd2050000 - 0x00007ffdd2cd3000 	C:\Program Files\Android\Android Studio\jbr\bin\server\jvm.dll
0x00007ffe56000000 - 0x00007ffe560b2000 	C:\WINDOWS\System32\ADVAPI32.dll
0x00007ffe54f00000 - 0x00007ffe54fa8000 	C:\WINDOWS\System32\sechost.dll
0x00007ffe545a0000 - 0x00007ffe545c8000 	C:\WINDOWS\System32\bcrypt.dll
0x00007ffe54c20000 - 0x00007ffe54d35000 	C:\WINDOWS\System32\RPCRT4.dll
0x00007ffe52f40000 - 0x00007ffe52f8d000 	C:\WINDOWS\SYSTEM32\POWRPROF.dll
0x00007ffe4c4a0000 - 0x00007ffe4c4a9000 	C:\WINDOWS\SYSTEM32\WSOCK32.dll
0x00007ffe56be0000 - 0x00007ffe56c51000 	C:\WINDOWS\System32\WS2_32.dll
0x00007ffe485f0000 - 0x00007ffe48624000 	C:\WINDOWS\SYSTEM32\WINMM.dll
0x00007ffe36030000 - 0x00007ffe3603a000 	C:\WINDOWS\SYSTEM32\VERSION.dll
0x00007ffe52f20000 - 0x00007ffe52f33000 	C:\WINDOWS\SYSTEM32\UMPDC.dll
0x00007ffe53200000 - 0x00007ffe53218000 	C:\WINDOWS\SYSTEM32\kernel.appcore.dll
0x00007ffe49620000 - 0x00007ffe4962a000 	C:\Program Files\Android\Android Studio\jbr\bin\jimage.dll
0x00007ffe51490000 - 0x00007ffe516c3000 	C:\WINDOWS\SYSTEM32\DBGHELP.DLL
0x00007ffe55a00000 - 0x00007ffe55d88000 	C:\WINDOWS\System32\combase.dll
0x00007ffe56750000 - 0x00007ffe56827000 	C:\WINDOWS\System32\OLEAUT32.dll
0x00007ffe2a280000 - 0x00007ffe2a2b2000 	C:\WINDOWS\SYSTEM32\dbgcore.DLL
0x00007ffe54740000 - 0x00007ffe547ba000 	C:\WINDOWS\System32\bcryptPrimitives.dll
0x00007ffe48850000 - 0x00007ffe48875000 	C:\Program Files\Android\Android Studio\jbr\bin\java.dll

dbghelp: loaded successfully - version: 4.0.5 - missing functions: none
symbol engine: initialized successfully - sym options: 0x614 - pdb path: .;C:\Program Files\Android\Android Studio\jbr\bin;C:\WINDOWS\SYSTEM32;C:\WINDOWS\WinSxS\amd64_microsoft.windows.common-controls_6595b64144ccf1df_6.0.22621.3235_none_270f74e173860f98;C:\Program Files\Android\Android Studio\jbr\bin\server

VM Arguments:
java_command: git4idea.http.GitAskPassApp Username for 'https://github.com': 
java_class_path (initial): C:/Program Files/Android/Android Studio/plugins/vcs-git/lib/git4idea-rt.jar;C:/Program Files/Android/Android Studio/lib/externalProcess-rt.jar
Launcher Type: SUN_STANDARD

[Global flags]
     intx CICompilerCount                          = 12                                        {product} {ergonomic}
     uint ConcGCThreads                            = 3                                         {product} {ergonomic}
     uint G1ConcRefinementThreads                  = 13                                        {product} {ergonomic}
   size_t G1HeapRegionSize                         = 2097152                                   {product} {ergonomic}
    uintx GCDrainStackTargetSize                   = 64                                        {product} {ergonomic}
   size_t InitialHeapSize                          = 262144000                                 {product} {ergonomic}
   size_t MarkStackSize                            = 4194304                                   {product} {ergonomic}
   size_t MaxHeapSize                              = 4194304000                                {product} {ergonomic}
   size_t MinHeapDeltaBytes                        = 2097152                                   {product} {ergonomic}
   size_t MinHeapSize                              = 8388608                                   {product} {ergonomic}
    uintx NonNMethodCodeHeapSize                   = 7602480                                {pd product} {ergonomic}
    uintx NonProfiledCodeHeapSize                  = 122027880                              {pd product} {ergonomic}
    uintx ProfiledCodeHeapSize                     = 122027880                              {pd product} {ergonomic}
    uintx ReservedCodeCacheSize                    = 251658240                              {pd product} {ergonomic}
     bool SegmentedCodeCache                       = true                                      {product} {ergonomic}
   size_t SoftMaxHeapSize                          = 4194304000                             {manageable} {ergonomic}
     bool UseCompressedClassPointers               = true                           {product lp64_product} {ergonomic}
     bool UseCompressedOops                        = true                           {product lp64_product} {ergonomic}
     bool UseG1GC                                  = true                                      {product} {ergonomic}
     bool UseLargePagesIndividualAllocation        = false                                  {pd product} {ergonomic}

Logging:
Log output configuration:
 #0: stdout all=warning uptime,level,tags
 #1: stderr all=off uptime,level,tags

Environment Variables:
PATH=C:\Program Files\Git\mingw64\libexec\git-core;C:\Program Files\Git\mingw64\libexec\git-core;C:\Program Files\Git\mingw64\bin;C:\Program Files\Git\usr\bin;C:\Users\Aditya\bin;C:\Program Files\Common Files\Oracle\Java\javapath;C:\WINDOWS\system32;C:\WINDOWS;C:\WINDOWS\System32\Wbem;C:\WINDOWS\System32\WindowsPowerShell\v1.0;C:\WINDOWS\System32\OpenSSH;C:\MinGW\bin;C:\Program Files\Microsoft SQL Server\150\Tools\Binn;C:\Program Files (x86)\Microsoft SQL Server\100\Tools\Binn;C:\Program Files\Microsoft SQL Server\100\Tools\Binn;C:\Program Files\Microsoft SQL Server\100\DTS\Binn;C:\Program Files\dotnet;C:\Program Files\nodejs;C:\Program Files\Git\cmd;C:\Program Files\Git\mingw64\bin;C:\Program Files\Git\usr\bin;C:\Program Files\Cloudflare\Cloudflare WARP;C:\Users\Aditya\AppData\Local\Microsoft\WindowsApps;C:\Users\Aditya\AppData\Local\Programs\Microsoft VS Code\bin;C:\Program Files\JetBrains\IntelliJ IDEA Community Edition 2023.1.3\bin;C:\MinGW\bin;C:\Users\Aditya\.dotnet\tools;C:\Users\Aditya\AppData\Roaming\npm;C:\Users\Aditya\AppData\Local\GitHubDesktop\bin
USERNAME=Aditya
DISPLAY=:0.0
LC_ALL=en_US.UTF-8
TERM=xterm-256color
TMPDIR=C:\Users\Aditya\AppData\Local\Temp
OS=Windows_NT
PROCESSOR_IDENTIFIER=Intel64 Family 6 Model 154 Stepping 3, GenuineIntel
TMP=C:\Users\Aditya\AppData\Local\Temp
TEMP=C:\Users\Aditya\AppData\Local\Temp



Periodic native trim disabled

JNI global refs:
JNI global refs: 0, weak refs: 0

JNI global refs memory usage: 0, weak refs: 0

OOME stack traces (most recent first):
Classloader memory used:


---------------  S Y S T E M  ---------------

OS:
 Windows 11 , 64 bit Build 22621 (10.0.22621.3235)
OS uptime: 0 days 6:17 hours
Hyper-V role detected

CPU: total 16 (initial active 16) (8 cores per cpu, 2 threads per core) family 6 model 154 stepping 3 microcode 0x423, cx8, cmov, fxsr, ht, mmx, 3dnowpref, sse, sse2, sse3, ssse3, sse4.1, sse4.2, popcnt, lzcnt, tsc, tscinvbit, avx, avx2, aes, erms, clmul, bmi1, bmi2, adx, sha, fma, vzeroupper, clflush, clflushopt, clwb, hv
Processor Information for processor 0
  Max Mhz: 2100, Current Mhz: 1776, Mhz Limit: 1764
Processor Information for processor 1
  Max Mhz: 2100, Current Mhz: 1776, Mhz Limit: 1764
Processor Information for processor 2
  Max Mhz: 2100, Current Mhz: 1776, Mhz Limit: 1764
Processor Information for processor 3
  Max Mhz: 2100, Current Mhz: 1776, Mhz Limit: 1764
Processor Information for processor 4
  Max Mhz: 2100, Current Mhz: 1776, Mhz Limit: 1764
Processor Information for processor 5
  Max Mhz: 2100, Current Mhz: 1776, Mhz Limit: 1764
Processor Information for processor 6
  Max Mhz: 2100, Current Mhz: 1776, Mhz Limit: 1764
Processor Information for processor 7
  Max Mhz: 2100, Current Mhz: 1776, Mhz Limit: 1764
Processor Information for processor 8
  Max Mhz: 2100, Current Mhz: 1200, Mhz Limit: 1197
Processor Information for processor 9
  Max Mhz: 2100, Current Mhz: 1200, Mhz Limit: 1197
Processor Information for processor 10
  Max Mhz: 2100, Current Mhz: 1200, Mhz Limit: 1197
Processor Information for processor 11
  Max Mhz: 2100, Current Mhz: 1200, Mhz Limit: 1197
Processor Information for processor 12
  Max Mhz: 2100, Current Mhz: 1200, Mhz Limit: 1197
Processor Information for processor 13
  Max Mhz: 2100, Current Mhz: 1200, Mhz Limit: 1197
Processor Information for processor 14
  Max Mhz: 2100, Current Mhz: 1200, Mhz Limit: 1197
Processor Information for processor 15
  Max Mhz: 2100, Current Mhz: 1200, Mhz Limit: 1197

Memory: 4k page, system-wide physical 15996M (2585M free)
TotalPageFile size 15996M (AvailPageFile size 186M)
current process WorkingSet (physical memory assigned to process): 12M, peak: 12M
current process commit charge ("private bytes"): 71M, peak: 321M

vm_info: OpenJDK 64-Bit Server VM (17.0.9+0--11185874) for windows-amd64 JRE (17.0.9+0--11185874), built on Dec  6 2023 18:57:44 by "androidbuild" with MS VC++ 16.10 / 16.11 (VS2019)

END.
